/usr/local/miniconda3/envs/dl10/lib/python3.6/site-packages/tensorboard/compat/tensorflow_stub/dtypes.py:541: FutureWarning: Passing (type, 1) or '1type' as a synonym of type is deprecated; in a future version of numpy, it will be understood as (type, (1,)) / '(1,)type'.
  _np_qint8 = np.dtype([("qint8", np.int8, 1)])
/usr/local/miniconda3/envs/dl10/lib/python3.6/site-packages/tensorboard/compat/tensorflow_stub/dtypes.py:542: FutureWarning: Passing (type, 1) or '1type' as a synonym of type is deprecated; in a future version of numpy, it will be understood as (type, (1,)) / '(1,)type'.
  _np_quint8 = np.dtype([("quint8", np.uint8, 1)])
/usr/local/miniconda3/envs/dl10/lib/python3.6/site-packages/tensorboard/compat/tensorflow_stub/dtypes.py:543: FutureWarning: Passing (type, 1) or '1type' as a synonym of type is deprecated; in a future version of numpy, it will be understood as (type, (1,)) / '(1,)type'.
  _np_qint16 = np.dtype([("qint16", np.int16, 1)])
/usr/local/miniconda3/envs/dl10/lib/python3.6/site-packages/tensorboard/compat/tensorflow_stub/dtypes.py:544: FutureWarning: Passing (type, 1) or '1type' as a synonym of type is deprecated; in a future version of numpy, it will be understood as (type, (1,)) / '(1,)type'.
  _np_quint16 = np.dtype([("quint16", np.uint16, 1)])
/usr/local/miniconda3/envs/dl10/lib/python3.6/site-packages/tensorboard/compat/tensorflow_stub/dtypes.py:545: FutureWarning: Passing (type, 1) or '1type' as a synonym of type is deprecated; in a future version of numpy, it will be understood as (type, (1,)) / '(1,)type'.
  _np_qint32 = np.dtype([("qint32", np.int32, 1)])
/usr/local/miniconda3/envs/dl10/lib/python3.6/site-packages/tensorboard/compat/tensorflow_stub/dtypes.py:550: FutureWarning: Passing (type, 1) or '1type' as a synonym of type is deprecated; in a future version of numpy, it will be understood as (type, (1,)) / '(1,)type'.
  np_resource = np.dtype([("resource", np.ubyte, 1)])
{'hindi': ' !"#$%&\'()*+-./0123456789:;<=>?ँंःअआइईउऊऋएऐऑओऔकखगघचछजझञटठडढणतथदधनपफबभमयरलळवशषसह़ािीुूृॅेैॉोौ्ॐड़ढ़।०१२३४५६७८९', 'ban': '!"%\'()*+-./0123456789:;=?ঁংঃঅআইঈউঊঋএঐওঔকখগঘঙচছজঝঞটঠডঢণতথদধনপফবভমযরলশষসহ়ািীুূৃৄেৈোৌ্ৎড়ঢ়য়০১২৩৪৫৬৭৮৯ৰ৷৺', 'arab': '!"#()+-./:0123456789،ءآأؤإئابةتثجحخدذرزسشصضطظعغـفقكلمنهوىيًٌَُِّْ٠١٢٣٤٥٦٧٨٩٫٬پڤڥڨڭ', 'latin': '!"#$%&\'()*+-./:;0123456789<=>?@[\\]_`abcdefghijklmnopqrstuvwxyzABCDEFGHIJKLMNOPQRSTUVWXYZÀÁÂÃÄÇÈÉÊËÌÎÒÔÖ×ÙÜßàáâãäçèéêìîòóôöùúûüĀōŒœŸƹɑˉΦβδεμοШзлфч', 'japan': '!%&()+-./0123456789:あいうえおかがきぎくぐけげこごさざしじすずせそぞただちつづてでとどなにぬねのはばぱひびぴふぶぷへべぺほぼぽまみむめもやゆよらりるれろわゐをんアイウエオカガキギクグケゲコゴサザシジスズセゼソゾタダチツヅテデトドナニネノハバパヒビピフブプヘベペホボポマミムメモヤユヨラリルレロワヱヲンヴ', 'ch': '!"#$%&\'()*+-./:;0123456789一丁七万丈三上下不与专且世丘业东丝両两严並个中丰串临丸丹为主丽举乃久义之乌乎乐乒乓乗乘乙九也习乡书买乱乾亀了予争事二亍于亐云互五井亚些交亦产亨享京亭亮人什仁仅今介仍从仑仓仕他付仙仞代令以仪们仲件价任份企伊伐休众优会伝伟传伤伴伸似但位低住佐佑体何余佛作你佳併佶使例侍供依侠価侦侧侨侯侵便係俄俊俏俗保信修俱倉個倍倒候借倡値倶债值假做停健側偶偷偽傅備催傷傾働像僕償優儿允元兄充兆先光克免児兒党入內全八公六兰共关兴兵其具典养兼内円冈再写军农冠冥冬冰冲决况冷冻净准凌凍减凖几凤処凭出击刀分切刊刑划列刘则创初判別利别到制刷券刹刺刻剂削前剛剤剧剩剪副割創劑力办功加务劣动助努励劳労劵効勑動勘務勝募勢勤勿包化北匙匠区医匾區十千升午半华协卑卓協单卖南単博卜占卡卧卫印危即却卷厂厅历厉压厕厘厚原厢厦厨厳去县参又叉及友双反収发取受变叠口古句只召叭可台史右叶号司吃各合吉吊同名后吐向吗君吞否吧含听启吴吸呂呉告员周味呼命和咖咨咲咽品哈哉响哗員哦哪唐售唸商問啓啟啡啥喀善喇喉喜喧喫喰営喷嗣嘉嘘嘴噌器噴嚴囚四回因团団园困囲図围固国图圃圆圈國圏園圓圖土圣圧在圭地圳场圾址坂均坊坎坏坐坑块坚坛坝坡垂垃型垚垣城域埠培基埼堂堅堆堤報場塑塔塘塚塞塩塾境墅墓増墙增墨壁壇士壮声壱売壹处备変复夏夕外多夜够大天太夫夭央失头夷夹奇奈奉奋奎契奕奖套奠奥女奶她好如妆妇妍妝妥妹姊始姐姓委姚威娘娱婚婦婷媒媛嫁嫌嬪子孕字存孝孟季学孩孵學宁它宅宇守安完宏宗官定宜宝实実宠审客宣室宫宮害宴宵家容宽宾宿寄寅密富寒寓察寢寧寨寶寸对寺寻导対寿封専射将尊導小少尔尚尝就尺尻尼尽尾尿局屁层居届屋展属層履屯山岁岔岗岛岡岩岫岭岳岷岸峡峭峰島崎崖崗嵩嶽川州巡巢工左巧巨差己已巴巷巻币市布师希帝带師席帮帯帰常帽幅幌幔幕幡幣干平年并幸幹幻幼幾广庁広庄庆床序库应底店庙府度座庫庭庵庶康廃廉廊廖延建开弁异式弐引弘弟张弧弯弱張強弹强弾归当录形彤彩影役彻往征径很律後徐徑得御復循微徳徴德徽心必忍志忘応忠忧快念怀态思怡急性总恒恭息恵恶患悦您悬悲情惑惗惟惠惣惱想惺愉意愛感愿慈態慎慢慧慮慶憲戏成我戒或战戦戰戴戶户戸房所扁扉手才扎打払扣执扩扫扬扱扶批找承技把抑抓投抗折抜択抢护报抵押抽拆拉拍拎拐拔拘拙招拜拡拥拨拳拼拾拿持挂指按挡挪挫振挽挿捌捐损换捨据捻授掌排掘探接控推揉描提插揚換握揮援損搬搭携摄摆摇摊摘摩播操擎擦攀支收改攻放政故效救教散敬数整數文斋斎斗料斜斤斧断斯新方於施旁旅族旗无日旦旧旨早旬旭时旺昂昆昇昊昌明昏易星映春昨昭是昼显時晃晋晚晟晩普景晴智暂暖暗暨暮曙曜曲更書曽曾替最會月有朋服朔朗望朝期朦木未末本札术朱机杀杂权杉李杏材村杜束条来杨杭杰東松板极构枉析林枚果枝枠枫架柄柏染柔柜查柳査柿栄标栋栏树栓栗校株样核根格栽桂桃案桌桜档桥桦桶桷梁梅梓條梦梨梯械检棋棍棚森棱棵椅椎椒検椴楊楕楚業極楼楽概榆榛榜榨榭構槍様槟槽樂標樟模樣横樫樹橋橙機橫檔欠次欢欣欧欽款歌歓歡止正此步武歩歪歯歳死殊残段殿母毎每比毕毛氏民气気氟氣氩水氷永汀汁求汇汉汕汚江池污汤決汽沃沖沙沟没沢沪河油治沼沿況泉泊法泛泡波注泰泳泵泽洁洋洗洛洞津洪洱洲活洼派流浄浅测济浓浙浜浦浩浪浮浴海浸消涡润涧涪液涼淀淇淋淡深添清済渋渔減渡渣温測港游湖湘湯湾湿満源準溝溢溪滅滋滑滕滞满滦滨滿漆演漢漫潅潍潔潜潤潮澜澡澳激濃濟濡濯瀑瀬火灭灯灰灵灸災灾炉炎炒炖炙炭炮炸点為烈烏烘烟烤烦烧烫热烯焊焖焙焚無焰然焼煌煎煙煤照煮熙熟熱燃燒營燥燦爆爨爬爱爷爸片版牌牙牛牡牢牧物特犬犯状狩独狮猛猫献獣玄率玉王玖玛玥玩玫环现玲玻珈珍珞珠班現球理琏琲琴琼瑞瑰璃環瓜瓦瓶甘甜生產産用甩田由甲申电男甸町画畅界畑留略番異畳畿疆疋疏疗疫疯疲疾病症痛瘋瘦瘫療発登白百的皆皇皋皮皿盂益监盒盖盗盘盛盟監盤目盲直相盼盾省眉看県真眠眺眼眾着睡督睦睿瞬矢知短矯石矿码砂砌研砖砧破硕硝硬确碑碗碧碰碳確磁磨礎示礼社祈祉祖祜祝神祠祥票祭祷祸禁禄禅福离禾秀私秋种科秒秘租秦秩称移稀稅程税稚種稲稳稻稿穂穴究空突窃窄窓窗窝立站竞章童端競竹笑笔第笹笼等筋筏筑筒答策筹签简箇算管箫箱節範篆築簡簿籍米类粉粒粥粧粮粱精糕糖糯糸系紀約紅納紙級紛素紡索紧紫細紳紺終組経結絡給統絵經綜綠綦維綱緊総緑緒線締編練縄縣縦縱總繁織繰纉红纤约级纪纬纯纱纳纵纹纺纽线绀组细织终绍经绒结绕绘给络绝统继续维综绿缆编缘缩缶网罔罗罚罪置罰署美群義羽翌習翔翠翻老考者而耐耳耻职联聘聚聞聴職肉肌肖股肥肩肪肯育胀胁背胜胡胧胶能脂脏脑脚脱脸腐腰腹腾膚膜膳臣臨自臭至致臺臻臼興舍舎舒舗舘舟航舫般舰舱船艇良色艳艺节芋芙芝芦芯花芳芸苍苏苑苗若苦英苹茂范茄茗茶茸荆草荐荔荚荣药荷荻莅莊莎莓莫莲获菀菇菌菓菜華菱菲菸萝营萬落葉著葛董葦葵蒙蒲蒸蒾蓄蓉蓝蓬蔦蔬蔵蔷蕎蕓蕨蕾薄薇薙薬藍藏藤蘑蘭虎處號虫虹蜜蝶螃融螢螺蟹血行術衔街衛衡衣表袋被裁装裕補裳裹製複襄西要覇見規視親観觀见观规视览觉角解触言計託記設許訴診証評試詰話詳詹誌認誓誠説読誰課調談請諸講警議護讀计订认讨让训议讯记讲许论设访证评识诉词试诗诚话诞询详语误说请诺读谁调谈谊谐谢谨谷豆豊豚象豪貝貞負財貨販貫責貯貳貴買貸費賀賃賑賞賠賢質購贈贋财责贤账货质购贯贵贸费贺贼资赏赐赖赛赠赢赤赦走赴赵赶起超越足跃跆跑距跟跡跨路践踏踩踪身車軍軒転軽較載輔輝輪輸车轩转轮软轻载较辅辆辑输辛辞辣辫辰边辺辻込辽达迁过迈迎运近返还这进远违连迪迫述迷迹追送适选透递途逗通速造連週進逸逻逼遇遊運過道達違遗遠遣適遵選遺避邊那邦邮邻郁郊郎郝郡部郵郷都鄂鄉鄙酉酌配酒酔酱酵酷酸酿醉醒醜醫采释里重野量金釜釣鉄鉾銀銘銭鋪鋳錦録鍋鎌鏡鐘鐫鐵鐸鑑鑫钓钛钟钢钥钮钱钻铁铃铝银铺链销锁锅锈锋锐锡锦键镁镇镜長长門閉開間関閣閩關门闭问闲间闸闻阁队阪防阳阶阻阿附际陆陈降限陕陡院除险陪陰陳陵陶陷陸険陽隅隆隊階随隔際障隣隧隨險隸难雄雅集雉雕雜離難雨雪雲零雷電需震霉霧露青靖静靜非靠靡面革鞄鞋韩音韵頂頃項順頑領頭頼題額顔願類顶项顺须顾颁预领频题颜额風风飛飞食飯飲飴餅養餐館饅饭饮饰饺馆首香馨馬駅駐駿騒験驗马驰驶驾验骏骨體高髙髪鬼魂魏魔魚鮎鮨鮮鱼鲁鲍鲜鲨鳝鳥鴉鴨鵡鶏鷹鸟鸡鸣鸦鸭鸿鹏鹤鹰鹿麒麓麗麟麦麺麻黄黑黒鼎鼓鼻齿龄龋龍龙龜', 'korean': "!%'()+-./0123456789:가각간갈감갑값강같개객갤갱걔거건걷걸검겁것겉게겐겠겡겨격견결겸겹경계고곡곤골곰곱곳공과곽관광괴굉교구국군굴굽궁궈권귀규균그극근글금급긋기긴길김깃깅깊깋까깐깔깨꺼껌껏께꼇꼬꼭꼼꽁꽃꽉꾜꾸꿀꿈꿍끄끈끓끔끗끼낀나낙난날남납났낭낮내낸냉냐너널넓넘넛넣네넥넨넷넹녁년녋념노녹논농높놓누눈눌눔눙눠뉴느는늘능니닉닌닐님닝다닥단닫달닭담답당대댄댸더덕던덮데덱덴델뎀뎅도독돈돌돔동돠돱돼되된될됩두둠둥뒤뒷듀드득든들듬듭등디딘딛딜딥딨딩따딱딸때땐떠떡떳떻떼뗙뗜또뚜뛰뜨뜰뜻띠띰라락란랄람랍랑래랙랜램랫량러런럼럽렁렇레렉렌렐려력련렬령로록론롤롬롭롯롱뢰료루룩룸뤼류륙륜륨르륵륶른를름릇릉리릭린릴림립릿링마막만많말맙맛망맞맟매맥맨먀먜먯머먹먼멀멋멍메멕멘멜멤멩며면멸몁명몇모목몫몬몰몸못몽묘무묵묶문물뮌뮤므믈믑믜미믹민믿밀밌밎및바박반받발밝밤밥밧방배백밴뱃뱅뱍버번벌범법베벤벨벼벽변별병보복볶본볼봄봉봐부북붂분불붐붓붕붙뷔브븍븐블비빈빌빔빗빙빚빛빠빨빵뼈뽑뽕뾰뿍뿐뿜쁜사삭산살삼삽삿상새색샌샐샘생샤샴샵샾섕서석선설섭성세센섿셀셔션셜셨셩셰소속손솔솜송솥쇄쇠쇼수숙순술숨숭숯숲숴쉅쉐쉬쉴쉽쉿슈슐스슥슨슬슴습승슼슽싀시식신실심십싱싸싼쌀쌩써썹쏙쏟쑤쓰씀씌씨아악안않알암압앗았앙앞애액앤앨앰앱야약양어억언얹얼엄업없엇었엉에엔엘엠엣여역연열염엽엿였영옆예옛오옥온올옴옷옹와완왔왕왜외왼요욕욘용우욱운울움웃웅워웍원월웨웰웹위윈유육윤율융으은을음응의이익인일읽임입잇있잉잊자작잔잖잘잠잡장재잭쟘쟝저적전절젊점접정제젠젤져젹젼젿졈조족존졸종좋좌죄죠주죽준줄줌중줘쥬즈즉즌즐증즤지직진질짐집징짜짝짬짱째쩝쪼쪽쫄쭈쯕찌찐차착찬찰찲참찻창찾채책챌챗챠처척천철첨첩첫청체첼쳤초촉총촬최쵸추축춘출충취츄츠측층치칙친칠침칭카칸칼캅캐캔캠캡컘커컨컬컴컵케켄켓켜켭켸코콕콘콜콤콩쾌쿄쿠쿨퀴큐크큰클큼킁킈키킨킬킴킹타탁탄탈탐탑탕태택탠탱턔터턱턴털턺텀테텍텐텔템텝텨토톡톤통투툰튀튝튬트특튼틀틈티틱틴틸팀팅파팍판팔팜팟팡팥패팩팬팻퍼펀펄페펫펴편평폐포폭폰폴폼표푸풀품풍퓨프픈플픔픗픚픠피핀핃필핌핏핑하학한함합핫항해핸햄했행햐향허헌헐험헙헤헬혀혁현혈협형혜호혼홀홈홉홋홍화환활황홰회획횡효횹후훈훤훼휘휴흉흐흑흔흡흥희히힉힌힐힘힝"}
No Transformation module specified
SharedLSTMModel(
  (Predictions): ModuleDict(
    (hindi): Linear(in_features=256, out_features=107, bias=True)
    (ban): Linear(in_features=256, out_features=101, bias=True)
    (arab): Linear(in_features=256, out_features=82, bias=True)
    (latin): Linear(in_features=256, out_features=145, bias=True)
    (japan): Linear(in_features=256, out_features=161, bias=True)
    (ch): Linear(in_features=256, out_features=2511, bias=True)
    (korean): Linear(in_features=256, out_features=954, bias=True)
  )
  (FeatureExtraction): VGG_FeatureExtractor(
    (ConvNet): Sequential(
      (0): Conv2d(1, 64, kernel_size=(3, 3), stride=(1, 1), padding=(1, 1))
      (1): ReLU(inplace=True)
      (2): MaxPool2d(kernel_size=2, stride=2, padding=0, dilation=1, ceil_mode=False)
      (3): Conv2d(64, 128, kernel_size=(3, 3), stride=(1, 1), padding=(1, 1))
      (4): ReLU(inplace=True)
      (5): MaxPool2d(kernel_size=2, stride=2, padding=0, dilation=1, ceil_mode=False)
      (6): Conv2d(128, 256, kernel_size=(3, 3), stride=(1, 1), padding=(1, 1))
      (7): ReLU(inplace=True)
      (8): Conv2d(256, 256, kernel_size=(3, 3), stride=(1, 1), padding=(1, 1))
      (9): ReLU(inplace=True)
      (10): MaxPool2d(kernel_size=(2, 1), stride=(2, 1), padding=0, dilation=1, ceil_mode=False)
      (11): Conv2d(256, 512, kernel_size=(3, 3), stride=(1, 1), padding=(1, 1), bias=False)
      (12): BatchNorm2d(512, eps=1e-05, momentum=0.1, affine=True, track_running_stats=True)
      (13): ReLU(inplace=True)
      (14): Conv2d(512, 512, kernel_size=(3, 3), stride=(1, 1), padding=(1, 1), bias=False)
      (15): BatchNorm2d(512, eps=1e-05, momentum=0.1, affine=True, track_running_stats=True)
      (16): ReLU(inplace=True)
      (17): MaxPool2d(kernel_size=(2, 1), stride=(2, 1), padding=0, dilation=1, ceil_mode=False)
      (18): Conv2d(512, 512, kernel_size=(2, 2), stride=(1, 1))
      (19): ReLU(inplace=True)
    )
  )
  (AdaptiveAvgPool): AdaptiveAvgPool2d(output_size=(None, 1))
  (rnn_lang): Sequential(
    (0): BidirectionalLSTM(
      (rnn): LSTM(512, 256, batch_first=True, bidirectional=True)
      (linear): Linear(in_features=512, out_features=256, bias=True)
    )
    (1): BidirectionalLSTM(
      (rnn): LSTM(256, 256, batch_first=True, bidirectional=True)
      (linear): Linear(in_features=512, out_features=256, bias=True)
    )
  )
)
Trainable params num :  9485789
------------ Options -------------
experiment_name: test_loaders_single
exp_dir: exps
select_data: ['Syn', 'Real']
batch_ratio: [0, 1]
calc_best_metric_on: rval
save_iter: 1000
print_iter: 100
character: {'hindi': ' !"#$%&\'()*+-./0123456789:;<=>?ँंःअआइईउऊऋएऐऑओऔकखगघचछजझञटठडढणतथदधनपफबभमयरलळवशषसह़ािीुूृॅेैॉोौ्ॐड़ढ़।०१२३४५६७८९', 'ban': '!"%\'()*+-./0123456789:;=?ঁংঃঅআইঈউঊঋএঐওঔকখগঘঙচছজঝঞটঠডঢণতথদধনপফবভমযরলশষসহ়ািীুূৃৄেৈোৌ্ৎড়ঢ়য়০১২৩৪৫৬৭৮৯ৰ৷৺', 'arab': '!"#()+-./:0123456789،ءآأؤإئابةتثجحخدذرزسشصضطظعغـفقكلمنهوىيًٌَُِّْ٠١٢٣٤٥٦٧٨٩٫٬پڤڥڨڭ', 'latin': '!"#$%&\'()*+-./:;0123456789<=>?@[\\]_`abcdefghijklmnopqrstuvwxyzABCDEFGHIJKLMNOPQRSTUVWXYZÀÁÂÃÄÇÈÉÊËÌÎÒÔÖ×ÙÜßàáâãäçèéêìîòóôöùúûüĀōŒœŸƹɑˉΦβδεμοШзлфч', 'japan': '!%&()+-./0123456789:あいうえおかがきぎくぐけげこごさざしじすずせそぞただちつづてでとどなにぬねのはばぱひびぴふぶぷへべぺほぼぽまみむめもやゆよらりるれろわゐをんアイウエオカガキギクグケゲコゴサザシジスズセゼソゾタダチツヅテデトドナニネノハバパヒビピフブプヘベペホボポマミムメモヤユヨラリルレロワヱヲンヴ', 'ch': '!"#$%&\'()*+-./:;0123456789一丁七万丈三上下不与专且世丘业东丝両两严並个中丰串临丸丹为主丽举乃久义之乌乎乐乒乓乗乘乙九也习乡书买乱乾亀了予争事二亍于亐云互五井亚些交亦产亨享京亭亮人什仁仅今介仍从仑仓仕他付仙仞代令以仪们仲件价任份企伊伐休众优会伝伟传伤伴伸似但位低住佐佑体何余佛作你佳併佶使例侍供依侠価侦侧侨侯侵便係俄俊俏俗保信修俱倉個倍倒候借倡値倶债值假做停健側偶偷偽傅備催傷傾働像僕償優儿允元兄充兆先光克免児兒党入內全八公六兰共关兴兵其具典养兼内円冈再写军农冠冥冬冰冲决况冷冻净准凌凍减凖几凤処凭出击刀分切刊刑划列刘则创初判別利别到制刷券刹刺刻剂削前剛剤剧剩剪副割創劑力办功加务劣动助努励劳労劵効勑動勘務勝募勢勤勿包化北匙匠区医匾區十千升午半华协卑卓協单卖南単博卜占卡卧卫印危即却卷厂厅历厉压厕厘厚原厢厦厨厳去县参又叉及友双反収发取受变叠口古句只召叭可台史右叶号司吃各合吉吊同名后吐向吗君吞否吧含听启吴吸呂呉告员周味呼命和咖咨咲咽品哈哉响哗員哦哪唐售唸商問啓啟啡啥喀善喇喉喜喧喫喰営喷嗣嘉嘘嘴噌器噴嚴囚四回因团団园困囲図围固国图圃圆圈國圏園圓圖土圣圧在圭地圳场圾址坂均坊坎坏坐坑块坚坛坝坡垂垃型垚垣城域埠培基埼堂堅堆堤報場塑塔塘塚塞塩塾境墅墓増墙增墨壁壇士壮声壱売壹处备変复夏夕外多夜够大天太夫夭央失头夷夹奇奈奉奋奎契奕奖套奠奥女奶她好如妆妇妍妝妥妹姊始姐姓委姚威娘娱婚婦婷媒媛嫁嫌嬪子孕字存孝孟季学孩孵學宁它宅宇守安完宏宗官定宜宝实実宠审客宣室宫宮害宴宵家容宽宾宿寄寅密富寒寓察寢寧寨寶寸对寺寻导対寿封専射将尊導小少尔尚尝就尺尻尼尽尾尿局屁层居届屋展属層履屯山岁岔岗岛岡岩岫岭岳岷岸峡峭峰島崎崖崗嵩嶽川州巡巢工左巧巨差己已巴巷巻币市布师希帝带師席帮帯帰常帽幅幌幔幕幡幣干平年并幸幹幻幼幾广庁広庄庆床序库应底店庙府度座庫庭庵庶康廃廉廊廖延建开弁异式弐引弘弟张弧弯弱張強弹强弾归当录形彤彩影役彻往征径很律後徐徑得御復循微徳徴德徽心必忍志忘応忠忧快念怀态思怡急性总恒恭息恵恶患悦您悬悲情惑惗惟惠惣惱想惺愉意愛感愿慈態慎慢慧慮慶憲戏成我戒或战戦戰戴戶户戸房所扁扉手才扎打払扣执扩扫扬扱扶批找承技把抑抓投抗折抜択抢护报抵押抽拆拉拍拎拐拔拘拙招拜拡拥拨拳拼拾拿持挂指按挡挪挫振挽挿捌捐损换捨据捻授掌排掘探接控推揉描提插揚換握揮援損搬搭携摄摆摇摊摘摩播操擎擦攀支收改攻放政故效救教散敬数整數文斋斎斗料斜斤斧断斯新方於施旁旅族旗无日旦旧旨早旬旭时旺昂昆昇昊昌明昏易星映春昨昭是昼显時晃晋晚晟晩普景晴智暂暖暗暨暮曙曜曲更書曽曾替最會月有朋服朔朗望朝期朦木未末本札术朱机杀杂权杉李杏材村杜束条来杨杭杰東松板极构枉析林枚果枝枠枫架柄柏染柔柜查柳査柿栄标栋栏树栓栗校株样核根格栽桂桃案桌桜档桥桦桶桷梁梅梓條梦梨梯械检棋棍棚森棱棵椅椎椒検椴楊楕楚業極楼楽概榆榛榜榨榭構槍様槟槽樂標樟模樣横樫樹橋橙機橫檔欠次欢欣欧欽款歌歓歡止正此步武歩歪歯歳死殊残段殿母毎每比毕毛氏民气気氟氣氩水氷永汀汁求汇汉汕汚江池污汤決汽沃沖沙沟没沢沪河油治沼沿況泉泊法泛泡波注泰泳泵泽洁洋洗洛洞津洪洱洲活洼派流浄浅测济浓浙浜浦浩浪浮浴海浸消涡润涧涪液涼淀淇淋淡深添清済渋渔減渡渣温測港游湖湘湯湾湿満源準溝溢溪滅滋滑滕滞满滦滨滿漆演漢漫潅潍潔潜潤潮澜澡澳激濃濟濡濯瀑瀬火灭灯灰灵灸災灾炉炎炒炖炙炭炮炸点為烈烏烘烟烤烦烧烫热烯焊焖焙焚無焰然焼煌煎煙煤照煮熙熟熱燃燒營燥燦爆爨爬爱爷爸片版牌牙牛牡牢牧物特犬犯状狩独狮猛猫献獣玄率玉王玖玛玥玩玫环现玲玻珈珍珞珠班現球理琏琲琴琼瑞瑰璃環瓜瓦瓶甘甜生產産用甩田由甲申电男甸町画畅界畑留略番異畳畿疆疋疏疗疫疯疲疾病症痛瘋瘦瘫療発登白百的皆皇皋皮皿盂益监盒盖盗盘盛盟監盤目盲直相盼盾省眉看県真眠眺眼眾着睡督睦睿瞬矢知短矯石矿码砂砌研砖砧破硕硝硬确碑碗碧碰碳確磁磨礎示礼社祈祉祖祜祝神祠祥票祭祷祸禁禄禅福离禾秀私秋种科秒秘租秦秩称移稀稅程税稚種稲稳稻稿穂穴究空突窃窄窓窗窝立站竞章童端競竹笑笔第笹笼等筋筏筑筒答策筹签简箇算管箫箱節範篆築簡簿籍米类粉粒粥粧粮粱精糕糖糯糸系紀約紅納紙級紛素紡索紧紫細紳紺終組経結絡給統絵經綜綠綦維綱緊総緑緒線締編練縄縣縦縱總繁織繰纉红纤约级纪纬纯纱纳纵纹纺纽线绀组细织终绍经绒结绕绘给络绝统继续维综绿缆编缘缩缶网罔罗罚罪置罰署美群義羽翌習翔翠翻老考者而耐耳耻职联聘聚聞聴職肉肌肖股肥肩肪肯育胀胁背胜胡胧胶能脂脏脑脚脱脸腐腰腹腾膚膜膳臣臨自臭至致臺臻臼興舍舎舒舗舘舟航舫般舰舱船艇良色艳艺节芋芙芝芦芯花芳芸苍苏苑苗若苦英苹茂范茄茗茶茸荆草荐荔荚荣药荷荻莅莊莎莓莫莲获菀菇菌菓菜華菱菲菸萝营萬落葉著葛董葦葵蒙蒲蒸蒾蓄蓉蓝蓬蔦蔬蔵蔷蕎蕓蕨蕾薄薇薙薬藍藏藤蘑蘭虎處號虫虹蜜蝶螃融螢螺蟹血行術衔街衛衡衣表袋被裁装裕補裳裹製複襄西要覇見規視親観觀见观规视览觉角解触言計託記設許訴診証評試詰話詳詹誌認誓誠説読誰課調談請諸講警議護讀计订认讨让训议讯记讲许论设访证评识诉词试诗诚话诞询详语误说请诺读谁调谈谊谐谢谨谷豆豊豚象豪貝貞負財貨販貫責貯貳貴買貸費賀賃賑賞賠賢質購贈贋财责贤账货质购贯贵贸费贺贼资赏赐赖赛赠赢赤赦走赴赵赶起超越足跃跆跑距跟跡跨路践踏踩踪身車軍軒転軽較載輔輝輪輸车轩转轮软轻载较辅辆辑输辛辞辣辫辰边辺辻込辽达迁过迈迎运近返还这进远违连迪迫述迷迹追送适选透递途逗通速造連週進逸逻逼遇遊運過道達違遗遠遣適遵選遺避邊那邦邮邻郁郊郎郝郡部郵郷都鄂鄉鄙酉酌配酒酔酱酵酷酸酿醉醒醜醫采释里重野量金釜釣鉄鉾銀銘銭鋪鋳錦録鍋鎌鏡鐘鐫鐵鐸鑑鑫钓钛钟钢钥钮钱钻铁铃铝银铺链销锁锅锈锋锐锡锦键镁镇镜長长門閉開間関閣閩關门闭问闲间闸闻阁队阪防阳阶阻阿附际陆陈降限陕陡院除险陪陰陳陵陶陷陸険陽隅隆隊階随隔際障隣隧隨險隸难雄雅集雉雕雜離難雨雪雲零雷電需震霉霧露青靖静靜非靠靡面革鞄鞋韩音韵頂頃項順頑領頭頼題額顔願類顶项顺须顾颁预领频题颜额風风飛飞食飯飲飴餅養餐館饅饭饮饰饺馆首香馨馬駅駐駿騒験驗马驰驶驾验骏骨體高髙髪鬼魂魏魔魚鮎鮨鮮鱼鲁鲍鲜鲨鳝鳥鴉鴨鵡鶏鷹鸟鸡鸣鸦鸭鸿鹏鹤鹰鹿麒麓麗麟麦麺麻黄黑黒鼎鼓鼻齿龄龋龍龙龜', 'korean': "!%'()+-./0123456789:가각간갈감갑값강같개객갤갱걔거건걷걸검겁것겉게겐겠겡겨격견결겸겹경계고곡곤골곰곱곳공과곽관광괴굉교구국군굴굽궁궈권귀규균그극근글금급긋기긴길김깃깅깊깋까깐깔깨꺼껌껏께꼇꼬꼭꼼꽁꽃꽉꾜꾸꿀꿈꿍끄끈끓끔끗끼낀나낙난날남납났낭낮내낸냉냐너널넓넘넛넣네넥넨넷넹녁년녋념노녹논농높놓누눈눌눔눙눠뉴느는늘능니닉닌닐님닝다닥단닫달닭담답당대댄댸더덕던덮데덱덴델뎀뎅도독돈돌돔동돠돱돼되된될됩두둠둥뒤뒷듀드득든들듬듭등디딘딛딜딥딨딩따딱딸때땐떠떡떳떻떼뗙뗜또뚜뛰뜨뜰뜻띠띰라락란랄람랍랑래랙랜램랫량러런럼럽렁렇레렉렌렐려력련렬령로록론롤롬롭롯롱뢰료루룩룸뤼류륙륜륨르륵륶른를름릇릉리릭린릴림립릿링마막만많말맙맛망맞맟매맥맨먀먜먯머먹먼멀멋멍메멕멘멜멤멩며면멸몁명몇모목몫몬몰몸못몽묘무묵묶문물뮌뮤므믈믑믜미믹민믿밀밌밎및바박반받발밝밤밥밧방배백밴뱃뱅뱍버번벌범법베벤벨벼벽변별병보복볶본볼봄봉봐부북붂분불붐붓붕붙뷔브븍븐블비빈빌빔빗빙빚빛빠빨빵뼈뽑뽕뾰뿍뿐뿜쁜사삭산살삼삽삿상새색샌샐샘생샤샴샵샾섕서석선설섭성세센섿셀셔션셜셨셩셰소속손솔솜송솥쇄쇠쇼수숙순술숨숭숯숲숴쉅쉐쉬쉴쉽쉿슈슐스슥슨슬슴습승슼슽싀시식신실심십싱싸싼쌀쌩써썹쏙쏟쑤쓰씀씌씨아악안않알암압앗았앙앞애액앤앨앰앱야약양어억언얹얼엄업없엇었엉에엔엘엠엣여역연열염엽엿였영옆예옛오옥온올옴옷옹와완왔왕왜외왼요욕욘용우욱운울움웃웅워웍원월웨웰웹위윈유육윤율융으은을음응의이익인일읽임입잇있잉잊자작잔잖잘잠잡장재잭쟘쟝저적전절젊점접정제젠젤져젹젼젿졈조족존졸종좋좌죄죠주죽준줄줌중줘쥬즈즉즌즐증즤지직진질짐집징짜짝짬짱째쩝쪼쪽쫄쭈쯕찌찐차착찬찰찲참찻창찾채책챌챗챠처척천철첨첩첫청체첼쳤초촉총촬최쵸추축춘출충취츄츠측층치칙친칠침칭카칸칼캅캐캔캠캡컘커컨컬컴컵케켄켓켜켭켸코콕콘콜콤콩쾌쿄쿠쿨퀴큐크큰클큼킁킈키킨킬킴킹타탁탄탈탐탑탕태택탠탱턔터턱턴털턺텀테텍텐텔템텝텨토톡톤통투툰튀튝튬트특튼틀틈티틱틴틸팀팅파팍판팔팜팟팡팥패팩팬팻퍼펀펄페펫펴편평폐포폭폰폴폼표푸풀품풍퓨프픈플픔픗픚픠피핀핃필핌핏핑하학한함합핫항해핸햄했행햐향허헌헐험헙헤헬혀혁현혈협형혜호혼홀홈홉홋홍화환활황홰회획횡효횹후훈훤훼휘휴흉흐흑흔흡흥희히힉힌힐힘힝"}
clova_pretrained_model_path: 
pretrained_model_path: 
spath: 
Transformation: None
FeatureExtraction: VGG
SequenceModeling: BiLSTM
Prediction: CTC
share: CNN+LSTM
manualSeed: 1111
workers: 4
batch_size: 64
num_iter: 300000
valInterval: 1000
saved_model: 
FT: False
adam: True
rmsprop: False
total_data_usage_ratio: 1.0
lr: 0.0003
beta1: 0.9
rho: 0.95
eps: 1e-08
grad_clip: 5
batch_max_length: 30
imgH: 32
imgW: 100
rgb: False
sensitive: False
PAD: False
data_filtering_off: False
num_fiducial: 20
input_channel: 1
output_channel: 512
hidden_size: 256
save_path: exps/test_loaders_single
---------------------------------------

use Real only
dataset_root:    /workspace/STR/data/validation/val_hindi/Real	 dataset: /
/workspace/STR/data/validation/val_hindi/Real/ [] ['lock.mdb', 'data.mdb']
sub-directory:	/.	 num samples: 586
--------------------------------------------------------------------------------
dataset_root: /workspace/STR/data/training/train_hindi
select_data: ['Real']
self.batch_ratio: [1.0]
--------------------------------------------------------------------------------
dataset_root:    /workspace/STR/data/training/train_hindi	 dataset: Real
/workspace/STR/data/training/train_hindi/ ['Real', 'Syn'] []
/workspace/STR/data/training/train_hindi/Real [] ['lock.mdb', 'data.mdb']
sub-directory:	/Real	 num samples: 2348
/workspace/STR/data/training/train_hindi/Syn [] []
num total samples of Real: 2348 x 1.0 (total_data_usage_ratio) = 2348
num samples of Real per batch: 64 x 1.0 (batch_ratio) = 64
--------------------------------------------------------------------------------
Total_batch_size:  64 = 64
--------------------------------------------------------------------------------
dataset_root:    /workspace/STR/data/training/train_hindi	 dataset: Real
/workspace/STR/data/training/train_hindi/ ['Real', 'Syn'] []
/workspace/STR/data/training/train_hindi/Real [] ['lock.mdb', 'data.mdb']
sub-directory:	/Real	 num samples: 2348
/workspace/STR/data/training/train_hindi/Syn [] []
use Real only
dataset_root:    /workspace/STR/data/validation/val_ban/Real	 dataset: /
/workspace/STR/data/validation/val_ban/Real/ [] ['lock.mdb', 'data.mdb']
sub-directory:	/.	 num samples: 588
--------------------------------------------------------------------------------
dataset_root: /workspace/STR/data/training/train_ban
select_data: ['Real']
self.batch_ratio: [1.0]
--------------------------------------------------------------------------------
dataset_root:    /workspace/STR/data/training/train_ban	 dataset: Real
/workspace/STR/data/training/train_ban/ ['Real', 'Syn'] []
/workspace/STR/data/training/train_ban/Real [] ['lock.mdb', 'data.mdb']
sub-directory:	/Real	 num samples: 2356
/workspace/STR/data/training/train_ban/Syn [] []
num total samples of Real: 2356 x 1.0 (total_data_usage_ratio) = 2356
num samples of Real per batch: 64 x 1.0 (batch_ratio) = 64
--------------------------------------------------------------------------------
Total_batch_size:  64 = 64
--------------------------------------------------------------------------------
dataset_root:    /workspace/STR/data/training/train_ban	 dataset: Real
/workspace/STR/data/training/train_ban/ ['Real', 'Syn'] []
/workspace/STR/data/training/train_ban/Real [] ['lock.mdb', 'data.mdb']
sub-directory:	/Real	 num samples: 2356
/workspace/STR/data/training/train_ban/Syn [] []
enter train
ERROR: Unexpected segmentation fault encountered in worker.
 iter: 100 loss: 4.93851375579834
iter: 200 loss: 3.794135093688965
iter: 300 loss: 3.603074312210083
iter: 400 loss: 3.3727025985717773
iter: 500 loss: 3.1554720401763916
iter: 600 loss: 2.880963087081909
iter: 700 loss: 2.6387736797332764
iter: 800 loss: 2.3868227005004883
iter: 900 loss: 2.041494369506836
iter: 1000 loss: 1.7445825338363647
--------------------------------------------------------------------------------
Validating on: rval of hindi
सवयास               , gt: स्वराज्य            ,   False
हा                  , gt: हा                  ,   True
पाा                 , gt: माझा                ,   False
जसाटिक              , gt: जन्मसिद्ध           ,   False
हकत                 , gt: हक्क                ,   False
सहे                 , gt: आहे                 ,   False
शटथनान              , gt: वर्धमान             ,   False
केस                 , gt: टेरेस               ,   False
ए.                  , gt: सह.                 ,   False
सरचना               , gt: गृहरचना             ,   False
Avg. loss: 1.9416, Accuracy: (11.60%), NED:0.50, infer-time:0.17
--------------------------------------------------------------------------------
Validating on: rval of ban
পিল                 , gt: চিকেন               ,   False
সিস                 , gt: সেন্টার             ,   False
প্াা                , gt: প্রধান              ,   False
গোড                 , gt: গোল্ড               ,   False
ওও৭                 , gt: জুয়েলাস             ,   False
ভাপল                , gt: জঙ্গল               ,   False
সাে                 , gt: মহলে                ,   False
উয়নের               , gt: উন্নয়নের            ,   False
গোয়ার               , gt: জোয়ার               ,   False
চিয়ন                , gt: বিপুল               ,   False
Avg. loss: 2.4084, Accuracy: (7.14%), NED:0.41, infer-time:0.15
--------------------------------------------------------------------------------
iter: 1100 loss: 1.420958161354065
iter: 1200 loss: 1.1565836668014526
iter: 1300 loss: 0.9164484739303589
iter: 1400 loss: 0.677471935749054
iter: 1500 loss: 0.49940431118011475
iter: 1600 loss: 0.388960599899292
iter: 1700 loss: 0.2923465669155121
iter: 1800 loss: 0.1796446144580841
iter: 1900 loss: 0.17904448509216309
iter: 2000 loss: 0.17924489080905914
--------------------------------------------------------------------------------
Validating on: rval of hindi
स्वारा्या           , gt: स्वराज्य            ,   False
हा                  , gt: हा                  ,   True
मा्हा               , gt: माझा                ,   False
जंसमासिद            , gt: जन्मसिद्ध           ,   False
हिकत                , gt: हक्क                ,   False
सहे                 , gt: आहे                 ,   False
वर्धंमान            , gt: वर्धमान             ,   False
टेरया               , gt: टेरेस               ,   False
रहा.                , gt: सह.                 ,   False
गृहरच्ना            , gt: गृहरचना             ,   False
Avg. loss: 1.7875, Accuracy: (20.48%), NED:0.62, infer-time:0.14
--------------------------------------------------------------------------------
Validating on: rval of ban
ফিরককা              , gt: চিকেন               ,   False
ফ্ন্য               , gt: সেন্টার             ,   False
প্রধানা             , gt: প্রধান              ,   False
গোষ্উ               , gt: গোল্ড               ,   False
ডরেমাথস             , gt: জুয়েলাস             ,   False
জপসলী               , gt: জঙ্গল               ,   False
মহলে                , gt: মহলে                ,   True
উরয়নের              , gt: উন্নয়নের            ,   False
ভোয়ার               , gt: জোয়ার               ,   False
কিখানে              , gt: বিপুল               ,   False
Avg. loss: 2.4310, Accuracy: (14.29%), NED:0.55, infer-time:0.14
--------------------------------------------------------------------------------
iter: 2100 loss: 0.14331622421741486
iter: 2200 loss: 0.10777569562196732
iter: 2300 loss: 0.11195769906044006
iter: 2400 loss: 0.1039753258228302
iter: 2500 loss: 0.09943892061710358
iter: 2600 loss: 0.07371199876070023
iter: 2700 loss: 0.038270268589258194
iter: 2800 loss: 0.039286058396101
iter: 2900 loss: 0.06728336960077286
iter: 3000 loss: 0.09637881070375443
--------------------------------------------------------------------------------
Validating on: rval of hindi
स्वरा्य             , gt: स्वराज्य            ,   False
हा                  , gt: हा                  ,   True
माा                 , gt: माझा                ,   False
ज्मसिंड             , gt: जन्मसिद्ध           ,   False
हिव                 , gt: हक्क                ,   False
घहे                 , gt: आहे                 ,   False
वर्मान              , gt: वर्धमान             ,   False
देरसा               , gt: टेरेस               ,   False
यहा.                , gt: सह.                 ,   False
गृतरचना             , gt: गृहरचना             ,   False
Avg. loss: 1.9654, Accuracy: (20.48%), NED:0.63, infer-time:0.13
--------------------------------------------------------------------------------
Validating on: rval of ban
সাকা                , gt: চিকেন               ,   False
স্নয়                , gt: সেন্টার             ,   False
প্রখারা             , gt: প্রধান              ,   False
গোরষ্ড              , gt: গোল্ড               ,   False
ওয়েনাস              , gt: জুয়েলাস             ,   False
জপল                 , gt: জঙ্গল               ,   False
মহল                 , gt: মহলে                ,   False
উরয়ানের             , gt: উন্নয়নের            ,   False
জেয়ার               , gt: জোয়ার               ,   False
কিধা্ে              , gt: বিপুল               ,   False
Avg. loss: 2.6682, Accuracy: (15.65%), NED:0.57, infer-time:0.13
--------------------------------------------------------------------------------
iter: 3100 loss: 0.12384176254272461
iter: 3200 loss: 0.11199240386486053
iter: 3300 loss: 0.07441096007823944
iter: 3400 loss: 0.0692133679986
iter: 3500 loss: 0.05964306741952896
iter: 3600 loss: 0.05646069347858429
iter: 3700 loss: 0.030354192480444908
iter: 3800 loss: 0.03267265111207962
iter: 3900 loss: 0.04955242574214935
iter: 4000 loss: 0.05234199017286301
--------------------------------------------------------------------------------
Validating on: rval of hindi
स्वर्य              , gt: स्वराज्य            ,   False
हा                  , gt: हा                  ,   True
माहा                , gt: माझा                ,   False
ज्ससिद              , gt: जन्मसिद्ध           ,   False
सिक्त               , gt: हक्क                ,   False
पहे                 , gt: आहे                 ,   False
धर्धजान             , gt: वर्धमान             ,   False
देससस               , gt: टेरेस               ,   False
रह.                 , gt: सह.                 ,   False
गृृतरचना            , gt: गृहरचना             ,   False
Avg. loss: 2.3021, Accuracy: (20.82%), NED:0.63, infer-time:0.15
--------------------------------------------------------------------------------
Validating on: rval of ban
সংা                 , gt: চিকেন               ,   False
স্নসতস              , gt: সেন্টার             ,   False
প্রধারো             , gt: প্রধান              ,   False
গোষ্ড               , gt: গোল্ড               ,   False
জয়েমাস              , gt: জুয়েলাস             ,   False
জ্পসল               , gt: জঙ্গল               ,   False
নথলে                , gt: মহলে                ,   False
জরয়নের              , gt: উন্নয়নের            ,   False
জোয়ার               , gt: জোয়ার               ,   True
দিধে                , gt: বিপুল               ,   False
Avg. loss: 2.9944, Accuracy: (15.99%), NED:0.56, infer-time:0.13
--------------------------------------------------------------------------------
iter: 4100 loss: 0.0881795585155487
iter: 4200 loss: 0.06626066565513611
iter: 4300 loss: 0.09747392684221268
iter: 4400 loss: 0.0643492266535759
iter: 4500 loss: 0.04782421886920929
iter: 4600 loss: 0.043067511171102524
iter: 4700 loss: 0.04873998463153839
iter: 4800 loss: 0.044390954077243805
iter: 4900 loss: 0.03768514469265938
iter: 5000 loss: 0.04482780769467354
--------------------------------------------------------------------------------
Validating on: rval of hindi
स्वरा्य             , gt: स्वराज्य            ,   False
हा                  , gt: हा                  ,   True
माहरा               , gt: माझा                ,   False
जमरिद               , gt: जन्मसिद्ध           ,   False
हत                  , gt: हक्क                ,   False
आहे                 , gt: आहे                 ,   True
धरटेजान             , gt: वर्धमान             ,   False
देेयश               , gt: टेरेस               ,   False
सह.                 , gt: सह.                 ,   True
गृरकना              , gt: गृहरचना             ,   False
Avg. loss: 2.0714, Accuracy: (24.40%), NED:0.66, infer-time:0.13
--------------------------------------------------------------------------------
Validating on: rval of ban
সাইা                , gt: চিকেন               ,   False
গৌনয়                , gt: সেন্টার             ,   False
প্রধানো             , gt: প্রধান              ,   False
গোজে্ড              , gt: গোল্ড               ,   False
ওুয়েমস              , gt: জুয়েলাস             ,   False
জগল                 , gt: জঙ্গল               ,   False
মহলে                , gt: মহলে                ,   True
উরয়নের              , gt: উন্নয়নের            ,   False
ভোয়ার              , gt: জোয়ার               ,   False
বখাু                , gt: বিপুল               ,   False
Avg. loss: 3.0834, Accuracy: (16.50%), NED:0.57, infer-time:0.13
--------------------------------------------------------------------------------
iter: 5100 loss: 0.065313920378685
iter: 5200 loss: 0.061315663158893585
iter: 5300 loss: 0.07597596198320389
iter: 5400 loss: 0.08064529299736023
iter: 5500 loss: 0.03663161024451256
iter: 5600 loss: 0.03541293740272522
iter: 5700 loss: 0.031354110687971115
iter: 5800 loss: 0.028519710525870323
iter: 5900 loss: 0.04295298457145691
iter: 6000 loss: 0.03761489689350128
--------------------------------------------------------------------------------
Validating on: rval of hindi
स्वरा्य             , gt: स्वराज्य            ,   False
हा                  , gt: हा                  ,   True
मा्ा                , gt: माझा                ,   False
ज्सिड               , gt: जन्मसिद्ध           ,   False
हत                  , gt: हक्क                ,   False
घहे                 , gt: आहे                 ,   False
वारयनान             , gt: वर्धमान             ,   False
देेा                , gt: टेरेस               ,   False
उहि.                , gt: सह.                 ,   False
गृरचना              , gt: गृहरचना             ,   False
Avg. loss: 2.1898, Accuracy: (24.06%), NED:0.65, infer-time:0.14
--------------------------------------------------------------------------------
Validating on: rval of ban
সাটাকা              , gt: চিকেন               ,   False
চেলগ                , gt: সেন্টার             ,   False
থারখানা             , gt: প্রধান              ,   False
হোক্ড               , gt: গোল্ড               ,   False
জুতেনযাথ            , gt: জুয়েলাস             ,   False
ভপল                 , gt: জঙ্গল               ,   False
মতলে                , gt: মহলে                ,   False
উায়ানেক             , gt: উন্নয়নের            ,   False
ভ্ায়ার              , gt: জোয়ার               ,   False
লিপানন              , gt: বিপুল               ,   False
Avg. loss: 3.2410, Accuracy: (17.86%), NED:0.57, infer-time:0.14
--------------------------------------------------------------------------------
iter: 6100 loss: 0.03969896584749222
iter: 6200 loss: 0.03846392035484314
iter: 6300 loss: 0.02400992624461651
iter: 6400 loss: 0.029161551967263222
iter: 6500 loss: 0.03768151253461838
iter: 6600 loss: 0.036503009498119354
iter: 6700 loss: 0.07312116026878357
iter: 6800 loss: 0.052125461399555206
iter: 6900 loss: 0.048165977001190186
iter: 7000 loss: 0.05989866703748703
--------------------------------------------------------------------------------
Validating on: rval of hindi
स्वरा्य             , gt: स्वराज्य            ,   False
हिा                 , gt: हा                  ,   False
मा्ा                , gt: माझा                ,   False
जससिद               , gt: जन्मसिद्ध           ,   False
हि्त                , gt: हक्क                ,   False
चहे                 , gt: आहे                 ,   False
चर््धमान            , gt: वर्धमान             ,   False
केदरेसस             , gt: टेरेस               ,   False
रचे.                , gt: सह.                 ,   False
चृलरचना             , gt: गृहरचना             ,   False
Avg. loss: 2.1734, Accuracy: (20.48%), NED:0.63, infer-time:0.14
--------------------------------------------------------------------------------
Validating on: rval of ban
সিরকি্ককা           , gt: চিকেন               ,   False
সিত                 , gt: সেন্টার             ,   False
প্ধারা              , gt: প্রধান              ,   False
গোভলড               , gt: গোল্ড               ,   False
ডয়েলথ               , gt: জুয়েলাস             ,   False
জপল                 , gt: জঙ্গল               ,   False
মহতলে               , gt: মহলে                ,   False
উায়ানের             , gt: উন্নয়নের            ,   False
জোয়ার               , gt: জোয়ার               ,   True
দিধজান              , gt: বিপুল               ,   False
Avg. loss: 3.2775, Accuracy: (16.67%), NED:0.56, infer-time:0.15
--------------------------------------------------------------------------------
iter: 7100 loss: 0.0467839390039444
iter: 7200 loss: 0.04010799154639244
iter: 7300 loss: 0.04687042906880379
iter: 7400 loss: 0.03143947944045067
iter: 7500 loss: 0.019974861294031143
iter: 7600 loss: 0.0394175685942173
iter: 7700 loss: 0.041379909962415695
iter: 7800 loss: 0.017699789255857468
iter: 7900 loss: 0.04666057974100113
iter: 8000 loss: 0.07480467855930328
--------------------------------------------------------------------------------
Validating on: rval of hindi
सवरा्य              , gt: स्वराज्य            ,   False
हा                  , gt: हा                  ,   True
माा                 , gt: माझा                ,   False
जसससिंड             , gt: जन्मसिद्ध           ,   False
हव                  , gt: हक्क                ,   False
ऑहे                 , gt: आहे                 ,   False
वर्यजान             , gt: वर्धमान             ,   False
केेसा               , gt: टेरेस               ,   False
रहिे.               , gt: सह.                 ,   False
शुरचना              , gt: गृहरचना             ,   False
Avg. loss: 2.2543, Accuracy: (23.04%), NED:0.64, infer-time:0.12
--------------------------------------------------------------------------------
Validating on: rval of ban
সশরেকা              , gt: চিকেন               ,   False
সৌেয়ত               , gt: সেন্টার             ,   False
প্রধানো             , gt: প্রধান              ,   False
গোজ্ড               , gt: গোল্ড               ,   False
৩য়েলাথজ             , gt: জুয়েলাস             ,   False
জপল                 , gt: জঙ্গল               ,   False
মহলে                , gt: মহলে                ,   True
উয়ানের              , gt: উন্নয়নের            ,   False
জোয়ার               , gt: জোয়ার               ,   True
রিধেন               , gt: বিপুল               ,   False
Avg. loss: 3.2902, Accuracy: (18.88%), NED:0.59, infer-time:0.12
--------------------------------------------------------------------------------
iter: 8100 loss: 0.05627371743321419
iter: 8200 loss: 0.057455919682979584
iter: 8300 loss: 0.042558420449495316
iter: 8400 loss: 0.026157362386584282
iter: 8500 loss: 0.021601343527436256
iter: 8600 loss: 0.009315771982073784
iter: 8700 loss: 0.04793573170900345
iter: 8800 loss: 0.06315583735704422
iter: 8900 loss: 0.05300520360469818
iter: 9000 loss: 0.03654622286558151
--------------------------------------------------------------------------------
Validating on: rval of hindi
स्वरा्य             , gt: स्वराज्य            ,   False
हा                  , gt: हा                  ,   True
मादहा               , gt: माझा                ,   False
जमसिद               , gt: जन्मसिद्ध           ,   False
हिकत                , gt: हक्क                ,   False
ऑहे                 , gt: आहे                 ,   False
धरधनान              , gt: वर्धमान             ,   False
केरेसश              , gt: टेरेस               ,   False
रह.                 , gt: सह.                 ,   False
ग्ना                , gt: गृहरचना             ,   False
Avg. loss: 2.2036, Accuracy: (25.26%), NED:0.67, infer-time:0.11
--------------------------------------------------------------------------------
Validating on: rval of ban
সিতা                , gt: চিকেন               ,   False
ফ্নয়                , gt: সেন্টার             ,   False
পধানা               , gt: প্রধান              ,   False
গোর্ড               , gt: গোল্ড               ,   False
জয়েলনাস             , gt: জুয়েলাস             ,   False
জপল                 , gt: জঙ্গল               ,   False
মহলে                , gt: মহলে                ,   True
উরয়ানের             , gt: উন্নয়নের            ,   False
জোয়ার               , gt: জোয়ার               ,   True
কিবন                , gt: বিপুল               ,   False
Avg. loss: 3.2047, Accuracy: (19.22%), NED:0.60, infer-time:0.13
--------------------------------------------------------------------------------
iter: 9100 loss: 0.02634022943675518
iter: 9200 loss: 0.035091958940029144
iter: 9300 loss: 0.033964939415454865
iter: 9400 loss: 0.0202921275049448
iter: 9500 loss: 0.03419274091720581
iter: 9600 loss: 0.04768555611371994
iter: 9700 loss: 0.02894381247460842
iter: 9800 loss: 0.03688250109553337
iter: 9900 loss: 0.04204753786325455
iter: 10000 loss: 0.030353819951415062
--------------------------------------------------------------------------------
Validating on: rval of hindi
स्वरा्य             , gt: स्वराज्य            ,   False
हा                  , gt: हा                  ,   True
माहा                , gt: माझा                ,   False
जिंड                , gt: जन्मसिद्ध           ,   False
हकक                 , gt: हक्क                ,   False
ऑहे                 , gt: आहे                 ,   False
वरथमान              , gt: वर्धमान             ,   False
टेेश                , gt: टेरेस               ,   False
सहा.                , gt: सह.                 ,   False
शरुचना              , gt: गृहरचना             ,   False
Avg. loss: 2.0317, Accuracy: (25.60%), NED:0.67, infer-time:0.11
--------------------------------------------------------------------------------
Validating on: rval of ban
ফিা                 , gt: চিকেন               ,   False
জের                 , gt: সেন্টার             ,   False
প্ধার               , gt: প্রধান              ,   False
গোল্ড               , gt: গোল্ড               ,   True
ওুয়েনাথণ            , gt: জুয়েলাস             ,   False
ভ্পল                , gt: জঙ্গল               ,   False
মহলে                , gt: মহলে                ,   True
উয়ানের              , gt: উন্নয়নের            ,   False
জোায়ার              , gt: জোয়ার               ,   False
বিপান               , gt: বিপুল               ,   False
Avg. loss: 3.1263, Accuracy: (20.41%), NED:0.61, infer-time:0.15
--------------------------------------------------------------------------------
iter: 10100 loss: 0.03139413893222809
iter: 10200 loss: 0.02995898388326168
iter: 10300 loss: 0.06861447542905807
iter: 10400 loss: 0.02053040638566017
iter: 10500 loss: 0.025211218744516373
iter: 10600 loss: 0.0653686672449112
iter: 10700 loss: 0.040581196546554565
iter: 10800 loss: 0.046964988112449646
iter: 10900 loss: 0.034638069570064545
iter: 11000 loss: 0.030290648341178894
--------------------------------------------------------------------------------
Validating on: rval of hindi
स्वरा्य             , gt: स्वराज्य            ,   False
हा                  , gt: हा                  ,   True
मा्खा               , gt: माझा                ,   False
जमरिद               , gt: जन्मसिद्ध           ,   False
हकत                 , gt: हक्क                ,   False
ऑहे                 , gt: आहे                 ,   False
धरधनान              , gt: वर्धमान             ,   False
वेेश                , gt: टेरेस               ,   False
सहि.                , gt: सह.                 ,   False
शृचना               , gt: गृहरचना             ,   False
Avg. loss: 2.0790, Accuracy: (26.28%), NED:0.66, infer-time:0.13
--------------------------------------------------------------------------------
Validating on: rval of ban
পাকবিলী             , gt: চিকেন               ,   False
গৌলসর               , gt: সেন্টার             ,   False
গ্রধান              , gt: প্রধান              ,   False
গোল্ড               , gt: গোল্ড               ,   True
জুয়নস               , gt: জুয়েলাস             ,   False
জপল                 , gt: জঙ্গল               ,   False
সহলে                , gt: মহলে                ,   False
উয়নের               , gt: উন্নয়নের            ,   False
গোয়ার               , gt: জোয়ার               ,   False
বিপালা              , gt: বিপুল               ,   False
Avg. loss: 3.2434, Accuracy: (20.41%), NED:0.60, infer-time:0.13
--------------------------------------------------------------------------------
iter: 11100 loss: 0.03213423490524292
iter: 11200 loss: 0.027623247355222702
iter: 11300 loss: 0.04018252715468407
iter: 11400 loss: 0.016309503465890884
iter: 11500 loss: 0.019077343866229057
iter: 11600 loss: 0.025455113500356674
iter: 11700 loss: 0.02719869092106819
iter: 11800 loss: 0.033704597502946854
iter: 11900 loss: 0.027698609977960587
iter: 12000 loss: 0.03427397087216377
--------------------------------------------------------------------------------
Validating on: rval of hindi
स्वरा्य             , gt: स्वराज्य            ,   False
हा                  , gt: हा                  ,   True
माखा                , gt: माझा                ,   False
जतससिंड             , gt: जन्मसिद्ध           ,   False
हकत                 , gt: हक्क                ,   False
साहे                , gt: आहे                 ,   False
वरधिमानज            , gt: वर्धमान             ,   False
देेश                , gt: टेरेस               ,   False
सही.                , gt: सह.                 ,   False
वृुरचना             , gt: गृहरचना             ,   False
Avg. loss: 2.1145, Accuracy: (23.38%), NED:0.66, infer-time:0.15
--------------------------------------------------------------------------------
Validating on: rval of ban
দিকততা              , gt: চিকেন               ,   False
চোটৌগ               , gt: সেন্টার             ,   False
প্রখানা             , gt: প্রধান              ,   False
গোড্ড               , gt: গোল্ড               ,   False
ওয়েনগ               , gt: জুয়েলাস             ,   False
ভপাল                , gt: জঙ্গল               ,   False
মথলে                , gt: মহলে                ,   False
উরায়ানের            , gt: উন্নয়নের            ,   False
ভোয়ার               , gt: জোয়ার               ,   False
টিশল                , gt: বিপুল               ,   False
Avg. loss: 3.3988, Accuracy: (20.41%), NED:0.61, infer-time:0.16
--------------------------------------------------------------------------------
iter: 12100 loss: 0.021224549040198326
iter: 12200 loss: 0.044158175587654114
iter: 12300 loss: 0.04066411033272743
iter: 12400 loss: 0.034089356660842896
iter: 12500 loss: 0.05975349247455597
iter: 12600 loss: 0.0381079837679863
iter: 12700 loss: 0.03770873695611954
iter: 12800 loss: 0.030610665678977966
iter: 12900 loss: 0.021690649911761284
iter: 13000 loss: 0.011216382496058941
--------------------------------------------------------------------------------
Validating on: rval of hindi
स्वराय              , gt: स्वराज्य            ,   False
हा                  , gt: हा                  ,   True
भाा                 , gt: माझा                ,   False
जत्मसिंद            , gt: जन्मसिद्ध           ,   False
हत                  , gt: हक्क                ,   False
ऑहे                 , gt: आहे                 ,   False
धर्धमान             , gt: वर्धमान             ,   False
केरेश               , gt: टेरेस               ,   False
सहा.                , gt: सह.                 ,   False
शहचना               , gt: गृहरचना             ,   False
Avg. loss: 2.3307, Accuracy: (23.72%), NED:0.64, infer-time:0.12
--------------------------------------------------------------------------------
Validating on: rval of ban
সিদ্স               , gt: চিকেন               ,   False
আৌনয়                , gt: সেন্টার             ,   False
পধাা                , gt: প্রধান              ,   False
গোষ্ড               , gt: গোল্ড               ,   False
জমেমায়              , gt: জুয়েলাস             ,   False
ভ্সল                , gt: জঙ্গল               ,   False
মহলে                , gt: মহলে                ,   True
উয়য়নের              , gt: উন্নয়নের            ,   False
জোায়ার              , gt: জোয়ার               ,   False
দিশলন               , gt: বিপুল               ,   False
Avg. loss: 3.5253, Accuracy: (16.33%), NED:0.59, infer-time:0.13
--------------------------------------------------------------------------------
iter: 13100 loss: 0.0351940356194973
iter: 13200 loss: 0.014763121493160725
iter: 13300 loss: 0.024787036702036858
iter: 13400 loss: 0.02757740207016468
iter: 13500 loss: 0.020496077835559845
iter: 13600 loss: 0.033796437084674835
iter: 13700 loss: 0.014379886910319328
iter: 13800 loss: 0.03203463554382324
iter: 13900 loss: 0.030633114278316498
iter: 14000 loss: 0.04750218242406845
--------------------------------------------------------------------------------
Validating on: rval of hindi
स्वरा्च             , gt: स्वराज्य            ,   False
व                   , gt: हा                  ,   False
माा                 , gt: माझा                ,   False
नमिद                , gt: जन्मसिद्ध           ,   False
ह्क                 , gt: हक्क                ,   False
ऑहे                 , gt: आहे                 ,   False
वरेनान              , gt: वर्धमान             ,   False
टेेश                , gt: टेरेस               ,   False
सह.                 , gt: सह.                 ,   True
ऋृंचना              , gt: गृहरचना             ,   False
Avg. loss: 2.3534, Accuracy: (23.55%), NED:0.63, infer-time:0.14
--------------------------------------------------------------------------------
Validating on: rval of ban
সিকো               , gt: চিকেন               ,   False
গোননতস              , gt: সেন্টার             ,   False
প্ঁখানি             , gt: প্রধান              ,   False
গোভড                , gt: গোল্ড               ,   False
ডেনাৎ               , gt: জুয়েলাস             ,   False
ভপলী                , gt: জঙ্গল               ,   False
মহে                 , gt: মহলে                ,   False
উোয়নের              , gt: উন্নয়নের            ,   False
গো্য়ার              , gt: জোয়ার               ,   False
কিশানু              , gt: বিপুল               ,   False
Avg. loss: 3.8477, Accuracy: (15.99%), NED:0.57, infer-time:0.13
--------------------------------------------------------------------------------
iter: 14100 loss: 0.05533607676625252
iter: 14200 loss: 0.04524534195661545
iter: 14300 loss: 0.01924545131623745
iter: 14400 loss: 0.041281890124082565
iter: 14500 loss: 0.042233195155858994
