{'hindi': ' !"#$%&\'()*+-./0123456789:;<=>?ँंःअआइईउऊऋएऐऑओऔकखगघचछजझञटठडढणतथदधनपफबभमयरलळवशषसह़ािीुूृॅेैॉोौ्ॐड़ढ़।०१२३४५६७८९', 'ban': '!"%\'()*+-./012345789:;=?ঁংঃঅআইঈউঊঋএঐওঔকখগঘঙচছজঝঞটঠডঢণতথদধনপফবভমযরলশষসহ়ািীুূৃৄেৈোৌ্ৎড়ঢ়য়০১২৩৪৫৬৭৮৯ৰ৷৺', 'arab': '!"#()+-./:،ءآأؤإئابةتثجحخدذرزسشصضطظعغـفقكلمنهوىيًٌَُِّْ٠١٢٣٤٥٦٧٨٩٫٬پڤڥڨڭ', 'latin': '!"#$%&\'()*+-./:;0123456789<=>?@[\\]_`abcdefghijklmnopqrstuvwxyzABCDEFGHIJKLMNOPQRSTUVWXYZÀÁÂÃÄÇÈÉÊËÌÎÒÔÖ×ÙÜßàáâãäçèéêìîòóôöùúûüĀōŒœŸƹɑˉΦβδεμοШзлфч', 'japan': '!%&()+-./0123456789:あいうえおかがきぎくぐけげこごさざしじすずせそぞただちつづてでとどなにぬねのはばぱひびぴふぶぷへべぺほぼぽまみむめもやゆよらりるれろわゐをんアイウエオカガキギクグケゲコゴサザシジスズセゼソゾタダチツヅテデトドナニネノハバパヒビピフブプヘベペホボポマミムメモヤユヨラリルレロワヱヲンヴ', 'ch': '!"#$%&\'()*+-./:;0123456789一丁七万丈三上下不与专且世丘业东丝両两严並个中丰串临丸丹为主丽举乃久义之乌乎乐乒乓乗乘乙九也习乡书买乱乾亀了予争事二亍于亐云互五井亚些交亦产亨享京亭亮人什仁仅今介仍从仑仓仕他付仙仞代令以仪们仲件价任份企伊伐休众优会伝伟传伤伴伸似但位低住佐佑体何余佛作你佳併佶使例侍供依侠価侦侧侨侯侵便係俄俊俏俗保信修俱倉個倍倒候借倡値倶债值假做停健側偶偷偽傅備催傷傾働像僕償優儿允元兄充兆先光克免児兒党入內全八公六兰共关兴兵其具典养兼内円冈再写军农冠冥冬冰冲决况冷冻净准凌凍减凖几凤処凭出击刀分切刊刑划列刘则创初判別利别到制刷券刹刺刻剂削前剛剤剧剩剪副割創劑力办功加务劣动助努励劳労劵効勑動勘務勝募勢勤勿包化北匙匠区医匾區十千升午半华协卑卓協单卖南単博卜占卡卧卫印危即却卷厂厅历厉压厕厘厚原厢厦厨厳去县参又叉及友双反収发取受变叠口古句只召叭可台史右叶号司吃各合吉吊同名后吐向吗君吞否吧含听启吴吸呂呉告员周味呼命和咖咨咲咽品哈哉响哗員哦哪唐售唸商問啓啟啡啥喀善喇喉喜喧喫喰営喷嗣嘉嘘嘴噌器噴嚴囚四回因团団园困囲図围固国图圃圆圈國圏園圓圖土圣圧在圭地圳场圾址坂均坊坎坏坐坑块坚坛坝坡垂垃型垚垣城域埠培基埼堂堅堆堤報場塑塔塘塚塞塩塾境墅墓増墙增墨壁壇士壮声壱売壹处备変复夏夕外多夜够大天太夫夭央失头夷夹奇奈奉奋奎契奕奖套奠奥女奶她好如妆妇妍妝妥妹姊始姐姓委姚威娘娱婚婦婷媒媛嫁嫌嬪子孕字存孝孟季学孩孵學宁它宅宇守安完宏宗官定宜宝实実宠审客宣室宫宮害宴宵家容宽宾宿寄寅密富寒寓察寢寧寨寶寸对寺寻导対寿封専射将尊導小少尔尚尝就尺尻尼尽尾尿局屁层居届屋展属層履屯山岁岔岗岛岡岩岫岭岳岷岸峡峭峰島崎崖崗嵩嶽川州巡巢工左巧巨差己已巴巷巻币市布师希帝带師席帮帯帰常帽幅幌幔幕幡幣干平年并幸幹幻幼幾广庁広庄庆床序库应底店庙府度座庫庭庵庶康廃廉廊廖延建开弁异式弐引弘弟张弧弯弱張強弹强弾归当录形彤彩影役彻往征径很律後徐徑得御復循微徳徴德徽心必忍志忘応忠忧快念怀态思怡急性总恒恭息恵恶患悦您悬悲情惑惗惟惠惣惱想惺愉意愛感愿慈態慎慢慧慮慶憲戏成我戒或战戦戰戴戶户戸房所扁扉手才扎打払扣执扩扫扬扱扶批找承技把抑抓投抗折抜択抢护报抵押抽拆拉拍拎拐拔拘拙招拜拡拥拨拳拼拾拿持挂指按挡挪挫振挽挿捌捐损换捨据捻授掌排掘探接控推揉描提插揚換握揮援損搬搭携摄摆摇摊摘摩播操擎擦攀支收改攻放政故效救教散敬数整數文斋斎斗料斜斤斧断斯新方於施旁旅族旗无日旦旧旨早旬旭时旺昂昆昇昊昌明昏易星映春昨昭是昼显時晃晋晚晟晩普景晴智暂暖暗暨暮曙曜曲更書曽曾替最會月有朋服朔朗望朝期朦木未末本札术朱机杀杂权杉李杏材村杜束条来杨杭杰東松板极构枉析林枚果枝枠枫架柄柏染柔柜查柳査柿栄标栋栏树栓栗校株样核根格栽桂桃案桌桜档桥桦桶桷梁梅梓條梦梨梯械检棋棍棚森棱棵椅椎椒検椴楊楕楚業極楼楽概榆榛榜榨榭構槍様槟槽樂標樟模樣横樫樹橋橙機橫檔欠次欢欣欧欽款歌歓歡止正此步武歩歪歯歳死殊残段殿母毎每比毕毛氏民气気氟氣氩水氷永汀汁求汇汉汕汚江池污汤決汽沃沖沙沟没沢沪河油治沼沿況泉泊法泛泡波注泰泳泵泽洁洋洗洛洞津洪洱洲活洼派流浄浅测济浓浙浜浦浩浪浮浴海浸消涡润涧涪液涼淀淇淋淡深添清済渋渔減渡渣温測港游湖湘湯湾湿満源準溝溢溪滅滋滑滕滞满滦滨滿漆演漢漫潅潍潔潜潤潮澜澡澳激濃濟濡濯瀑瀬火灭灯灰灵灸災灾炉炎炒炖炙炭炮炸点為烈烏烘烟烤烦烧烫热烯焊焖焙焚無焰然焼煌煎煙煤照煮熙熟熱燃燒營燥燦爆爨爬爱爷爸片版牌牙牛牡牢牧物特犬犯状狩独狮猛猫献獣玄率玉王玖玛玥玩玫环现玲玻珈珍珞珠班現球理琏琲琴琼瑞瑰璃環瓜瓦瓶甘甜生產産用甩田由甲申电男甸町画畅界畑留略番異畳畿疆疋疏疗疫疯疲疾病症痛瘋瘦瘫療発登白百的皆皇皋皮皿盂益监盒盖盗盘盛盟監盤目盲直相盼盾省眉看県真眠眺眼眾着睡督睦睿瞬矢知短矯石矿码砂砌研砖砧破硕硝硬确碑碗碧碰碳確磁磨礎示礼社祈祉祖祜祝神祠祥票祭祷祸禁禄禅福离禾秀私秋种科秒秘租秦秩称移稀稅程税稚種稲稳稻稿穂穴究空突窃窄窓窗窝立站竞章童端競竹笑笔第笹笼等筋筏筑筒答策筹签简箇算管箫箱節範篆築簡簿籍米类粉粒粥粧粮粱精糕糖糯糸系紀約紅納紙級紛素紡索紧紫細紳紺終組経結絡給統絵經綜綠綦維綱緊総緑緒線締編練縄縣縦縱總繁織繰纉红纤约级纪纬纯纱纳纵纹纺纽线绀组细织终绍经绒结绕绘给络绝统继续维综绿缆编缘缩缶网罔罗罚罪置罰署美群義羽翌習翔翠翻老考者而耐耳耻职联聘聚聞聴職肉肌肖股肥肩肪肯育胀胁背胜胡胧胶能脂脏脑脚脱脸腐腰腹腾膚膜膳臣臨自臭至致臺臻臼興舍舎舒舗舘舟航舫般舰舱船艇良色艳艺节芋芙芝芦芯花芳芸苍苏苑苗若苦英苹茂范茄茗茶茸荆草荐荔荚荣药荷荻莅莊莎莓莫莲获菀菇菌菓菜華菱菲菸萝营萬落葉著葛董葦葵蒙蒲蒸蒾蓄蓉蓝蓬蔦蔬蔵蔷蕎蕓蕨蕾薄薇薙薬藍藏藤蘑蘭虎處號虫虹蜜蝶螃融螢螺蟹血行術衔街衛衡衣表袋被裁装裕補裳裹製複襄西要覇見規視親観觀见观规视览觉角解触言計託記設許訴診証評試詰話詳詹誌認誓誠説読誰課調談請諸講警議護讀计订认讨让训议讯记讲许论设访证评识诉词试诗诚话诞询详语误说请诺读谁调谈谊谐谢谨谷豆豊豚象豪貝貞負財貨販貫責貯貳貴買貸費賀賃賑賞賠賢質購贈贋财责贤账货质购贯贵贸费贺贼资赏赐赖赛赠赢赤赦走赴赵赶起超越足跃跆跑距跟跡跨路践踏踩踪身車軍軒転軽較載輔輝輪輸车轩转轮软轻载较辅辆辑输辛辞辣辫辰边辺辻込辽达迁过迈迎运近返还这进远违连迪迫述迷迹追送适选透递途逗通速造連週進逸逻逼遇遊運過道達違遗遠遣適遵選遺避邊那邦邮邻郁郊郎郝郡部郵郷都鄂鄉鄙酉酌配酒酔酱酵酷酸酿醉醒醜醫采释里重野量金釜釣鉄鉾銀銘銭鋪鋳錦録鍋鎌鏡鐘鐫鐵鐸鑑鑫钓钛钟钢钥钮钱钻铁铃铝银铺链销锁锅锈锋锐锡锦键镁镇镜長长門閉開間関閣閩關门闭问闲间闸闻阁队阪防阳阶阻阿附际陆陈降限陕陡院除险陪陰陳陵陶陷陸険陽隅隆隊階随隔際障隣隧隨險隸难雄雅集雉雕雜離難雨雪雲零雷電需震霉霧露青靖静靜非靠靡面革鞄鞋韩音韵頂頃項順頑領頭頼題額顔願類顶项顺须顾颁预领频题颜额風风飛飞食飯飲飴餅養餐館饅饭饮饰饺馆首香馨馬駅駐駿騒験驗马驰驶驾验骏骨體高髙髪鬼魂魏魔魚鮎鮨鮮鱼鲁鲍鲜鲨鳝鳥鴉鴨鵡鶏鷹鸟鸡鸣鸦鸭鸿鹏鹤鹰鹿麒麓麗麟麦麺麻黄黑黒鼎鼓鼻齿龄龋龍龙龜', 'korean': "!%'()+-./0123456789:가각간갈감갑값강같개객갤갱걔거건걷걸검겁것겉게겐겠겡겨격견결겸겹경계고곡곤골곰곱곳공과곽관광괴굉교구국군굴굽궁궈권귀규균그극근글금급긋기긴길김깃깅깊깋까깐깔깨꺼껌껏께꼇꼬꼭꼼꽁꽃꽉꾜꾸꿀꿈꿍끄끈끓끔끗끼낀나낙난날남납났낭낮내낸냉냐너널넓넘넛넣네넥넨넷넹녁년녋념노녹논농높놓누눈눌눔눙눠뉴느는늘능니닉닌닐님닝다닥단닫달닭담답당대댄댸더덕던덮데덱덴델뎀뎅도독돈돌돔동돠돱돼되된될됩두둠둥뒤뒷듀드득든들듬듭등디딘딛딜딥딨딩따딱딸때땐떠떡떳떻떼뗙뗜또뚜뛰뜨뜰뜻띠띰라락란랄람랍랑래랙랜램랫량러런럼럽렁렇레렉렌렐려력련렬령로록론롤롬롭롯롱뢰료루룩룸뤼류륙륜륨르륵륶른를름릇릉리릭린릴림립릿링마막만많말맙맛망맞맟매맥맨먀먜먯머먹먼멀멋멍메멕멘멜멤멩며면멸몁명몇모목몫몬몰몸못몽묘무묵묶문물뮌뮤므믈믑믜미믹민믿밀밌밎및바박반받발밝밤밥밧방배백밴뱃뱅뱍버번벌범법베벤벨벼벽변별병보복볶본볼봄봉봐부북붂분불붐붓붕붙뷔브븍븐블비빈빌빔빗빙빚빛빠빨빵뼈뽑뽕뾰뿍뿐뿜쁜사삭산살삼삽삿상새색샌샐샘생샤샴샵샾섕서석선설섭성세센섿셀셔션셜셨셩셰소속손솔솜송솥쇄쇠쇼수숙순술숨숭숯숲숴쉅쉐쉬쉴쉽쉿슈슐스슥슨슬슴습승슼슽싀시식신실심십싱싸싼쌀쌩써썹쏙쏟쑤쓰씀씌씨아악안않알암압앗았앙앞애액앤앨앰앱야약양어억언얹얼엄업없엇었엉에엔엘엠엣여역연열염엽엿였영옆예옛오옥온올옴옷옹와완왔왕왜외왼요욕욘용우욱운울움웃웅워웍원월웨웰웹위윈유육윤율융으은을음응의이익인일읽임입잇있잉잊자작잔잖잘잠잡장재잭쟘쟝저적전절젊점접정제젠젤져젹젼젿졈조족존졸종좋좌죄죠주죽준줄줌중줘쥬즈즉즌즐증즤지직진질짐집징짜짝짬짱째쩝쪼쪽쫄쭈쯕찌찐차착찬찰찲참찻창찾채책챌챗챠처척천철첨첩첫청체첼쳤초촉총촬최쵸추축춘출충취츄츠측층치칙친칠침칭카칸칼캅캐캔캠캡컘커컨컬컴컵케켄켓켜켭켸코콕콘콜콤콩쾌쿄쿠쿨퀴큐크큰클큼킁킈키킨킬킴킹타탁탄탈탐탑탕태택탠탱턔터턱턴털턺텀테텍텐텔템텝텨토톡톤통투툰튀튝튬트특튼틀틈티틱틴틸팀팅파팍판팔팜팟팡팥패팩팬팻퍼펀펄페펫펴편평폐포폭폰폴폼표푸풀품풍퓨프픈플픔픗픚픠피핀핃필핌핏핑하학한함합핫항해핸햄했행햐향허헌헐험헙헤헬혀혁현혈협형혜호혼홀홈홉홋홍화환활황홰회획횡효횹후훈훤훼휘휴흉흐흑흔흡흥희히힉힌힐힘힝"}
No Transformation module specified
SharedLSTMModel(
  (Predictions): ModuleDict(
    (hindi): Linear(in_features=256, out_features=107, bias=True)
    (ban): Linear(in_features=256, out_features=100, bias=True)
    (arab): Linear(in_features=256, out_features=72, bias=True)
    (latin): Linear(in_features=256, out_features=145, bias=True)
    (japan): Linear(in_features=256, out_features=161, bias=True)
    (ch): Linear(in_features=256, out_features=2511, bias=True)
    (korean): Linear(in_features=256, out_features=954, bias=True)
  )
  (FeatureExtraction): ResNet_FeatureExtractor(
    (ConvNet): ResNet(
      (conv0_1): Conv2d(1, 32, kernel_size=(3, 3), stride=(1, 1), padding=(1, 1), bias=False)
      (bn0_1): BatchNorm2d(32, eps=1e-05, momentum=0.1, affine=True, track_running_stats=True)
      (conv0_2): Conv2d(32, 64, kernel_size=(3, 3), stride=(1, 1), padding=(1, 1), bias=False)
      (bn0_2): BatchNorm2d(64, eps=1e-05, momentum=0.1, affine=True, track_running_stats=True)
      (relu): ReLU(inplace=True)
      (maxpool1): MaxPool2d(kernel_size=2, stride=2, padding=0, dilation=1, ceil_mode=False)
      (layer1): Sequential(
        (0): BasicBlock(
          (conv1): Conv2d(64, 128, kernel_size=(3, 3), stride=(1, 1), padding=(1, 1), bias=False)
          (bn1): BatchNorm2d(128, eps=1e-05, momentum=0.1, affine=True, track_running_stats=True)
          (conv2): Conv2d(128, 128, kernel_size=(3, 3), stride=(1, 1), padding=(1, 1), bias=False)
          (bn2): BatchNorm2d(128, eps=1e-05, momentum=0.1, affine=True, track_running_stats=True)
          (relu): ReLU(inplace=True)
          (downsample): Sequential(
            (0): Conv2d(64, 128, kernel_size=(1, 1), stride=(1, 1), bias=False)
            (1): BatchNorm2d(128, eps=1e-05, momentum=0.1, affine=True, track_running_stats=True)
          )
        )
      )
      (conv1): Conv2d(128, 128, kernel_size=(3, 3), stride=(1, 1), padding=(1, 1), bias=False)
      (bn1): BatchNorm2d(128, eps=1e-05, momentum=0.1, affine=True, track_running_stats=True)
      (maxpool2): MaxPool2d(kernel_size=2, stride=2, padding=0, dilation=1, ceil_mode=False)
      (layer2): Sequential(
        (0): BasicBlock(
          (conv1): Conv2d(128, 256, kernel_size=(3, 3), stride=(1, 1), padding=(1, 1), bias=False)
          (bn1): BatchNorm2d(256, eps=1e-05, momentum=0.1, affine=True, track_running_stats=True)
          (conv2): Conv2d(256, 256, kernel_size=(3, 3), stride=(1, 1), padding=(1, 1), bias=False)
          (bn2): BatchNorm2d(256, eps=1e-05, momentum=0.1, affine=True, track_running_stats=True)
          (relu): ReLU(inplace=True)
          (downsample): Sequential(
            (0): Conv2d(128, 256, kernel_size=(1, 1), stride=(1, 1), bias=False)
            (1): BatchNorm2d(256, eps=1e-05, momentum=0.1, affine=True, track_running_stats=True)
          )
        )
        (1): BasicBlock(
          (conv1): Conv2d(256, 256, kernel_size=(3, 3), stride=(1, 1), padding=(1, 1), bias=False)
          (bn1): BatchNorm2d(256, eps=1e-05, momentum=0.1, affine=True, track_running_stats=True)
          (conv2): Conv2d(256, 256, kernel_size=(3, 3), stride=(1, 1), padding=(1, 1), bias=False)
          (bn2): BatchNorm2d(256, eps=1e-05, momentum=0.1, affine=True, track_running_stats=True)
          (relu): ReLU(inplace=True)
        )
      )
      (conv2): Conv2d(256, 256, kernel_size=(3, 3), stride=(1, 1), padding=(1, 1), bias=False)
      (bn2): BatchNorm2d(256, eps=1e-05, momentum=0.1, affine=True, track_running_stats=True)
      (maxpool3): MaxPool2d(kernel_size=2, stride=(2, 1), padding=(0, 1), dilation=1, ceil_mode=False)
      (layer3): Sequential(
        (0): BasicBlock(
          (conv1): Conv2d(256, 512, kernel_size=(3, 3), stride=(1, 1), padding=(1, 1), bias=False)
          (bn1): BatchNorm2d(512, eps=1e-05, momentum=0.1, affine=True, track_running_stats=True)
          (conv2): Conv2d(512, 512, kernel_size=(3, 3), stride=(1, 1), padding=(1, 1), bias=False)
          (bn2): BatchNorm2d(512, eps=1e-05, momentum=0.1, affine=True, track_running_stats=True)
          (relu): ReLU(inplace=True)
          (downsample): Sequential(
            (0): Conv2d(256, 512, kernel_size=(1, 1), stride=(1, 1), bias=False)
            (1): BatchNorm2d(512, eps=1e-05, momentum=0.1, affine=True, track_running_stats=True)
          )
        )
        (1): BasicBlock(
          (conv1): Conv2d(512, 512, kernel_size=(3, 3), stride=(1, 1), padding=(1, 1), bias=False)
          (bn1): BatchNorm2d(512, eps=1e-05, momentum=0.1, affine=True, track_running_stats=True)
          (conv2): Conv2d(512, 512, kernel_size=(3, 3), stride=(1, 1), padding=(1, 1), bias=False)
          (bn2): BatchNorm2d(512, eps=1e-05, momentum=0.1, affine=True, track_running_stats=True)
          (relu): ReLU(inplace=True)
        )
        (2): BasicBlock(
          (conv1): Conv2d(512, 512, kernel_size=(3, 3), stride=(1, 1), padding=(1, 1), bias=False)
          (bn1): BatchNorm2d(512, eps=1e-05, momentum=0.1, affine=True, track_running_stats=True)
          (conv2): Conv2d(512, 512, kernel_size=(3, 3), stride=(1, 1), padding=(1, 1), bias=False)
          (bn2): BatchNorm2d(512, eps=1e-05, momentum=0.1, affine=True, track_running_stats=True)
          (relu): ReLU(inplace=True)
        )
        (3): BasicBlock(
          (conv1): Conv2d(512, 512, kernel_size=(3, 3), stride=(1, 1), padding=(1, 1), bias=False)
          (bn1): BatchNorm2d(512, eps=1e-05, momentum=0.1, affine=True, track_running_stats=True)
          (conv2): Conv2d(512, 512, kernel_size=(3, 3), stride=(1, 1), padding=(1, 1), bias=False)
          (bn2): BatchNorm2d(512, eps=1e-05, momentum=0.1, affine=True, track_running_stats=True)
          (relu): ReLU(inplace=True)
        )
        (4): BasicBlock(
          (conv1): Conv2d(512, 512, kernel_size=(3, 3), stride=(1, 1), padding=(1, 1), bias=False)
          (bn1): BatchNorm2d(512, eps=1e-05, momentum=0.1, affine=True, track_running_stats=True)
          (conv2): Conv2d(512, 512, kernel_size=(3, 3), stride=(1, 1), padding=(1, 1), bias=False)
          (bn2): BatchNorm2d(512, eps=1e-05, momentum=0.1, affine=True, track_running_stats=True)
          (relu): ReLU(inplace=True)
        )
      )
      (conv3): Conv2d(512, 512, kernel_size=(3, 3), stride=(1, 1), padding=(1, 1), bias=False)
      (bn3): BatchNorm2d(512, eps=1e-05, momentum=0.1, affine=True, track_running_stats=True)
      (layer4): Sequential(
        (0): BasicBlock(
          (conv1): Conv2d(512, 512, kernel_size=(3, 3), stride=(1, 1), padding=(1, 1), bias=False)
          (bn1): BatchNorm2d(512, eps=1e-05, momentum=0.1, affine=True, track_running_stats=True)
          (conv2): Conv2d(512, 512, kernel_size=(3, 3), stride=(1, 1), padding=(1, 1), bias=False)
          (bn2): BatchNorm2d(512, eps=1e-05, momentum=0.1, affine=True, track_running_stats=True)
          (relu): ReLU(inplace=True)
        )
        (1): BasicBlock(
          (conv1): Conv2d(512, 512, kernel_size=(3, 3), stride=(1, 1), padding=(1, 1), bias=False)
          (bn1): BatchNorm2d(512, eps=1e-05, momentum=0.1, affine=True, track_running_stats=True)
          (conv2): Conv2d(512, 512, kernel_size=(3, 3), stride=(1, 1), padding=(1, 1), bias=False)
          (bn2): BatchNorm2d(512, eps=1e-05, momentum=0.1, affine=True, track_running_stats=True)
          (relu): ReLU(inplace=True)
        )
        (2): BasicBlock(
          (conv1): Conv2d(512, 512, kernel_size=(3, 3), stride=(1, 1), padding=(1, 1), bias=False)
          (bn1): BatchNorm2d(512, eps=1e-05, momentum=0.1, affine=True, track_running_stats=True)
          (conv2): Conv2d(512, 512, kernel_size=(3, 3), stride=(1, 1), padding=(1, 1), bias=False)
          (bn2): BatchNorm2d(512, eps=1e-05, momentum=0.1, affine=True, track_running_stats=True)
          (relu): ReLU(inplace=True)
        )
      )
      (conv4_1): Conv2d(512, 512, kernel_size=(2, 2), stride=(2, 1), padding=(0, 1), bias=False)
      (bn4_1): BatchNorm2d(512, eps=1e-05, momentum=0.1, affine=True, track_running_stats=True)
      (conv4_2): Conv2d(512, 512, kernel_size=(2, 2), stride=(1, 1), bias=False)
      (bn4_2): BatchNorm2d(512, eps=1e-05, momentum=0.1, affine=True, track_running_stats=True)
    )
  )
  (AdaptiveAvgPool): AdaptiveAvgPool2d(output_size=(None, 1))
  (rnn_lang): Sequential(
    (0): BidirectionalLSTM(
      (rnn): LSTM(512, 256, batch_first=True, bidirectional=True)
      (linear): Linear(in_features=512, out_features=256, bias=True)
    )
    (1): BidirectionalLSTM(
      (rnn): LSTM(256, 256, batch_first=True, bidirectional=True)
      (linear): Linear(in_features=512, out_features=256, bias=True)
    )
  )
)
Trainable params num :  48197042
------------ Options -------------
experiment_name: test_loaders_single
exp_dir: exps
select_data: ['Syn', 'Real']
batch_ratio: [0, 1]
calc_best_metric_on: rval
save_iter: 1000
print_iter: 100
character: {'hindi': ' !"#$%&\'()*+-./0123456789:;<=>?ँंःअआइईउऊऋएऐऑओऔकखगघचछजझञटठडढणतथदधनपफबभमयरलळवशषसह़ािीुूृॅेैॉोौ्ॐड़ढ़।०१२३४५६७८९', 'ban': '!"%\'()*+-./012345789:;=?ঁংঃঅআইঈউঊঋএঐওঔকখগঘঙচছজঝঞটঠডঢণতথদধনপফবভমযরলশষসহ়ািীুূৃৄেৈোৌ্ৎড়ঢ়য়০১২৩৪৫৬৭৮৯ৰ৷৺', 'arab': '!"#()+-./:،ءآأؤإئابةتثجحخدذرزسشصضطظعغـفقكلمنهوىيًٌَُِّْ٠١٢٣٤٥٦٧٨٩٫٬پڤڥڨڭ', 'latin': '!"#$%&\'()*+-./:;0123456789<=>?@[\\]_`abcdefghijklmnopqrstuvwxyzABCDEFGHIJKLMNOPQRSTUVWXYZÀÁÂÃÄÇÈÉÊËÌÎÒÔÖ×ÙÜßàáâãäçèéêìîòóôöùúûüĀōŒœŸƹɑˉΦβδεμοШзлфч', 'japan': '!%&()+-./0123456789:あいうえおかがきぎくぐけげこごさざしじすずせそぞただちつづてでとどなにぬねのはばぱひびぴふぶぷへべぺほぼぽまみむめもやゆよらりるれろわゐをんアイウエオカガキギクグケゲコゴサザシジスズセゼソゾタダチツヅテデトドナニネノハバパヒビピフブプヘベペホボポマミムメモヤユヨラリルレロワヱヲンヴ', 'ch': '!"#$%&\'()*+-./:;0123456789一丁七万丈三上下不与专且世丘业东丝両两严並个中丰串临丸丹为主丽举乃久义之乌乎乐乒乓乗乘乙九也习乡书买乱乾亀了予争事二亍于亐云互五井亚些交亦产亨享京亭亮人什仁仅今介仍从仑仓仕他付仙仞代令以仪们仲件价任份企伊伐休众优会伝伟传伤伴伸似但位低住佐佑体何余佛作你佳併佶使例侍供依侠価侦侧侨侯侵便係俄俊俏俗保信修俱倉個倍倒候借倡値倶债值假做停健側偶偷偽傅備催傷傾働像僕償優儿允元兄充兆先光克免児兒党入內全八公六兰共关兴兵其具典养兼内円冈再写军农冠冥冬冰冲决况冷冻净准凌凍减凖几凤処凭出击刀分切刊刑划列刘则创初判別利别到制刷券刹刺刻剂削前剛剤剧剩剪副割創劑力办功加务劣动助努励劳労劵効勑動勘務勝募勢勤勿包化北匙匠区医匾區十千升午半华协卑卓協单卖南単博卜占卡卧卫印危即却卷厂厅历厉压厕厘厚原厢厦厨厳去县参又叉及友双反収发取受变叠口古句只召叭可台史右叶号司吃各合吉吊同名后吐向吗君吞否吧含听启吴吸呂呉告员周味呼命和咖咨咲咽品哈哉响哗員哦哪唐售唸商問啓啟啡啥喀善喇喉喜喧喫喰営喷嗣嘉嘘嘴噌器噴嚴囚四回因团団园困囲図围固国图圃圆圈國圏園圓圖土圣圧在圭地圳场圾址坂均坊坎坏坐坑块坚坛坝坡垂垃型垚垣城域埠培基埼堂堅堆堤報場塑塔塘塚塞塩塾境墅墓増墙增墨壁壇士壮声壱売壹处备変复夏夕外多夜够大天太夫夭央失头夷夹奇奈奉奋奎契奕奖套奠奥女奶她好如妆妇妍妝妥妹姊始姐姓委姚威娘娱婚婦婷媒媛嫁嫌嬪子孕字存孝孟季学孩孵學宁它宅宇守安完宏宗官定宜宝实実宠审客宣室宫宮害宴宵家容宽宾宿寄寅密富寒寓察寢寧寨寶寸对寺寻导対寿封専射将尊導小少尔尚尝就尺尻尼尽尾尿局屁层居届屋展属層履屯山岁岔岗岛岡岩岫岭岳岷岸峡峭峰島崎崖崗嵩嶽川州巡巢工左巧巨差己已巴巷巻币市布师希帝带師席帮帯帰常帽幅幌幔幕幡幣干平年并幸幹幻幼幾广庁広庄庆床序库应底店庙府度座庫庭庵庶康廃廉廊廖延建开弁异式弐引弘弟张弧弯弱張強弹强弾归当录形彤彩影役彻往征径很律後徐徑得御復循微徳徴德徽心必忍志忘応忠忧快念怀态思怡急性总恒恭息恵恶患悦您悬悲情惑惗惟惠惣惱想惺愉意愛感愿慈態慎慢慧慮慶憲戏成我戒或战戦戰戴戶户戸房所扁扉手才扎打払扣执扩扫扬扱扶批找承技把抑抓投抗折抜択抢护报抵押抽拆拉拍拎拐拔拘拙招拜拡拥拨拳拼拾拿持挂指按挡挪挫振挽挿捌捐损换捨据捻授掌排掘探接控推揉描提插揚換握揮援損搬搭携摄摆摇摊摘摩播操擎擦攀支收改攻放政故效救教散敬数整數文斋斎斗料斜斤斧断斯新方於施旁旅族旗无日旦旧旨早旬旭时旺昂昆昇昊昌明昏易星映春昨昭是昼显時晃晋晚晟晩普景晴智暂暖暗暨暮曙曜曲更書曽曾替最會月有朋服朔朗望朝期朦木未末本札术朱机杀杂权杉李杏材村杜束条来杨杭杰東松板极构枉析林枚果枝枠枫架柄柏染柔柜查柳査柿栄标栋栏树栓栗校株样核根格栽桂桃案桌桜档桥桦桶桷梁梅梓條梦梨梯械检棋棍棚森棱棵椅椎椒検椴楊楕楚業極楼楽概榆榛榜榨榭構槍様槟槽樂標樟模樣横樫樹橋橙機橫檔欠次欢欣欧欽款歌歓歡止正此步武歩歪歯歳死殊残段殿母毎每比毕毛氏民气気氟氣氩水氷永汀汁求汇汉汕汚江池污汤決汽沃沖沙沟没沢沪河油治沼沿況泉泊法泛泡波注泰泳泵泽洁洋洗洛洞津洪洱洲活洼派流浄浅测济浓浙浜浦浩浪浮浴海浸消涡润涧涪液涼淀淇淋淡深添清済渋渔減渡渣温測港游湖湘湯湾湿満源準溝溢溪滅滋滑滕滞满滦滨滿漆演漢漫潅潍潔潜潤潮澜澡澳激濃濟濡濯瀑瀬火灭灯灰灵灸災灾炉炎炒炖炙炭炮炸点為烈烏烘烟烤烦烧烫热烯焊焖焙焚無焰然焼煌煎煙煤照煮熙熟熱燃燒營燥燦爆爨爬爱爷爸片版牌牙牛牡牢牧物特犬犯状狩独狮猛猫献獣玄率玉王玖玛玥玩玫环现玲玻珈珍珞珠班現球理琏琲琴琼瑞瑰璃環瓜瓦瓶甘甜生產産用甩田由甲申电男甸町画畅界畑留略番異畳畿疆疋疏疗疫疯疲疾病症痛瘋瘦瘫療発登白百的皆皇皋皮皿盂益监盒盖盗盘盛盟監盤目盲直相盼盾省眉看県真眠眺眼眾着睡督睦睿瞬矢知短矯石矿码砂砌研砖砧破硕硝硬确碑碗碧碰碳確磁磨礎示礼社祈祉祖祜祝神祠祥票祭祷祸禁禄禅福离禾秀私秋种科秒秘租秦秩称移稀稅程税稚種稲稳稻稿穂穴究空突窃窄窓窗窝立站竞章童端競竹笑笔第笹笼等筋筏筑筒答策筹签简箇算管箫箱節範篆築簡簿籍米类粉粒粥粧粮粱精糕糖糯糸系紀約紅納紙級紛素紡索紧紫細紳紺終組経結絡給統絵經綜綠綦維綱緊総緑緒線締編練縄縣縦縱總繁織繰纉红纤约级纪纬纯纱纳纵纹纺纽线绀组细织终绍经绒结绕绘给络绝统继续维综绿缆编缘缩缶网罔罗罚罪置罰署美群義羽翌習翔翠翻老考者而耐耳耻职联聘聚聞聴職肉肌肖股肥肩肪肯育胀胁背胜胡胧胶能脂脏脑脚脱脸腐腰腹腾膚膜膳臣臨自臭至致臺臻臼興舍舎舒舗舘舟航舫般舰舱船艇良色艳艺节芋芙芝芦芯花芳芸苍苏苑苗若苦英苹茂范茄茗茶茸荆草荐荔荚荣药荷荻莅莊莎莓莫莲获菀菇菌菓菜華菱菲菸萝营萬落葉著葛董葦葵蒙蒲蒸蒾蓄蓉蓝蓬蔦蔬蔵蔷蕎蕓蕨蕾薄薇薙薬藍藏藤蘑蘭虎處號虫虹蜜蝶螃融螢螺蟹血行術衔街衛衡衣表袋被裁装裕補裳裹製複襄西要覇見規視親観觀见观规视览觉角解触言計託記設許訴診証評試詰話詳詹誌認誓誠説読誰課調談請諸講警議護讀计订认讨让训议讯记讲许论设访证评识诉词试诗诚话诞询详语误说请诺读谁调谈谊谐谢谨谷豆豊豚象豪貝貞負財貨販貫責貯貳貴買貸費賀賃賑賞賠賢質購贈贋财责贤账货质购贯贵贸费贺贼资赏赐赖赛赠赢赤赦走赴赵赶起超越足跃跆跑距跟跡跨路践踏踩踪身車軍軒転軽較載輔輝輪輸车轩转轮软轻载较辅辆辑输辛辞辣辫辰边辺辻込辽达迁过迈迎运近返还这进远违连迪迫述迷迹追送适选透递途逗通速造連週進逸逻逼遇遊運過道達違遗遠遣適遵選遺避邊那邦邮邻郁郊郎郝郡部郵郷都鄂鄉鄙酉酌配酒酔酱酵酷酸酿醉醒醜醫采释里重野量金釜釣鉄鉾銀銘銭鋪鋳錦録鍋鎌鏡鐘鐫鐵鐸鑑鑫钓钛钟钢钥钮钱钻铁铃铝银铺链销锁锅锈锋锐锡锦键镁镇镜長长門閉開間関閣閩關门闭问闲间闸闻阁队阪防阳阶阻阿附际陆陈降限陕陡院除险陪陰陳陵陶陷陸険陽隅隆隊階随隔際障隣隧隨險隸难雄雅集雉雕雜離難雨雪雲零雷電需震霉霧露青靖静靜非靠靡面革鞄鞋韩音韵頂頃項順頑領頭頼題額顔願類顶项顺须顾颁预领频题颜额風风飛飞食飯飲飴餅養餐館饅饭饮饰饺馆首香馨馬駅駐駿騒験驗马驰驶驾验骏骨體高髙髪鬼魂魏魔魚鮎鮨鮮鱼鲁鲍鲜鲨鳝鳥鴉鴨鵡鶏鷹鸟鸡鸣鸦鸭鸿鹏鹤鹰鹿麒麓麗麟麦麺麻黄黑黒鼎鼓鼻齿龄龋龍龙龜', 'korean': "!%'()+-./0123456789:가각간갈감갑값강같개객갤갱걔거건걷걸검겁것겉게겐겠겡겨격견결겸겹경계고곡곤골곰곱곳공과곽관광괴굉교구국군굴굽궁궈권귀규균그극근글금급긋기긴길김깃깅깊깋까깐깔깨꺼껌껏께꼇꼬꼭꼼꽁꽃꽉꾜꾸꿀꿈꿍끄끈끓끔끗끼낀나낙난날남납났낭낮내낸냉냐너널넓넘넛넣네넥넨넷넹녁년녋념노녹논농높놓누눈눌눔눙눠뉴느는늘능니닉닌닐님닝다닥단닫달닭담답당대댄댸더덕던덮데덱덴델뎀뎅도독돈돌돔동돠돱돼되된될됩두둠둥뒤뒷듀드득든들듬듭등디딘딛딜딥딨딩따딱딸때땐떠떡떳떻떼뗙뗜또뚜뛰뜨뜰뜻띠띰라락란랄람랍랑래랙랜램랫량러런럼럽렁렇레렉렌렐려력련렬령로록론롤롬롭롯롱뢰료루룩룸뤼류륙륜륨르륵륶른를름릇릉리릭린릴림립릿링마막만많말맙맛망맞맟매맥맨먀먜먯머먹먼멀멋멍메멕멘멜멤멩며면멸몁명몇모목몫몬몰몸못몽묘무묵묶문물뮌뮤므믈믑믜미믹민믿밀밌밎및바박반받발밝밤밥밧방배백밴뱃뱅뱍버번벌범법베벤벨벼벽변별병보복볶본볼봄봉봐부북붂분불붐붓붕붙뷔브븍븐블비빈빌빔빗빙빚빛빠빨빵뼈뽑뽕뾰뿍뿐뿜쁜사삭산살삼삽삿상새색샌샐샘생샤샴샵샾섕서석선설섭성세센섿셀셔션셜셨셩셰소속손솔솜송솥쇄쇠쇼수숙순술숨숭숯숲숴쉅쉐쉬쉴쉽쉿슈슐스슥슨슬슴습승슼슽싀시식신실심십싱싸싼쌀쌩써썹쏙쏟쑤쓰씀씌씨아악안않알암압앗았앙앞애액앤앨앰앱야약양어억언얹얼엄업없엇었엉에엔엘엠엣여역연열염엽엿였영옆예옛오옥온올옴옷옹와완왔왕왜외왼요욕욘용우욱운울움웃웅워웍원월웨웰웹위윈유육윤율융으은을음응의이익인일읽임입잇있잉잊자작잔잖잘잠잡장재잭쟘쟝저적전절젊점접정제젠젤져젹젼젿졈조족존졸종좋좌죄죠주죽준줄줌중줘쥬즈즉즌즐증즤지직진질짐집징짜짝짬짱째쩝쪼쪽쫄쭈쯕찌찐차착찬찰찲참찻창찾채책챌챗챠처척천철첨첩첫청체첼쳤초촉총촬최쵸추축춘출충취츄츠측층치칙친칠침칭카칸칼캅캐캔캠캡컘커컨컬컴컵케켄켓켜켭켸코콕콘콜콤콩쾌쿄쿠쿨퀴큐크큰클큼킁킈키킨킬킴킹타탁탄탈탐탑탕태택탠탱턔터턱턴털턺텀테텍텐텔템텝텨토톡톤통투툰튀튝튬트특튼틀틈티틱틴틸팀팅파팍판팔팜팟팡팥패팩팬팻퍼펀펄페펫펴편평폐포폭폰폴폼표푸풀품풍퓨프픈플픔픗픚픠피핀핃필핌핏핑하학한함합핫항해핸햄했행햐향허헌헐험헙헤헬혀혁현혈협형혜호혼홀홈홉홋홍화환활황홰회획횡효횹후훈훤훼휘휴흉흐흑흔흡흥희히힉힌힐힘힝"}
clova_pretrained_model_path: 
pretrained_model_path: 
spath: 
Transformation: None
FeatureExtraction: ResNet
SequenceModeling: BiLSTM
Prediction: CTC
share: CNN+LSTM
manualSeed: 1111
workers: 4
batch_size: 64
num_iter: 300000
valInterval: 1000
saved_model: 
FT: False
adam: True
total_data_usage_ratio: 1.0
lr: 0.001
beta1: 0.9
rho: 0.95
eps: 1e-08
grad_clip: 5
batch_max_length: 30
imgH: 32
imgW: 100
rgb: False
sensitive: False
PAD: False
data_filtering_off: False
num_fiducial: 20
input_channel: 1
output_channel: 512
hidden_size: 256
save_path: exps/test_loaders_single
---------------------------------------

use Real only
dataset_root:    /workspace/STR/data/validation/val_hindi/Real	 dataset: /
/workspace/STR/data/validation/val_hindi/Real/ [] ['lock.mdb', 'data.mdb']
sub-directory:	/.	 num samples: 586
--------------------------------------------------------------------------------
dataset_root: /workspace/STR/data/training/train_hindi
select_data: ['Real']
self.batch_ratio: [1.0]
--------------------------------------------------------------------------------
dataset_root:    /workspace/STR/data/training/train_hindi	 dataset: Real
/workspace/STR/data/training/train_hindi/ ['Real', 'Syn'] []
/workspace/STR/data/training/train_hindi/Real [] ['lock.mdb', 'data.mdb']
sub-directory:	/Real	 num samples: 2348
/workspace/STR/data/training/train_hindi/Syn [] []
num total samples of Real: 2348 x 1.0 (total_data_usage_ratio) = 2348
num samples of Real per batch: 64 x 1.0 (batch_ratio) = 64
/usr/local/miniconda3/envs/dl10/lib/python3.6/site-packages/tensorboard/compat/tensorflow_stub/dtypes.py:541: FutureWarning: Passing (type, 1) or '1type' as a synonym of type is deprecated; in a future version of numpy, it will be understood as (type, (1,)) / '(1,)type'.
  _np_qint8 = np.dtype([("qint8", np.int8, 1)])
/usr/local/miniconda3/envs/dl10/lib/python3.6/site-packages/tensorboard/compat/tensorflow_stub/dtypes.py:542: FutureWarning: Passing (type, 1) or '1type' as a synonym of type is deprecated; in a future version of numpy, it will be understood as (type, (1,)) / '(1,)type'.
  _np_quint8 = np.dtype([("quint8", np.uint8, 1)])
/usr/local/miniconda3/envs/dl10/lib/python3.6/site-packages/tensorboard/compat/tensorflow_stub/dtypes.py:543: FutureWarning: Passing (type, 1) or '1type' as a synonym of type is deprecated; in a future version of numpy, it will be understood as (type, (1,)) / '(1,)type'.
  _np_qint16 = np.dtype([("qint16", np.int16, 1)])
/usr/local/miniconda3/envs/dl10/lib/python3.6/site-packages/tensorboard/compat/tensorflow_stub/dtypes.py:544: FutureWarning: Passing (type, 1) or '1type' as a synonym of type is deprecated; in a future version of numpy, it will be understood as (type, (1,)) / '(1,)type'.
  _np_quint16 = np.dtype([("quint16", np.uint16, 1)])
/usr/local/miniconda3/envs/dl10/lib/python3.6/site-packages/tensorboard/compat/tensorflow_stub/dtypes.py:545: FutureWarning: Passing (type, 1) or '1type' as a synonym of type is deprecated; in a future version of numpy, it will be understood as (type, (1,)) / '(1,)type'.
  _np_qint32 = np.dtype([("qint32", np.int32, 1)])
/usr/local/miniconda3/envs/dl10/lib/python3.6/site-packages/tensorboard/compat/tensorflow_stub/dtypes.py:550: FutureWarning: Passing (type, 1) or '1type' as a synonym of type is deprecated; in a future version of numpy, it will be understood as (type, (1,)) / '(1,)type'.
  np_resource = np.dtype([("resource", np.ubyte, 1)])
--------------------------------------------------------------------------------
Total_batch_size:  64 = 64
--------------------------------------------------------------------------------
dataset_root:    /workspace/STR/data/training/train_hindi	 dataset: Real
/workspace/STR/data/training/train_hindi/ ['Real', 'Syn'] []
/workspace/STR/data/training/train_hindi/Real [] ['lock.mdb', 'data.mdb']
sub-directory:	/Real	 num samples: 2348
/workspace/STR/data/training/train_hindi/Syn [] []
use Real only
dataset_root:    /workspace/STR/data/validation/val_ban/Real	 dataset: /
/workspace/STR/data/validation/val_ban/Real/ [] ['lock.mdb', 'data.mdb']
sub-directory:	/.	 num samples: 588
--------------------------------------------------------------------------------
dataset_root: /workspace/STR/data/training/train_ban
select_data: ['Real']
self.batch_ratio: [1.0]
--------------------------------------------------------------------------------
dataset_root:    /workspace/STR/data/training/train_ban	 dataset: Real
/workspace/STR/data/training/train_ban/ ['Real', 'Syn'] []
/workspace/STR/data/training/train_ban/Real [] ['lock.mdb', 'data.mdb']
sub-directory:	/Real	 num samples: 2356
/workspace/STR/data/training/train_ban/Syn [] []
num total samples of Real: 2356 x 1.0 (total_data_usage_ratio) = 2356
num samples of Real per batch: 64 x 1.0 (batch_ratio) = 64
--------------------------------------------------------------------------------
Total_batch_size:  64 = 64
--------------------------------------------------------------------------------
dataset_root:    /workspace/STR/data/training/train_ban	 dataset: Real
/workspace/STR/data/training/train_ban/ ['Real', 'Syn'] []
/workspace/STR/data/training/train_ban/Real [] ['lock.mdb', 'data.mdb']
sub-directory:	/Real	 num samples: 2356
/workspace/STR/data/training/train_ban/Syn [] []
enter train
iter: 100 loss: 5.215704441070557
iter: 200 loss: 3.7969982624053955
iter: 300 loss: 3.6664609909057617
iter: 400 loss: 3.5717785358428955
iter: 500 loss: 3.5099520683288574
iter: 600 loss: 3.384117364883423
iter: 700 loss: 3.28875732421875
iter: 800 loss: 3.155026435852051
iter: 900 loss: 2.9426116943359375
iter: 1000 loss: 2.8418054580688477
--------------------------------------------------------------------------------
Validating on: rval of hindi
साल                 , gt: स्वराज्य            ,   False
व                   , gt: हा                  ,   False
साजा                , gt: माझा                ,   False
ने                  , gt: जन्मसिद्ध           ,   False
कौक                 , gt: हक्क                ,   False
से                  , gt: आहे                 ,   False
मकात                , gt: वर्धमान             ,   False
न्स                 , gt: टेरेस               ,   False
पे                  , gt: सह.                 ,   False
मरती                , gt: गृहरचना             ,   False
Avg. loss: 2.8413, Accuracy: (6.31%), NED:0.27, infer-time:1.64
--------------------------------------------------------------------------------
Validating on: rval of ban
দিস                 , gt: চিকেন               ,   False
দবা                 , gt: সেন্টার             ,   False
আার                 , gt: প্রধান              ,   False
গোড                 , gt: গোল্ড               ,   False
দেলায়               , gt: জুয়েলাস             ,   False
জার                 , gt: জঙ্গল               ,   False
সবন                 , gt: মহলে                ,   False
সনার                , gt: উন্নয়নের            ,   False
মোলার               , gt: জোয়ার               ,   False
দবক                 , gt: বিপুল               ,   False
Avg. loss: 3.0466, Accuracy: (3.40%), NED:0.25, infer-time:1.46
--------------------------------------------------------------------------------
iter: 1100 loss: 2.6266982555389404
iter: 1200 loss: 2.4713878631591797
iter: 1300 loss: 2.354318857192993
iter: 1400 loss: 2.111956834793091
iter: 1500 loss: 2.0251669883728027
iter: 1600 loss: 1.7751333713531494
iter: 1700 loss: 1.6233391761779785
iter: 1800 loss: 1.399679183959961
iter: 1900 loss: 1.3271663188934326
iter: 2000 loss: 1.2943155765533447
--------------------------------------------------------------------------------
Validating on: rval of hindi
खव्य                , gt: स्वराज्य            ,   False
ह                   , gt: हा                  ,   False
माना                , gt: माझा                ,   False
जहाानिक             , gt: जन्मसिद्ध           ,   False
ह्डक                , gt: हक्क                ,   False
आठे                 , gt: आहे                 ,   False
कडान                , gt: वर्धमान             ,   False
वेेश                , gt: टेरेस               ,   False
सेक                 , gt: सह.                 ,   False
गरता                , gt: गृहरचना             ,   False
Avg. loss: 2.2044, Accuracy: (14.33%), NED:0.48, infer-time:1.79
--------------------------------------------------------------------------------
Validating on: rval of ban
কর্করস              , gt: চিকেন               ,   False
দেলর                , gt: সেন্টার             ,   False
প্রাল               , gt: প্রধান              ,   False
গোড                 , gt: গোল্ড               ,   False
জেয়লাে              , gt: জুয়েলাস             ,   False
জনাে                , gt: জঙ্গল               ,   False
সহনে                , gt: মহলে                ,   False
উপানের              , gt: উন্নয়নের            ,   False
গোার                , gt: জোয়ার               ,   False
পিলার               , gt: বিপুল               ,   False
Avg. loss: 2.5351, Accuracy: (10.88%), NED:0.44, infer-time:1.74
--------------------------------------------------------------------------------
iter: 2100 loss: 1.1483319997787476
iter: 2200 loss: 1.0304794311523438
iter: 2300 loss: 0.8856706023216248
iter: 2400 loss: 0.8384959101676941
iter: 2500 loss: 0.6999498009681702
iter: 2600 loss: 0.5928229093551636
iter: 2700 loss: 0.48669660091400146
iter: 2800 loss: 0.49036329984664917
iter: 2900 loss: 0.40457025170326233
iter: 3000 loss: 0.3230491578578949
--------------------------------------------------------------------------------
Validating on: rval of hindi
खनय                 , gt: स्वराज्य            ,   False
दा                  , gt: हा                  ,   False
माळा                , gt: माझा                ,   False
जनारिक              , gt: जन्मसिद्ध           ,   False
बंक                 , gt: हक्क                ,   False
आहे                 , gt: आहे                 ,   True
बडान                , gt: वर्धमान             ,   False
टेश                 , gt: टेरेस               ,   False
स.                  , gt: सह.                 ,   False
मुदर्छता            , gt: गृहरचना             ,   False
Avg. loss: 2.4937, Accuracy: (20.82%), NED:0.54, infer-time:1.22
--------------------------------------------------------------------------------
Validating on: rval of ban
কলিহনরন             , gt: চিকেন               ,   False
চেববার              , gt: সেন্টার             ,   False
প্রাল               , gt: প্রধান              ,   False
পোল্ড               , gt: গোল্ড               ,   False
জেনলাত              , gt: জুয়েলাস             ,   False
জানুল               , gt: জঙ্গল               ,   False
মহনে                , gt: মহলে                ,   False
উনানের              , gt: উন্নয়নের            ,   False
জোরার               , gt: জোয়ার               ,   False
শ্মুপর              , gt: বিপুল               ,   False
Avg. loss: 3.0002, Accuracy: (15.99%), NED:0.51, infer-time:1.41
--------------------------------------------------------------------------------
iter: 3100 loss: 0.3641778230667114
iter: 3200 loss: 0.376287043094635
iter: 3300 loss: 0.2966320514678955
iter: 3400 loss: 0.2973012328147888
iter: 3500 loss: 0.3050975799560547
iter: 3600 loss: 0.3347760736942291
iter: 3700 loss: 0.2646300494670868
iter: 3800 loss: 0.27982234954833984
iter: 3900 loss: 0.3137984871864319
iter: 4000 loss: 0.22777976095676422
--------------------------------------------------------------------------------
Validating on: rval of hindi
घवा्य               , gt: स्वराज्य            ,   False
हा                  , gt: हा                  ,   True
माहा                , gt: माझा                ,   False
जवायारिक            , gt: जन्मसिद्ध           ,   False
हँव                 , gt: हक्क                ,   False
आठे                 , gt: आहे                 ,   False
बणंान               , gt: वर्धमान             ,   False
टेेश                , gt: टेरेस               ,   False
से.                 , gt: सह.                 ,   False
मृहर्पता            , gt: गृहरचना             ,   False
Avg. loss: 2.7274, Accuracy: (20.65%), NED:0.55, infer-time:1.26
--------------------------------------------------------------------------------
Validating on: rval of ban
কমকদানা             , gt: চিকেন               ,   False
দেববা্দ             , gt: সেন্টার             ,   False
প্রাল               , gt: প্রধান              ,   False
গোল্ড               , gt: গোল্ড               ,   True
জেয়লারাস            , gt: জুয়েলাস             ,   False
জানল                , gt: জঙ্গল               ,   False
মাণ়াল              , gt: মহলে                ,   False
উপ্াের              , gt: উন্নয়নের            ,   False
গোরার               , gt: জোয়ার               ,   False
শিক্র               , gt: বিপুল               ,   False
Avg. loss: 3.5039, Accuracy: (16.33%), NED:0.53, infer-time:1.57
--------------------------------------------------------------------------------
iter: 4100 loss: 0.1869978904724121
iter: 4200 loss: 0.23901477456092834
iter: 4300 loss: 0.2686019241809845
iter: 4400 loss: 0.14586271345615387
iter: 4500 loss: 0.16145126521587372
iter: 4600 loss: 0.14153225719928741
iter: 4700 loss: 0.18759292364120483
iter: 4800 loss: 0.21673133969306946
iter: 4900 loss: 0.195398211479187
iter: 5000 loss: 0.2012917697429657
--------------------------------------------------------------------------------
Validating on: rval of hindi
खवन्य               , gt: स्वराज्य            ,   False
द                   , gt: हा                  ,   False
मावा                , gt: माझा                ,   False
जवािक               , gt: जन्मसिद्ध           ,   False
ह्क                 , gt: हक्क                ,   False
आहे                 , gt: आहे                 ,   True
जटान                , gt: वर्धमान             ,   False
टेरेस               , gt: टेरेस               ,   True
सव                  , gt: सह.                 ,   False
मृहस्ता             , gt: गृहरचना             ,   False
Avg. loss: 2.9463, Accuracy: (19.62%), NED:0.53, infer-time:1.31
--------------------------------------------------------------------------------
Validating on: rval of ban
কলিকরী              , gt: চিকেন               ,   False
দ্লদ্র              , gt: সেন্টার             ,   False
প্রধাল              , gt: প্রধান              ,   False
গোল্ড               , gt: গোল্ড               ,   True
জেয়েলাত             , gt: জুয়েলাস             ,   False
জানল                , gt: জঙ্গল               ,   False
মণাল                , gt: মহলে                ,   False
উপোলর              , gt: উন্নয়নের            ,   False
গোমডার              , gt: জোয়ার               ,   False
শিন্দন              , gt: বিপুল               ,   False
Avg. loss: 3.7666, Accuracy: (18.37%), NED:0.53, infer-time:1.56
--------------------------------------------------------------------------------
iter: 5100 loss: 0.21655160188674927
iter: 5200 loss: 0.17983637750148773
iter: 5300 loss: 0.13060596585273743
iter: 5400 loss: 0.09557826071977615
iter: 5500 loss: 0.07625383138656616
iter: 5600 loss: 0.12548813223838806
iter: 5700 loss: 0.15680277347564697
iter: 5800 loss: 0.172249898314476
iter: 5900 loss: 0.20508888363838196
iter: 6000 loss: 0.11970316618680954
--------------------------------------------------------------------------------
Validating on: rval of hindi
स्वन्य              , gt: स्वराज्य            ,   False
दी                  , gt: हा                  ,   False
मावा                , gt: माझा                ,   False
डकाािक              , gt: जन्मसिद्ध           ,   False
हव                  , gt: हक्क                ,   False
आे                  , gt: आहे                 ,   False
गंसंवान             , gt: वर्धमान             ,   False
टेरेश               , gt: टेरेस               ,   False
से.                 , gt: सह.                 ,   False
गृदर्छता            , gt: गृहरचना             ,   False
Avg. loss: 3.1788, Accuracy: (18.60%), NED:0.53, infer-time:1.83
--------------------------------------------------------------------------------
Validating on: rval of ban
করিবিস              , gt: চিকেন               ,   False
দেবনার              , gt: সেন্টার             ,   False
প্রধালী             , gt: প্রধান              ,   False
গোল্ড               , gt: গোল্ড               ,   True
জেয়লাস              , gt: জুয়েলাস             ,   False
জনবল                , gt: জঙ্গল               ,   False
মূহ়চ্ল             , gt: মহলে                ,   False
উপানের              , gt: উন্নয়নের            ,   False
পোরার               , gt: জোয়ার               ,   False
চিম্দন              , gt: বিপুল               ,   False
Avg. loss: 4.0228, Accuracy: (16.50%), NED:0.52, infer-time:1.69
--------------------------------------------------------------------------------
iter: 6100 loss: 0.19226102530956268
iter: 6200 loss: 0.1262100338935852
iter: 6300 loss: 0.12896360456943512
iter: 6400 loss: 0.12747274339199066
iter: 6500 loss: 0.2049512416124344
iter: 6600 loss: 0.14622914791107178
iter: 6700 loss: 0.18171477317810059
iter: 6800 loss: 0.11533822864294052
iter: 6900 loss: 0.1026519164443016
iter: 7000 loss: 0.1506175547838211
--------------------------------------------------------------------------------
Validating on: rval of hindi
ख्व्य               , gt: स्वराज्य            ,   False
ह                   , gt: हा                  ,   False
माळा                , gt: माझा                ,   False
जनानरिक             , gt: जन्मसिद्ध           ,   False
ह्क                 , gt: हक्क                ,   False
आठे                 , gt: आहे                 ,   False
गंोान               , gt: वर्धमान             ,   False
टेश                 , gt: टेरेस               ,   False
सुव                 , gt: सह.                 ,   False
ग्छता               , gt: गृहरचना             ,   False
Avg. loss: 3.1903, Accuracy: (18.94%), NED:0.54, infer-time:1.28
--------------------------------------------------------------------------------
Validating on: rval of ban
কমিকমরন             , gt: চিকেন               ,   False
দিকার               , gt: সেন্টার             ,   False
প্রা                , gt: প্রধান              ,   False
গোল্ড               , gt: গোল্ড               ,   True
জেয়লাস              , gt: জুয়েলাস             ,   False
জানাল               , gt: জঙ্গল               ,   False
হাহ়্াে             , gt: মহলে                ,   False
উপাযানের            , gt: উন্নয়নের            ,   False
তোরার               , gt: জোয়ার               ,   False
শিবুল               , gt: বিপুল               ,   False
Avg. loss: 4.1517, Accuracy: (18.54%), NED:0.53, infer-time:1.43
--------------------------------------------------------------------------------
iter: 7100 loss: 0.08440355956554413
iter: 7200 loss: 0.1304069310426712
iter: 7300 loss: 0.13374018669128418
iter: 7400 loss: 0.12379081547260284
iter: 7500 loss: 0.12430573999881744
iter: 7600 loss: 0.13822270929813385
iter: 7700 loss: 0.1887727677822113
iter: 7800 loss: 0.08534946292638779
iter: 7900 loss: 0.13890564441680908
iter: 8000 loss: 0.13873712718486786
--------------------------------------------------------------------------------
Validating on: rval of hindi
खनय                 , gt: स्वराज्य            ,   False
द                   , gt: हा                  ,   False
माहा                , gt: माझा                ,   False
जलािक               , gt: जन्मसिद्ध           ,   False
व                   , gt: हक्क                ,   False
आठे                 , gt: आहे                 ,   False
बटान                , gt: वर्धमान             ,   False
टेश                 , gt: टेरेस               ,   False
सु                  , gt: सह.                 ,   False
मलरता               , gt: गृहरचना             ,   False
Avg. loss: 3.3475, Accuracy: (19.45%), NED:0.54, infer-time:1.22
--------------------------------------------------------------------------------
Validating on: rval of ban
কারককনসর            , gt: চিকেন               ,   False
সেবন্দ              , gt: সেন্টার             ,   False
প্রাী               , gt: প্রধান              ,   False
গোল্ড               , gt: গোল্ড               ,   True
জেয়লাস              , gt: জুয়েলাস             ,   False
জন্ল                , gt: জঙ্গল               ,   False
মূহাে               , gt: মহলে                ,   False
উনানের              , gt: উন্নয়নের            ,   False
জোকার               , gt: জোয়ার               ,   False
বিশল                , gt: বিপুল               ,   False
Avg. loss: 4.3771, Accuracy: (17.52%), NED:0.52, infer-time:1.41
--------------------------------------------------------------------------------
iter: 8100 loss: 0.09674838930368423
iter: 8200 loss: 0.055419664829969406
iter: 8300 loss: 0.06746825575828552
iter: 8400 loss: 0.10917752236127853
iter: 8500 loss: 0.12551705539226532
iter: 8600 loss: 0.08912179619073868
iter: 8700 loss: 0.101895771920681
iter: 8800 loss: 0.13090947270393372
iter: 8900 loss: 0.16205687820911407
iter: 9000 loss: 0.20137719810009003
--------------------------------------------------------------------------------
Validating on: rval of hindi
सनय                 , gt: स्वराज्य            ,   False
व)                  , gt: हा                  ,   False
माळा                , gt: माझा                ,   False
जनानािक             , gt: जन्मसिद्ध           ,   False
हक                  , gt: हक्क                ,   False
आे                  , gt: आहे                 ,   False
बुान                , gt: वर्धमान             ,   False
द्े                 , gt: टेरेस               ,   False
सक                  , gt: सह.                 ,   False
मल्ता               , gt: गृहरचना             ,   False
Avg. loss: 3.5036, Accuracy: (18.77%), NED:0.53, infer-time:1.67
--------------------------------------------------------------------------------
Validating on: rval of ban
চরকর৪য              , gt: চিকেন               ,   False
দ্রার               , gt: সেন্টার             ,   False
পরাল                , gt: প্রধান              ,   False
গোল্ড               , gt: গোল্ড               ,   True
জেনলাত              , gt: জুয়েলাস             ,   False
জন্ল                , gt: জঙ্গল               ,   False
মূণাে               , gt: মহলে                ,   False
উদানের              , gt: উন্নয়নের            ,   False
তোার                , gt: জোয়ার               ,   False
পিক্                , gt: বিপুল               ,   False
Avg. loss: 4.4941, Accuracy: (17.35%), NED:0.52, infer-time:1.69
--------------------------------------------------------------------------------
iter: 9100 loss: 0.09056459367275238
iter: 9200 loss: 0.07365849614143372
iter: 9300 loss: 0.1037091389298439
iter: 9400 loss: 0.13679420948028564
iter: 9500 loss: 0.15574131906032562
iter: 9600 loss: 0.0911637544631958
iter: 9700 loss: 0.07309499382972717
iter: 9800 loss: 0.09416437894105911
iter: 9900 loss: 0.1017901599407196
iter: 10000 loss: 0.11743011325597763
--------------------------------------------------------------------------------
Validating on: rval of hindi
सवय                 , gt: स्वराज्य            ,   False
द                   , gt: हा                  ,   False
मावा                , gt: माझा                ,   False
खलासनिक             , gt: जन्मसिद्ध           ,   False
हद                  , gt: हक्क                ,   False
आे                  , gt: आहे                 ,   False
गरकशान              , gt: वर्धमान             ,   False
टेेश                , gt: टेरेस               ,   False
सु                  , gt: सह.                 ,   False
गुक्ता              , gt: गृहरचना             ,   False
Avg. loss: 3.3680, Accuracy: (20.48%), NED:0.53, infer-time:1.43
--------------------------------------------------------------------------------
Validating on: rval of ban
করিকহনলন            , gt: চিকেন               ,   False
দেবা্া              , gt: সেন্টার             ,   False
প্মাল               , gt: প্রধান              ,   False
গোল্ড               , gt: গোল্ড               ,   True
জেয়েলাথ             , gt: জুয়েলাস             ,   False
জবতল                , gt: জঙ্গল               ,   False
মহাল                , gt: মহলে                ,   False
উনানের              , gt: উন্নয়নের            ,   False
তোরার               , gt: জোয়ার               ,   False
বিমুপদরল            , gt: বিপুল               ,   False
Avg. loss: 4.4251, Accuracy: (20.24%), NED:0.54, infer-time:1.25
--------------------------------------------------------------------------------
iter: 10100 loss: 0.11027923971414566
iter: 10200 loss: 0.12012936174869537
iter: 10300 loss: 0.14601317048072815
iter: 10400 loss: 0.10394758731126785
iter: 10500 loss: 0.059402164071798325
iter: 10600 loss: 0.0842958614230156
iter: 10700 loss: 0.08565132319927216
iter: 10800 loss: 0.06280332058668137
iter: 10900 loss: 0.11177122592926025
iter: 11000 loss: 0.15762373805046082
--------------------------------------------------------------------------------
Validating on: rval of hindi
सवन्य               , gt: स्वराज्य            ,   False
हा                  , gt: हा                  ,   True
माहा                , gt: माझा                ,   False
जवानामिक            , gt: जन्मसिद्ध           ,   False
हु                  , gt: हक्क                ,   False
आहे                 , gt: आहे                 ,   True
गान                 , gt: वर्धमान             ,   False
टेेश                , gt: टेरेस               ,   False
सह.                 , gt: सह.                 ,   True
मृहरच्रता           , gt: गृहरचना             ,   False
Avg. loss: 3.4326, Accuracy: (21.16%), NED:0.55, infer-time:1.13
--------------------------------------------------------------------------------
Validating on: rval of ban
কত১১থ               , gt: চিকেন               ,   False
সেলাী               , gt: সেন্টার             ,   False
প্মাল               , gt: প্রধান              ,   False
গোল্ড               , gt: গোল্ড               ,   True
জুয়েলাীস            , gt: জুয়েলাস             ,   False
জয়বন                , gt: জঙ্গল               ,   False
মাধানে              , gt: মহলে                ,   False
উয়ানের              , gt: উন্নয়নের            ,   False
তোরঃার              , gt: জোয়ার               ,   False
দ্মুরম              , gt: বিপুল               ,   False
Avg. loss: 4.6392, Accuracy: (19.39%), NED:0.54, infer-time:1.34
--------------------------------------------------------------------------------
iter: 11100 loss: 0.06884481757879257
iter: 11200 loss: 0.0729672983288765
iter: 11300 loss: 0.11803287267684937
iter: 11400 loss: 0.04690980166196823
iter: 11500 loss: 0.12740132212638855
iter: 11600 loss: 0.21321579813957214
iter: 11700 loss: 0.14643491804599762
iter: 11800 loss: 0.09760357439517975
iter: 11900 loss: 0.07117929309606552
iter: 12000 loss: 0.053749747574329376
--------------------------------------------------------------------------------
Validating on: rval of hindi
लन्य                , gt: स्वराज्य            ,   False
ट                   , gt: हा                  ,   False
माहा                , gt: माझा                ,   False
जळागिक              , gt: जन्मसिद्ध           ,   False
हक                  , gt: हक्क                ,   False
आहे                 , gt: आहे                 ,   True
गडान                , gt: वर्धमान             ,   False
टेहेश               , gt: टेरेस               ,   False
स.                  , gt: सह.                 ,   False
गृहच्छता            , gt: गृहरचना             ,   False
Avg. loss: 3.3195, Accuracy: (22.53%), NED:0.55, infer-time:1.60
--------------------------------------------------------------------------------
Validating on: rval of ban
কুরাকেল             , gt: চিকেন               ,   False
সেসী                , gt: সেন্টার             ,   False
প্রাী               , gt: প্রধান              ,   False
গোল্ড               , gt: গোল্ড               ,   True
জুয়লাস              , gt: জুয়েলাস             ,   False
জায়বল               , gt: জঙ্গল               ,   False
মম্াে               , gt: মহলে                ,   False
জানালর              , gt: উন্নয়নের            ,   False
তোমার               , gt: জোয়ার               ,   False
শিমর                , gt: বিপুল               ,   False
Avg. loss: 4.8094, Accuracy: (21.09%), NED:0.54, infer-time:1.77
--------------------------------------------------------------------------------
iter: 12100 loss: 0.11853600293397903
iter: 12200 loss: 0.12560297548770905
iter: 12300 loss: 0.10575809329748154
iter: 12400 loss: 0.09770164638757706
iter: 12500 loss: 0.09914210438728333
iter: 12600 loss: 0.07373695820569992
iter: 12700 loss: 0.12562747299671173
iter: 12800 loss: 0.09689858555793762
iter: 12900 loss: 0.08875755965709686
iter: 13000 loss: 0.08106174319982529
--------------------------------------------------------------------------------
Validating on: rval of hindi
ला्य                , gt: स्वराज्य            ,   False
ट                   , gt: हा                  ,   False
माा                 , gt: माझा                ,   False
जलनरिक              , gt: जन्मसिद्ध           ,   False
हटव                 , gt: हक्क                ,   False
आहे                 , gt: आहे                 ,   True
नटान                , gt: वर्धमान             ,   False
टेेस                , gt: टेरेस               ,   False
सेट                 , gt: सह.                 ,   False
गृदरछवता            , gt: गृहरचना             ,   False
Avg. loss: 3.4514, Accuracy: (20.99%), NED:0.55, infer-time:1.24
--------------------------------------------------------------------------------
Validating on: rval of ban
করকে                , gt: চিকেন               ,   False
সেলার               , gt: সেন্টার             ,   False
পরাল                , gt: প্রধান              ,   False
গোগ্ড               , gt: গোল্ড               ,   False
জসয়লাস              , gt: জুয়েলাস             ,   False
জনুল                , gt: জঙ্গল               ,   False
মহ়াে               , gt: মহলে                ,   False
উন্ানের             , gt: উন্নয়নের            ,   False
তোার                , gt: জোয়ার               ,   False
শিমুদর              , gt: বিপুল               ,   False
Avg. loss: 5.0625, Accuracy: (17.35%), NED:0.53, infer-time:1.33
--------------------------------------------------------------------------------
iter: 13100 loss: 0.05747435986995697
iter: 13200 loss: 0.050325874239206314
iter: 13300 loss: 0.07326175272464752
iter: 13400 loss: 0.09279732406139374
iter: 13500 loss: 0.10211238265037537
iter: 13600 loss: 0.11293217539787292
iter: 13700 loss: 0.08291305601596832
iter: 13800 loss: 0.07711796462535858
iter: 13900 loss: 0.13252009451389313
iter: 14000 loss: 0.1079842671751976
--------------------------------------------------------------------------------
Validating on: rval of hindi
ल्न्य               , gt: स्वराज्य            ,   False
दा                  , gt: हा                  ,   False
माजा                , gt: माझा                ,   False
जनानामिक            , gt: जन्मसिद्ध           ,   False
ब्ु                 , gt: हक्क                ,   False
आे                  , gt: आहे                 ,   False
गटकान               , gt: वर्धमान             ,   False
व्ेस                , gt: टेरेस               ,   False
स.                  , gt: सह.                 ,   False
गृहर्छना            , gt: गृहरचना             ,   False
Avg. loss: 3.5177, Accuracy: (19.11%), NED:0.54, infer-time:1.60
--------------------------------------------------------------------------------
Validating on: rval of ban
কর্ঞিক্নণ           , gt: চিকেন               ,   False
সলিকা্ন             , gt: সেন্টার             ,   False
প্রা                , gt: প্রধান              ,   False
গোল্ড               , gt: গোল্ড               ,   True
জেয়লাি              , gt: জুয়েলাস             ,   False
জানাবল              , gt: জঙ্গল               ,   False
মুতুাল              , gt: মহলে                ,   False
উট্ানের             , gt: উন্নয়নের            ,   False
তোার                , gt: জোয়ার               ,   False
শিত্রস              , gt: বিপুল               ,   False
Avg. loss: 5.0754, Accuracy: (17.35%), NED:0.53, infer-time:1.51
--------------------------------------------------------------------------------
iter: 14100 loss: 0.07872205227613449
iter: 14200 loss: 0.09564847499132156
iter: 14300 loss: 0.05350816249847412
iter: 14400 loss: 0.06090691313147545
iter: 14500 loss: 0.0568164587020874
iter: 14600 loss: 0.094960518181324
iter: 14700 loss: 0.09288519620895386
iter: 14800 loss: 0.11361385881900787
iter: 14900 loss: 0.09573102742433548
iter: 15000 loss: 0.07855003327131271
--------------------------------------------------------------------------------
Validating on: rval of hindi
ख्न्य               , gt: स्वराज्य            ,   False
व                   , gt: हा                  ,   False
माहा                , gt: माझा                ,   False
जलानिक              , gt: जन्मसिद्ध           ,   False
हु                  , gt: हक्क                ,   False
आहे                 , gt: आहे                 ,   True
जडकान               , gt: वर्धमान             ,   False
ट्हेस               , gt: टेरेस               ,   False
सुट                 , gt: सह.                 ,   False
गृह्वता             , gt: गृहरचना             ,   False
Avg. loss: 3.4483, Accuracy: (23.89%), NED:0.57, infer-time:1.38
--------------------------------------------------------------------------------
Validating on: rval of ban
পরসেন               , gt: চিকেন               ,   False
দেসার               , gt: সেন্টার             ,   False
প্রাল               , gt: প্রধান              ,   False
গোল্ড               , gt: গোল্ড               ,   True
জেনেলাস             , gt: জুয়েলাস             ,   False
জানগল               , gt: জঙ্গল               ,   False
মুমাে               , gt: মহলে                ,   False
উননের               , gt: উন্নয়নের            ,   False
তোার                , gt: জোয়ার               ,   False
শিতন                , gt: বিপুল               ,   False
Avg. loss: 4.9551, Accuracy: (19.56%), NED:0.54, infer-time:1.48
--------------------------------------------------------------------------------
iter: 15100 loss: 0.03337949141860008
iter: 15200 loss: 0.03474384918808937
iter: 15300 loss: 0.0769757330417633
iter: 15400 loss: 0.20035649836063385
iter: 15500 loss: 0.1675954908132553
iter: 15600 loss: 0.12582102417945862
iter: 15700 loss: 0.08606985211372375
iter: 15800 loss: 0.08507578074932098
iter: 15900 loss: 0.08884454518556595
iter: 16000 loss: 0.0601460337638855
--------------------------------------------------------------------------------
Validating on: rval of hindi
ख्य                 , gt: स्वराज्य            ,   False
व                   , gt: हा                  ,   False
माा                 , gt: माझा                ,   False
जलररिक              , gt: जन्मसिद्ध           ,   False
हत                  , gt: हक्क                ,   False
आे                  , gt: आहे                 ,   False
गान                 , gt: वर्धमान             ,   False
ट्रेश               , gt: टेरेस               ,   False
सेद                 , gt: सह.                 ,   False
मब्छतना             , gt: गृहरचना             ,   False
Avg. loss: 3.6734, Accuracy: (19.97%), NED:0.53, infer-time:1.34
--------------------------------------------------------------------------------
Validating on: rval of ban
কর্৪ময়              , gt: চিকেন               ,   False
সেলির               , gt: সেন্টার             ,   False
প্রাল               , gt: প্রধান              ,   False
গোল্ড               , gt: গোল্ড               ,   True
জেয়েলাস             , gt: জুয়েলাস             ,   False
জগ্ল                , gt: জঙ্গল               ,   False
মমযে                , gt: মহলে                ,   False
উনালর               , gt: উন্নয়নের            ,   False
তোযার               , gt: জোয়ার               ,   False
বিম্ু               , gt: বিপুল               ,   False
Avg. loss: 5.0539, Accuracy: (18.03%), NED:0.53, infer-time:1.30
--------------------------------------------------------------------------------
iter: 16100 loss: 0.05981406196951866
iter: 16200 loss: 0.06761893630027771
iter: 16300 loss: 0.09437938779592514
iter: 16400 loss: 0.11734895408153534
iter: 16500 loss: 0.0803680494427681
iter: 16600 loss: 0.22050729393959045
iter: 16700 loss: 0.24455223977565765
iter: 16800 loss: 0.12209194898605347
iter: 16900 loss: 0.1364436000585556
iter: 17000 loss: 0.08797898143529892
--------------------------------------------------------------------------------
Validating on: rval of hindi
सन्य                , gt: स्वराज्य            ,   False
वा                  , gt: हा                  ,   False
माा                 , gt: माझा                ,   False
जवान्रिक            , gt: जन्मसिद्ध           ,   False
ह्त                 , gt: हक्क                ,   False
आहे                 , gt: आहे                 ,   True
गटोान               , gt: वर्धमान             ,   False
देेश                , gt: टेरेस               ,   False
सुेु                , gt: सह.                 ,   False
गुल्छता             , gt: गृहरचना             ,   False
Avg. loss: 3.4810, Accuracy: (21.50%), NED:0.55, infer-time:1.82
--------------------------------------------------------------------------------
Validating on: rval of ban
করকনে               , gt: চিকেন               ,   False
মেলাদ               , gt: সেন্টার             ,   False
প্রাল               , gt: প্রধান              ,   False
গোল্ড               , gt: গোল্ড               ,   True
জেয়েলাস             , gt: জুয়েলাস             ,   False
জনল                 , gt: জঙ্গল               ,   False
মতাে                , gt: মহলে                ,   False
উপাদের              , gt: উন্নয়নের            ,   False
জোমার               , gt: জোয়ার               ,   False
শিম                 , gt: বিপুল               ,   False
Avg. loss: 4.9734, Accuracy: (20.24%), NED:0.54, infer-time:1.61
--------------------------------------------------------------------------------
iter: 17100 loss: 0.07178851217031479
iter: 17200 loss: 0.0498841293156147
iter: 17300 loss: 0.06061721220612526
iter: 17400 loss: 0.050218746066093445
iter: 17500 loss: 0.0662510022521019
iter: 17600 loss: 0.09499683976173401
iter: 17700 loss: 0.06754365563392639
iter: 17800 loss: 0.0490545928478241
iter: 17900 loss: 0.05559651181101799
iter: 18000 loss: 0.06348970532417297
--------------------------------------------------------------------------------
Validating on: rval of hindi
खा्य                , gt: स्वराज्य            ,   False
वा                  , gt: हा                  ,   False
माजहा               , gt: माझा                ,   False
जलागािक             , gt: जन्मसिद्ध           ,   False
हत                  , gt: हक्क                ,   False
आहे                 , gt: आहे                 ,   True
गवंन                , gt: वर्धमान             ,   False
टेे                 , gt: टेरेस               ,   False
सह                  , gt: सह.                 ,   False
गुह्छता             , gt: गृहरचना             ,   False
Avg. loss: 3.4407, Accuracy: (20.82%), NED:0.56, infer-time:1.28
--------------------------------------------------------------------------------
Validating on: rval of ban
কলকেয               , gt: চিকেন               ,   False
সেলিলরাদ            , gt: সেন্টার             ,   False
প্রাল               , gt: প্রধান              ,   False
গো্ড                , gt: গোল্ড               ,   False
জেয়েলাস             , gt: জুয়েলাস             ,   False
জাণল                , gt: জঙ্গল               ,   False
মত়্াে              , gt: মহলে                ,   False
উপালর               , gt: উন্নয়নের            ,   False
তোরার               , gt: জোয়ার               ,   False
বিমর                , gt: বিপুল               ,   False
Avg. loss: 5.0936, Accuracy: (20.24%), NED:0.55, infer-time:1.63
--------------------------------------------------------------------------------
iter: 18100 loss: 0.07831481844186783
iter: 18200 loss: 0.08297280967235565
iter: 18300 loss: 0.0971645712852478
iter: 18400 loss: 0.09135743975639343
iter: 18500 loss: 0.1053558811545372
iter: 18600 loss: 0.10636569559574127
iter: 18700 loss: 0.09922859072685242
iter: 18800 loss: 0.06380557268857956
iter: 18900 loss: 0.0706840232014656
iter: 19000 loss: 0.03703898563981056
--------------------------------------------------------------------------------
Validating on: rval of hindi
खन्व                , gt: स्वराज्य            ,   False
वा                  , gt: हा                  ,   False
माा                 , gt: माझा                ,   False
जलििक               , gt: जन्मसिद्ध           ,   False
ह्ु                 , gt: हक्क                ,   False
आे                  , gt: आहे                 ,   False
गडान                , gt: वर्धमान             ,   False
टेेश                , gt: टेरेस               ,   False
स.                  , gt: सह.                 ,   False
गुह्वता             , gt: गृहरचना             ,   False
Avg. loss: 3.6163, Accuracy: (21.50%), NED:0.56, infer-time:1.37
--------------------------------------------------------------------------------
Validating on: rval of ban
কলকেয়               , gt: চিকেন               ,   False
দেলনার              , gt: সেন্টার             ,   False
প্রাল               , gt: প্রধান              ,   False
গোল্ড               , gt: গোল্ড               ,   True
জুয়েলাস             , gt: জুয়েলাস             ,   True
জনতল                , gt: জঙ্গল               ,   False
মতনে                , gt: মহলে                ,   False
উনানের              , gt: উন্নয়নের            ,   False
তোমাার              , gt: জোয়ার               ,   False
চিমদর               , gt: বিপুল               ,   False
Avg. loss: 5.0951, Accuracy: (21.77%), NED:0.55, infer-time:1.63
--------------------------------------------------------------------------------
iter: 19100 loss: 0.0774230808019638
iter: 19200 loss: 0.08363507688045502
iter: 19300 loss: 0.11778201162815094
iter: 19400 loss: 0.1003253161907196
iter: 19500 loss: 0.06102887913584709
iter: 19600 loss: 0.058729033917188644
iter: 19700 loss: 0.0646863803267479
iter: 19800 loss: 0.07413049787282944
iter: 19900 loss: 0.07750935852527618
iter: 20000 loss: 0.08932588994503021
--------------------------------------------------------------------------------
Validating on: rval of hindi
खन्य                , gt: स्वराज्य            ,   False
ता                  , gt: हा                  ,   False
माळना               , gt: माझा                ,   False
जलन्िपिक            , gt: जन्मसिद्ध           ,   False
हरद                 , gt: हक्क                ,   False
आहे                 , gt: आहे                 ,   True
गधंशान              , gt: वर्धमान             ,   False
वेटेश               , gt: टेरेस               ,   False
सट                  , gt: सह.                 ,   False
गृरवबना             , gt: गृहरचना             ,   False
Avg. loss: 3.6248, Accuracy: (21.33%), NED:0.55, infer-time:1.26
--------------------------------------------------------------------------------
Validating on: rval of ban
করিকনথন             , gt: চিকেন               ,   False
সেলকার              , gt: সেন্টার             ,   False
এ্রধা               , gt: প্রধান              ,   False
গোল্ড               , gt: গোল্ড               ,   True
জুয়েলাস             , gt: জুয়েলাস             ,   True
জুরতল               , gt: জঙ্গল               ,   False
মতনে                , gt: মহলে                ,   False
উয়য়ারের             , gt: উন্নয়নের            ,   False
তোযয়ার              , gt: জোয়ার               ,   False
শিমদর               , gt: বিপুল               ,   False
Avg. loss: 5.4540, Accuracy: (20.41%), NED:0.54, infer-time:1.43
--------------------------------------------------------------------------------
iter: 20100 loss: 0.09058878570795059
iter: 20200 loss: 0.048632487654685974
iter: 20300 loss: 0.0725337564945221
iter: 20400 loss: 0.07619959861040115
iter: 20500 loss: 0.0797838419675827
iter: 20600 loss: 0.05909168720245361
iter: 20700 loss: 0.044405993074178696
iter: 20800 loss: 0.08756226301193237
iter: 20900 loss: 0.07952184975147247
iter: 21000 loss: 0.07916949689388275
--------------------------------------------------------------------------------
Validating on: rval of hindi
सन्य                , gt: स्वराज्य            ,   False
ता                  , gt: हा                  ,   False
माा                 , gt: माझा                ,   False
जलाशिक              , gt: जन्मसिद्ध           ,   False
बट                  , gt: हक्क                ,   False
आे                  , gt: आहे                 ,   False
गहान                , gt: वर्धमान             ,   False
केहेघ               , gt: टेरेस               ,   False
सव                  , gt: सह.                 ,   False
गुहरता              , gt: गृहरचना             ,   False
Avg. loss: 3.6338, Accuracy: (20.82%), NED:0.55, infer-time:1.20
--------------------------------------------------------------------------------
Validating on: rval of ban
পূরিচনে             , gt: চিকেন               ,   False
দেলার               , gt: সেন্টার             ,   False
প্রাল               , gt: প্রধান              ,   False
গোল্ড               , gt: গোল্ড               ,   True
জুয়লাস              , gt: জুয়েলাস             ,   False
জনপল                , gt: জঙ্গল               ,   False
মাতোে               , gt: মহলে                ,   False
উানালের             , gt: উন্নয়নের            ,   False
জোযার               , gt: জোয়ার               ,   False
চিমরু               , gt: বিপুল               ,   False
Avg. loss: 5.4467, Accuracy: (20.07%), NED:0.54, infer-time:1.35
--------------------------------------------------------------------------------
iter: 21100 loss: 0.06074036285281181
iter: 21200 loss: 0.04167534410953522
iter: 21300 loss: 0.07134202122688293
iter: 21400 loss: 0.117622971534729
iter: 21500 loss: 0.10977064818143845
iter: 21600 loss: 0.07865971326828003
iter: 21700 loss: 0.06982269138097763
iter: 21800 loss: 0.09437717497348785
iter: 21900 loss: 0.08387458324432373
iter: 22000 loss: 0.05150962620973587
--------------------------------------------------------------------------------
Validating on: rval of hindi
सवनठव               , gt: स्वराज्य            ,   False
वा                  , gt: हा                  ,   False
माहा                , gt: माझा                ,   False
जलिक                , gt: जन्मसिद्ध           ,   False
हद                  , gt: हक्क                ,   False
आे                  , gt: आहे                 ,   False
गुडान               , gt: वर्धमान             ,   False
टेेस                , gt: टेरेस               ,   False
से.                 , gt: सह.                 ,   False
गुहरता              , gt: गृहरचना             ,   False
Avg. loss: 3.6582, Accuracy: (21.84%), NED:0.56, infer-time:1.17
--------------------------------------------------------------------------------
Validating on: rval of ban
পর্কে/              , gt: চিকেন               ,   False
সলিদার              , gt: সেন্টার             ,   False
পরাল                , gt: প্রধান              ,   False
গৌলড                , gt: গোল্ড               ,   False
জুয়লাস              , gt: জুয়েলাস             ,   False
জউল                 , gt: জঙ্গল               ,   False
মাতোে               , gt: মহলে                ,   False
উয়ালের              , gt: উন্নয়নের            ,   False
তোমার               , gt: জোয়ার               ,   False
কিক্দরল             , gt: বিপুল               ,   False
Avg. loss: 5.5087, Accuracy: (20.24%), NED:0.55, infer-time:1.35
--------------------------------------------------------------------------------
iter: 22100 loss: 0.0664924830198288
iter: 22200 loss: 0.0997425839304924
iter: 22300 loss: 0.07381381094455719
iter: 22400 loss: 0.08697512745857239
iter: 22500 loss: 0.06607695668935776
iter: 22600 loss: 0.08718476444482803
iter: 22700 loss: 0.05936603993177414
iter: 22800 loss: 0.08931203931570053
iter: 22900 loss: 0.08153098076581955
iter: 23000 loss: 0.09835081547498703
--------------------------------------------------------------------------------
Validating on: rval of hindi
खाु                 , gt: स्वराज्य            ,   False
ता                  , gt: हा                  ,   False
माा                 , gt: माझा                ,   False
जलश्दिक             , gt: जन्मसिद्ध           ,   False
ब                   , gt: हक्क                ,   False
आे                  , gt: आहे                 ,   False
गचान                , gt: वर्धमान             ,   False
वेेश                , gt: टेरेस               ,   False
स्ेक                , gt: सह.                 ,   False
गृहरपता             , gt: गृहरचना             ,   False
Avg. loss: 3.7040, Accuracy: (19.11%), NED:0.55, infer-time:1.29
--------------------------------------------------------------------------------
Validating on: rval of ban
করহর                , gt: চিকেন               ,   False
সেলিাদার            , gt: সেন্টার             ,   False
পরান                , gt: প্রধান              ,   False
গোল্ড               , gt: গোল্ড               ,   True
জেয়েলাত             , gt: জুয়েলাস             ,   False
জুয়ন                , gt: জঙ্গল               ,   False
মতযে                , gt: মহলে                ,   False
উনানের              , gt: উন্নয়নের            ,   False
জেযার               , gt: জোয়ার               ,   False
বিমর                , gt: বিপুল               ,   False
Avg. loss: 5.6155, Accuracy: (19.56%), NED:0.54, infer-time:1.75
--------------------------------------------------------------------------------
iter: 23100 loss: 0.08258899301290512
iter: 23200 loss: 0.10200205445289612
iter: 23300 loss: 0.06526824086904526
iter: 23400 loss: 0.08561298996210098
iter: 23500 loss: 0.05848659947514534
iter: 23600 loss: 0.0878242552280426
iter: 23700 loss: 0.07347943633794785
iter: 23800 loss: 0.11386562883853912
iter: 23900 loss: 0.11298350244760513
iter: 24000 loss: 0.09271363914012909
--------------------------------------------------------------------------------
Validating on: rval of hindi
ख्न्य               , gt: स्वराज्य            ,   False
ह                   , gt: हा                  ,   False
माा                 , gt: माझा                ,   False
जलशा्दिक            , gt: जन्मसिद्ध           ,   False
ब्द                 , gt: हक्क                ,   False
आहे                 , gt: आहे                 ,   True
जान                 , gt: वर्धमान             ,   False
टेहेेेश             , gt: टेरेस               ,   False
सेक                 , gt: सह.                 ,   False
गछपचता              , gt: गृहरचना             ,   False
Avg. loss: 3.5693, Accuracy: (19.97%), NED:0.54, infer-time:1.47
--------------------------------------------------------------------------------
Validating on: rval of ban
কল্ট৭নস             , gt: চিকেন               ,   False
সেলরার              , gt: সেন্টার             ,   False
প্রান               , gt: প্রধান              ,   False
গোট্ড               , gt: গোল্ড               ,   False
জেয়েলারাহ           , gt: জুয়েলাস             ,   False
জারোল               , gt: জঙ্গল               ,   False
মমডাে               , gt: মহলে                ,   False
উপানের              , gt: উন্নয়নের            ,   False
জোয়ার               , gt: জোয়ার               ,   True
শিম্ুস              , gt: বিপুল               ,   False
Avg. loss: 5.7367, Accuracy: (17.35%), NED:0.54, infer-time:1.63
--------------------------------------------------------------------------------
iter: 24100 loss: 0.07994471490383148
iter: 24200 loss: 0.059933390468358994
iter: 24300 loss: 0.040771447122097015
iter: 24400 loss: 0.04115910828113556
iter: 24500 loss: 0.062369320541620255
iter: 24600 loss: 0.04292372241616249
iter: 24700 loss: 0.06151961162686348
iter: 24800 loss: 0.09661252796649933
iter: 24900 loss: 0.06946030259132385
iter: 25000 loss: 0.06831542402505875
--------------------------------------------------------------------------------
Validating on: rval of hindi
स्न्य               , gt: स्वराज्य            ,   False
हा                  , gt: हा                  ,   True
छाा                 , gt: माझा                ,   False
जलगििह              , gt: जन्मसिद्ध           ,   False
ह्ढु                , gt: हक्क                ,   False
आहे                 , gt: आहे                 ,   True
गान                 , gt: वर्धमान             ,   False
टेेश                , gt: टेरेस               ,   False
स.                  , gt: सह.                 ,   False
गव्छपता             , gt: गृहरचना             ,   False
Avg. loss: 3.5717, Accuracy: (20.14%), NED:0.55, infer-time:1.43
--------------------------------------------------------------------------------
Validating on: rval of ban
কলিক্কইন            , gt: চিকেন               ,   False
সেকদর               , gt: সেন্টার             ,   False
পনা                 , gt: প্রধান              ,   False
গো্ড                , gt: গোল্ড               ,   False
জুয়েলাস             , gt: জুয়েলাস             ,   True
জারতল               , gt: জঙ্গল               ,   False
মতলে                , gt: মহলে                ,   False
উনালের              , gt: উন্নয়নের            ,   False
গোখার               , gt: জোয়ার               ,   False
লিম্পদর             , gt: বিপুল               ,   False
Avg. loss: 5.7563, Accuracy: (20.07%), NED:0.55, infer-time:1.43
--------------------------------------------------------------------------------
iter: 25100 loss: 0.06124020367860794
iter: 25200 loss: 0.07046578079462051
iter: 25300 loss: 0.07939101755619049
iter: 25400 loss: 0.061637986451387405
iter: 25500 loss: 0.0709839016199112
iter: 25600 loss: 0.046664800494909286
iter: 25700 loss: 0.0737532526254654
iter: 25800 loss: 0.0871855691075325
iter: 25900 loss: 0.10661181062459946
iter: 26000 loss: 0.06092201918363571
--------------------------------------------------------------------------------
Validating on: rval of hindi
सनच                 , gt: स्वराज्य            ,   False
दा                  , gt: हा                  ,   False
माा                 , gt: माझा                ,   False
जळिक                , gt: जन्मसिद्ध           ,   False
हेद                 , gt: हक्क                ,   False
आे                  , gt: आहे                 ,   False
गवान                , gt: वर्धमान             ,   False
टेेश                , gt: टेरेस               ,   False
स.                  , gt: सह.                 ,   False
गछता                , gt: गृहरचना             ,   False
Avg. loss: 3.7844, Accuracy: (20.48%), NED:0.53, infer-time:1.14
--------------------------------------------------------------------------------
Validating on: rval of ban
কলিকন৪              , gt: চিকেন               ,   False
সেলরর               , gt: সেন্টার             ,   False
প্মা                , gt: প্রধান              ,   False
গোল্ড               , gt: গোল্ড               ,   True
জুয়েলাস             , gt: জুয়েলাস             ,   True
জাণল                , gt: জঙ্গল               ,   False
মণাল                , gt: মহলে                ,   False
উনানের              , gt: উন্নয়নের            ,   False
তোযাার              , gt: জোয়ার               ,   False
শিম্র               , gt: বিপুল               ,   False
Avg. loss: 5.6937, Accuracy: (20.58%), NED:0.55, infer-time:1.32
--------------------------------------------------------------------------------
iter: 26100 loss: 0.075444795191288
iter: 26200 loss: 0.05718611180782318
iter: 26300 loss: 0.04019962251186371
iter: 26400 loss: 0.07130374759435654
iter: 26500 loss: 0.07278506457805634
iter: 26600 loss: 0.06108342483639717
iter: 26700 loss: 0.053094785660505295
iter: 26800 loss: 0.07476736605167389
iter: 26900 loss: 0.11055079102516174
iter: 27000 loss: 0.05818776786327362
