{'hindi': ' !"#$%&\'()*+-./0123456789:;<=>?ँंःअआइईउऊऋएऐऑओऔकखगघचछजझञटठडढणतथदधनपफबभमयरलळवशषसह़ािीुूृॅेैॉोौ्ॐड़ढ़।०१२३४५६७८९', 'ban': '!"%\'()*+-./012345789:;=?ঁংঃঅআইঈউঊঋএঐওঔকখগঘঙচছজঝঞটঠডঢণতথদধনপফবভমযরলশষসহ়ািীুূৃৄেৈোৌ্ৎড়ঢ়য়০১২৩৪৫৬৭৮৯ৰ৷৺', 'arab': '!"#()+-./:،ءآأؤإئابةتثجحخدذرزسشصضطظعغـفقكلمنهوىيًٌَُِّْ٠١٢٣٤٥٦٧٨٩٫٬پڤڥڨڭ', 'latin': '!"#$%&\'()*+-./:;0123456789<=>?@[\\]_`abcdefghijklmnopqrstuvwxyzABCDEFGHIJKLMNOPQRSTUVWXYZÀÁÂÃÄÇÈÉÊËÌÎÒÔÖ×ÙÜßàáâãäçèéêìîòóôöùúûüĀōŒœŸƹɑˉΦβδεμοШзлфч', 'japan': '!%&()+-./0123456789:あいうえおかがきぎくぐけげこごさざしじすずせそぞただちつづてでとどなにぬねのはばぱひびぴふぶぷへべぺほぼぽまみむめもやゆよらりるれろわゐをんアイウエオカガキギクグケゲコゴサザシジスズセゼソゾタダチツヅテデトドナニネノハバパヒビピフブプヘベペホボポマミムメモヤユヨラリルレロワヱヲンヴ', 'ch': '!"#$%&\'()*+-./:;0123456789一丁七万丈三上下不与专且世丘业东丝両两严並个中丰串临丸丹为主丽举乃久义之乌乎乐乒乓乗乘乙九也习乡书买乱乾亀了予争事二亍于亐云互五井亚些交亦产亨享京亭亮人什仁仅今介仍从仑仓仕他付仙仞代令以仪们仲件价任份企伊伐休众优会伝伟传伤伴伸似但位低住佐佑体何余佛作你佳併佶使例侍供依侠価侦侧侨侯侵便係俄俊俏俗保信修俱倉個倍倒候借倡値倶债值假做停健側偶偷偽傅備催傷傾働像僕償優儿允元兄充兆先光克免児兒党入內全八公六兰共关兴兵其具典养兼内円冈再写军农冠冥冬冰冲决况冷冻净准凌凍减凖几凤処凭出击刀分切刊刑划列刘则创初判別利别到制刷券刹刺刻剂削前剛剤剧剩剪副割創劑力办功加务劣动助努励劳労劵効勑動勘務勝募勢勤勿包化北匙匠区医匾區十千升午半华协卑卓協单卖南単博卜占卡卧卫印危即却卷厂厅历厉压厕厘厚原厢厦厨厳去县参又叉及友双反収发取受变叠口古句只召叭可台史右叶号司吃各合吉吊同名后吐向吗君吞否吧含听启吴吸呂呉告员周味呼命和咖咨咲咽品哈哉响哗員哦哪唐售唸商問啓啟啡啥喀善喇喉喜喧喫喰営喷嗣嘉嘘嘴噌器噴嚴囚四回因团団园困囲図围固国图圃圆圈國圏園圓圖土圣圧在圭地圳场圾址坂均坊坎坏坐坑块坚坛坝坡垂垃型垚垣城域埠培基埼堂堅堆堤報場塑塔塘塚塞塩塾境墅墓増墙增墨壁壇士壮声壱売壹处备変复夏夕外多夜够大天太夫夭央失头夷夹奇奈奉奋奎契奕奖套奠奥女奶她好如妆妇妍妝妥妹姊始姐姓委姚威娘娱婚婦婷媒媛嫁嫌嬪子孕字存孝孟季学孩孵學宁它宅宇守安完宏宗官定宜宝实実宠审客宣室宫宮害宴宵家容宽宾宿寄寅密富寒寓察寢寧寨寶寸对寺寻导対寿封専射将尊導小少尔尚尝就尺尻尼尽尾尿局屁层居届屋展属層履屯山岁岔岗岛岡岩岫岭岳岷岸峡峭峰島崎崖崗嵩嶽川州巡巢工左巧巨差己已巴巷巻币市布师希帝带師席帮帯帰常帽幅幌幔幕幡幣干平年并幸幹幻幼幾广庁広庄庆床序库应底店庙府度座庫庭庵庶康廃廉廊廖延建开弁异式弐引弘弟张弧弯弱張強弹强弾归当录形彤彩影役彻往征径很律後徐徑得御復循微徳徴德徽心必忍志忘応忠忧快念怀态思怡急性总恒恭息恵恶患悦您悬悲情惑惗惟惠惣惱想惺愉意愛感愿慈態慎慢慧慮慶憲戏成我戒或战戦戰戴戶户戸房所扁扉手才扎打払扣执扩扫扬扱扶批找承技把抑抓投抗折抜択抢护报抵押抽拆拉拍拎拐拔拘拙招拜拡拥拨拳拼拾拿持挂指按挡挪挫振挽挿捌捐损换捨据捻授掌排掘探接控推揉描提插揚換握揮援損搬搭携摄摆摇摊摘摩播操擎擦攀支收改攻放政故效救教散敬数整數文斋斎斗料斜斤斧断斯新方於施旁旅族旗无日旦旧旨早旬旭时旺昂昆昇昊昌明昏易星映春昨昭是昼显時晃晋晚晟晩普景晴智暂暖暗暨暮曙曜曲更書曽曾替最會月有朋服朔朗望朝期朦木未末本札术朱机杀杂权杉李杏材村杜束条来杨杭杰東松板极构枉析林枚果枝枠枫架柄柏染柔柜查柳査柿栄标栋栏树栓栗校株样核根格栽桂桃案桌桜档桥桦桶桷梁梅梓條梦梨梯械检棋棍棚森棱棵椅椎椒検椴楊楕楚業極楼楽概榆榛榜榨榭構槍様槟槽樂標樟模樣横樫樹橋橙機橫檔欠次欢欣欧欽款歌歓歡止正此步武歩歪歯歳死殊残段殿母毎每比毕毛氏民气気氟氣氩水氷永汀汁求汇汉汕汚江池污汤決汽沃沖沙沟没沢沪河油治沼沿況泉泊法泛泡波注泰泳泵泽洁洋洗洛洞津洪洱洲活洼派流浄浅测济浓浙浜浦浩浪浮浴海浸消涡润涧涪液涼淀淇淋淡深添清済渋渔減渡渣温測港游湖湘湯湾湿満源準溝溢溪滅滋滑滕滞满滦滨滿漆演漢漫潅潍潔潜潤潮澜澡澳激濃濟濡濯瀑瀬火灭灯灰灵灸災灾炉炎炒炖炙炭炮炸点為烈烏烘烟烤烦烧烫热烯焊焖焙焚無焰然焼煌煎煙煤照煮熙熟熱燃燒營燥燦爆爨爬爱爷爸片版牌牙牛牡牢牧物特犬犯状狩独狮猛猫献獣玄率玉王玖玛玥玩玫环现玲玻珈珍珞珠班現球理琏琲琴琼瑞瑰璃環瓜瓦瓶甘甜生產産用甩田由甲申电男甸町画畅界畑留略番異畳畿疆疋疏疗疫疯疲疾病症痛瘋瘦瘫療発登白百的皆皇皋皮皿盂益监盒盖盗盘盛盟監盤目盲直相盼盾省眉看県真眠眺眼眾着睡督睦睿瞬矢知短矯石矿码砂砌研砖砧破硕硝硬确碑碗碧碰碳確磁磨礎示礼社祈祉祖祜祝神祠祥票祭祷祸禁禄禅福离禾秀私秋种科秒秘租秦秩称移稀稅程税稚種稲稳稻稿穂穴究空突窃窄窓窗窝立站竞章童端競竹笑笔第笹笼等筋筏筑筒答策筹签简箇算管箫箱節範篆築簡簿籍米类粉粒粥粧粮粱精糕糖糯糸系紀約紅納紙級紛素紡索紧紫細紳紺終組経結絡給統絵經綜綠綦維綱緊総緑緒線締編練縄縣縦縱總繁織繰纉红纤约级纪纬纯纱纳纵纹纺纽线绀组细织终绍经绒结绕绘给络绝统继续维综绿缆编缘缩缶网罔罗罚罪置罰署美群義羽翌習翔翠翻老考者而耐耳耻职联聘聚聞聴職肉肌肖股肥肩肪肯育胀胁背胜胡胧胶能脂脏脑脚脱脸腐腰腹腾膚膜膳臣臨自臭至致臺臻臼興舍舎舒舗舘舟航舫般舰舱船艇良色艳艺节芋芙芝芦芯花芳芸苍苏苑苗若苦英苹茂范茄茗茶茸荆草荐荔荚荣药荷荻莅莊莎莓莫莲获菀菇菌菓菜華菱菲菸萝营萬落葉著葛董葦葵蒙蒲蒸蒾蓄蓉蓝蓬蔦蔬蔵蔷蕎蕓蕨蕾薄薇薙薬藍藏藤蘑蘭虎處號虫虹蜜蝶螃融螢螺蟹血行術衔街衛衡衣表袋被裁装裕補裳裹製複襄西要覇見規視親観觀见观规视览觉角解触言計託記設許訴診証評試詰話詳詹誌認誓誠説読誰課調談請諸講警議護讀计订认讨让训议讯记讲许论设访证评识诉词试诗诚话诞询详语误说请诺读谁调谈谊谐谢谨谷豆豊豚象豪貝貞負財貨販貫責貯貳貴買貸費賀賃賑賞賠賢質購贈贋财责贤账货质购贯贵贸费贺贼资赏赐赖赛赠赢赤赦走赴赵赶起超越足跃跆跑距跟跡跨路践踏踩踪身車軍軒転軽較載輔輝輪輸车轩转轮软轻载较辅辆辑输辛辞辣辫辰边辺辻込辽达迁过迈迎运近返还这进远违连迪迫述迷迹追送适选透递途逗通速造連週進逸逻逼遇遊運過道達違遗遠遣適遵選遺避邊那邦邮邻郁郊郎郝郡部郵郷都鄂鄉鄙酉酌配酒酔酱酵酷酸酿醉醒醜醫采释里重野量金釜釣鉄鉾銀銘銭鋪鋳錦録鍋鎌鏡鐘鐫鐵鐸鑑鑫钓钛钟钢钥钮钱钻铁铃铝银铺链销锁锅锈锋锐锡锦键镁镇镜長长門閉開間関閣閩關门闭问闲间闸闻阁队阪防阳阶阻阿附际陆陈降限陕陡院除险陪陰陳陵陶陷陸険陽隅隆隊階随隔際障隣隧隨險隸难雄雅集雉雕雜離難雨雪雲零雷電需震霉霧露青靖静靜非靠靡面革鞄鞋韩音韵頂頃項順頑領頭頼題額顔願類顶项顺须顾颁预领频题颜额風风飛飞食飯飲飴餅養餐館饅饭饮饰饺馆首香馨馬駅駐駿騒験驗马驰驶驾验骏骨體高髙髪鬼魂魏魔魚鮎鮨鮮鱼鲁鲍鲜鲨鳝鳥鴉鴨鵡鶏鷹鸟鸡鸣鸦鸭鸿鹏鹤鹰鹿麒麓麗麟麦麺麻黄黑黒鼎鼓鼻齿龄龋龍龙龜', 'korean': "!%'()+-./0123456789:가각간갈감갑값강같개객갤갱걔거건걷걸검겁것겉게겐겠겡겨격견결겸겹경계고곡곤골곰곱곳공과곽관광괴굉교구국군굴굽궁궈권귀규균그극근글금급긋기긴길김깃깅깊깋까깐깔깨꺼껌껏께꼇꼬꼭꼼꽁꽃꽉꾜꾸꿀꿈꿍끄끈끓끔끗끼낀나낙난날남납났낭낮내낸냉냐너널넓넘넛넣네넥넨넷넹녁년녋념노녹논농높놓누눈눌눔눙눠뉴느는늘능니닉닌닐님닝다닥단닫달닭담답당대댄댸더덕던덮데덱덴델뎀뎅도독돈돌돔동돠돱돼되된될됩두둠둥뒤뒷듀드득든들듬듭등디딘딛딜딥딨딩따딱딸때땐떠떡떳떻떼뗙뗜또뚜뛰뜨뜰뜻띠띰라락란랄람랍랑래랙랜램랫량러런럼럽렁렇레렉렌렐려력련렬령로록론롤롬롭롯롱뢰료루룩룸뤼류륙륜륨르륵륶른를름릇릉리릭린릴림립릿링마막만많말맙맛망맞맟매맥맨먀먜먯머먹먼멀멋멍메멕멘멜멤멩며면멸몁명몇모목몫몬몰몸못몽묘무묵묶문물뮌뮤므믈믑믜미믹민믿밀밌밎및바박반받발밝밤밥밧방배백밴뱃뱅뱍버번벌범법베벤벨벼벽변별병보복볶본볼봄봉봐부북붂분불붐붓붕붙뷔브븍븐블비빈빌빔빗빙빚빛빠빨빵뼈뽑뽕뾰뿍뿐뿜쁜사삭산살삼삽삿상새색샌샐샘생샤샴샵샾섕서석선설섭성세센섿셀셔션셜셨셩셰소속손솔솜송솥쇄쇠쇼수숙순술숨숭숯숲숴쉅쉐쉬쉴쉽쉿슈슐스슥슨슬슴습승슼슽싀시식신실심십싱싸싼쌀쌩써썹쏙쏟쑤쓰씀씌씨아악안않알암압앗았앙앞애액앤앨앰앱야약양어억언얹얼엄업없엇었엉에엔엘엠엣여역연열염엽엿였영옆예옛오옥온올옴옷옹와완왔왕왜외왼요욕욘용우욱운울움웃웅워웍원월웨웰웹위윈유육윤율융으은을음응의이익인일읽임입잇있잉잊자작잔잖잘잠잡장재잭쟘쟝저적전절젊점접정제젠젤져젹젼젿졈조족존졸종좋좌죄죠주죽준줄줌중줘쥬즈즉즌즐증즤지직진질짐집징짜짝짬짱째쩝쪼쪽쫄쭈쯕찌찐차착찬찰찲참찻창찾채책챌챗챠처척천철첨첩첫청체첼쳤초촉총촬최쵸추축춘출충취츄츠측층치칙친칠침칭카칸칼캅캐캔캠캡컘커컨컬컴컵케켄켓켜켭켸코콕콘콜콤콩쾌쿄쿠쿨퀴큐크큰클큼킁킈키킨킬킴킹타탁탄탈탐탑탕태택탠탱턔터턱턴털턺텀테텍텐텔템텝텨토톡톤통투툰튀튝튬트특튼틀틈티틱틴틸팀팅파팍판팔팜팟팡팥패팩팬팻퍼펀펄페펫펴편평폐포폭폰폴폼표푸풀품풍퓨프픈플픔픗픚픠피핀핃필핌핏핑하학한함합핫항해핸햄했행햐향허헌헐험헙헤헬혀혁현혈협형혜호혼홀홈홉홋홍화환활황홰회획횡효횹후훈훤훼휘휴흉흐흑흔흡흥희히힉힌힐힘힝"}
No Transformation module specified
SharedLSTMModel(
  (Predictions): ModuleDict(
    (hindi): Linear(in_features=256, out_features=107, bias=True)
    (ban): Linear(in_features=256, out_features=100, bias=True)
    (arab): Linear(in_features=256, out_features=72, bias=True)
    (latin): Linear(in_features=256, out_features=145, bias=True)
    (japan): Linear(in_features=256, out_features=161, bias=True)
    (ch): Linear(in_features=256, out_features=2511, bias=True)
    (korean): Linear(in_features=256, out_features=954, bias=True)
  )
  (FeatureExtraction): VGG_FeatureExtractor(
    (ConvNet): Sequential(
      (0): Conv2d(1, 64, kernel_size=(3, 3), stride=(1, 1), padding=(1, 1))
      (1): ReLU(inplace=True)
      (2): MaxPool2d(kernel_size=2, stride=2, padding=0, dilation=1, ceil_mode=False)
      (3): Conv2d(64, 128, kernel_size=(3, 3), stride=(1, 1), padding=(1, 1))
      (4): ReLU(inplace=True)
      (5): MaxPool2d(kernel_size=2, stride=2, padding=0, dilation=1, ceil_mode=False)
      (6): Conv2d(128, 256, kernel_size=(3, 3), stride=(1, 1), padding=(1, 1))
      (7): ReLU(inplace=True)
      (8): Conv2d(256, 256, kernel_size=(3, 3), stride=(1, 1), padding=(1, 1))
      (9): ReLU(inplace=True)
      (10): MaxPool2d(kernel_size=(2, 1), stride=(2, 1), padding=0, dilation=1, ceil_mode=False)
      (11): Conv2d(256, 512, kernel_size=(3, 3), stride=(1, 1), padding=(1, 1), bias=False)
      (12): BatchNorm2d(512, eps=1e-05, momentum=0.1, affine=True, track_running_stats=True)
      (13): ReLU(inplace=True)
      (14): Conv2d(512, 512, kernel_size=(3, 3), stride=(1, 1), padding=(1, 1), bias=False)
      (15): BatchNorm2d(512, eps=1e-05, momentum=0.1, affine=True, track_running_stats=True)
      (16): ReLU(inplace=True)
      (17): MaxPool2d(kernel_size=(2, 1), stride=(2, 1), padding=0, dilation=1, ceil_mode=False)
      (18): Conv2d(512, 512, kernel_size=(2, 2), stride=(1, 1))
      (19): ReLU(inplace=True)
    )
  )
  (AdaptiveAvgPool): AdaptiveAvgPool2d(output_size=(None, 1))
  (rnn_lang): Sequential(
    (0): BidirectionalLSTM(
      (rnn): LSTM(512, 256, batch_first=True, bidirectional=True)
      (linear): Linear(in_features=512, out_features=256, bias=True)
    )
    (1): BidirectionalLSTM(
      (rnn): LSTM(256, 256, batch_first=True, bidirectional=True)
      (linear): Linear(in_features=512, out_features=256, bias=True)
    )
  )
)
Trainable params num :  9482962
------------ Options -------------
experiment_name: test_loaders_single
exp_dir: exps
select_data: ['Syn', 'Real']
batch_ratio: [0, 1]
calc_best_metric_on: rval
save_iter: 1000
print_iter: 100
character: {'hindi': ' !"#$%&\'()*+-./0123456789:;<=>?ँंःअआइईउऊऋएऐऑओऔकखगघचछजझञटठडढणतथदधनपफबभमयरलळवशषसह़ािीुूृॅेैॉोौ्ॐड़ढ़।०१२३४५६७८९', 'ban': '!"%\'()*+-./012345789:;=?ঁংঃঅআইঈউঊঋএঐওঔকখগঘঙচছজঝঞটঠডঢণতথদধনপফবভমযরলশষসহ়ািীুূৃৄেৈোৌ্ৎড়ঢ়য়০১২৩৪৫৬৭৮৯ৰ৷৺', 'arab': '!"#()+-./:،ءآأؤإئابةتثجحخدذرزسشصضطظعغـفقكلمنهوىيًٌَُِّْ٠١٢٣٤٥٦٧٨٩٫٬پڤڥڨڭ', 'latin': '!"#$%&\'()*+-./:;0123456789<=>?@[\\]_`abcdefghijklmnopqrstuvwxyzABCDEFGHIJKLMNOPQRSTUVWXYZÀÁÂÃÄÇÈÉÊËÌÎÒÔÖ×ÙÜßàáâãäçèéêìîòóôöùúûüĀōŒœŸƹɑˉΦβδεμοШзлфч', 'japan': '!%&()+-./0123456789:あいうえおかがきぎくぐけげこごさざしじすずせそぞただちつづてでとどなにぬねのはばぱひびぴふぶぷへべぺほぼぽまみむめもやゆよらりるれろわゐをんアイウエオカガキギクグケゲコゴサザシジスズセゼソゾタダチツヅテデトドナニネノハバパヒビピフブプヘベペホボポマミムメモヤユヨラリルレロワヱヲンヴ', 'ch': '!"#$%&\'()*+-./:;0123456789一丁七万丈三上下不与专且世丘业东丝両两严並个中丰串临丸丹为主丽举乃久义之乌乎乐乒乓乗乘乙九也习乡书买乱乾亀了予争事二亍于亐云互五井亚些交亦产亨享京亭亮人什仁仅今介仍从仑仓仕他付仙仞代令以仪们仲件价任份企伊伐休众优会伝伟传伤伴伸似但位低住佐佑体何余佛作你佳併佶使例侍供依侠価侦侧侨侯侵便係俄俊俏俗保信修俱倉個倍倒候借倡値倶债值假做停健側偶偷偽傅備催傷傾働像僕償優儿允元兄充兆先光克免児兒党入內全八公六兰共关兴兵其具典养兼内円冈再写军农冠冥冬冰冲决况冷冻净准凌凍减凖几凤処凭出击刀分切刊刑划列刘则创初判別利别到制刷券刹刺刻剂削前剛剤剧剩剪副割創劑力办功加务劣动助努励劳労劵効勑動勘務勝募勢勤勿包化北匙匠区医匾區十千升午半华协卑卓協单卖南単博卜占卡卧卫印危即却卷厂厅历厉压厕厘厚原厢厦厨厳去县参又叉及友双反収发取受变叠口古句只召叭可台史右叶号司吃各合吉吊同名后吐向吗君吞否吧含听启吴吸呂呉告员周味呼命和咖咨咲咽品哈哉响哗員哦哪唐售唸商問啓啟啡啥喀善喇喉喜喧喫喰営喷嗣嘉嘘嘴噌器噴嚴囚四回因团団园困囲図围固国图圃圆圈國圏園圓圖土圣圧在圭地圳场圾址坂均坊坎坏坐坑块坚坛坝坡垂垃型垚垣城域埠培基埼堂堅堆堤報場塑塔塘塚塞塩塾境墅墓増墙增墨壁壇士壮声壱売壹处备変复夏夕外多夜够大天太夫夭央失头夷夹奇奈奉奋奎契奕奖套奠奥女奶她好如妆妇妍妝妥妹姊始姐姓委姚威娘娱婚婦婷媒媛嫁嫌嬪子孕字存孝孟季学孩孵學宁它宅宇守安完宏宗官定宜宝实実宠审客宣室宫宮害宴宵家容宽宾宿寄寅密富寒寓察寢寧寨寶寸对寺寻导対寿封専射将尊導小少尔尚尝就尺尻尼尽尾尿局屁层居届屋展属層履屯山岁岔岗岛岡岩岫岭岳岷岸峡峭峰島崎崖崗嵩嶽川州巡巢工左巧巨差己已巴巷巻币市布师希帝带師席帮帯帰常帽幅幌幔幕幡幣干平年并幸幹幻幼幾广庁広庄庆床序库应底店庙府度座庫庭庵庶康廃廉廊廖延建开弁异式弐引弘弟张弧弯弱張強弹强弾归当录形彤彩影役彻往征径很律後徐徑得御復循微徳徴德徽心必忍志忘応忠忧快念怀态思怡急性总恒恭息恵恶患悦您悬悲情惑惗惟惠惣惱想惺愉意愛感愿慈態慎慢慧慮慶憲戏成我戒或战戦戰戴戶户戸房所扁扉手才扎打払扣执扩扫扬扱扶批找承技把抑抓投抗折抜択抢护报抵押抽拆拉拍拎拐拔拘拙招拜拡拥拨拳拼拾拿持挂指按挡挪挫振挽挿捌捐损换捨据捻授掌排掘探接控推揉描提插揚換握揮援損搬搭携摄摆摇摊摘摩播操擎擦攀支收改攻放政故效救教散敬数整數文斋斎斗料斜斤斧断斯新方於施旁旅族旗无日旦旧旨早旬旭时旺昂昆昇昊昌明昏易星映春昨昭是昼显時晃晋晚晟晩普景晴智暂暖暗暨暮曙曜曲更書曽曾替最會月有朋服朔朗望朝期朦木未末本札术朱机杀杂权杉李杏材村杜束条来杨杭杰東松板极构枉析林枚果枝枠枫架柄柏染柔柜查柳査柿栄标栋栏树栓栗校株样核根格栽桂桃案桌桜档桥桦桶桷梁梅梓條梦梨梯械检棋棍棚森棱棵椅椎椒検椴楊楕楚業極楼楽概榆榛榜榨榭構槍様槟槽樂標樟模樣横樫樹橋橙機橫檔欠次欢欣欧欽款歌歓歡止正此步武歩歪歯歳死殊残段殿母毎每比毕毛氏民气気氟氣氩水氷永汀汁求汇汉汕汚江池污汤決汽沃沖沙沟没沢沪河油治沼沿況泉泊法泛泡波注泰泳泵泽洁洋洗洛洞津洪洱洲活洼派流浄浅测济浓浙浜浦浩浪浮浴海浸消涡润涧涪液涼淀淇淋淡深添清済渋渔減渡渣温測港游湖湘湯湾湿満源準溝溢溪滅滋滑滕滞满滦滨滿漆演漢漫潅潍潔潜潤潮澜澡澳激濃濟濡濯瀑瀬火灭灯灰灵灸災灾炉炎炒炖炙炭炮炸点為烈烏烘烟烤烦烧烫热烯焊焖焙焚無焰然焼煌煎煙煤照煮熙熟熱燃燒營燥燦爆爨爬爱爷爸片版牌牙牛牡牢牧物特犬犯状狩独狮猛猫献獣玄率玉王玖玛玥玩玫环现玲玻珈珍珞珠班現球理琏琲琴琼瑞瑰璃環瓜瓦瓶甘甜生產産用甩田由甲申电男甸町画畅界畑留略番異畳畿疆疋疏疗疫疯疲疾病症痛瘋瘦瘫療発登白百的皆皇皋皮皿盂益监盒盖盗盘盛盟監盤目盲直相盼盾省眉看県真眠眺眼眾着睡督睦睿瞬矢知短矯石矿码砂砌研砖砧破硕硝硬确碑碗碧碰碳確磁磨礎示礼社祈祉祖祜祝神祠祥票祭祷祸禁禄禅福离禾秀私秋种科秒秘租秦秩称移稀稅程税稚種稲稳稻稿穂穴究空突窃窄窓窗窝立站竞章童端競竹笑笔第笹笼等筋筏筑筒答策筹签简箇算管箫箱節範篆築簡簿籍米类粉粒粥粧粮粱精糕糖糯糸系紀約紅納紙級紛素紡索紧紫細紳紺終組経結絡給統絵經綜綠綦維綱緊総緑緒線締編練縄縣縦縱總繁織繰纉红纤约级纪纬纯纱纳纵纹纺纽线绀组细织终绍经绒结绕绘给络绝统继续维综绿缆编缘缩缶网罔罗罚罪置罰署美群義羽翌習翔翠翻老考者而耐耳耻职联聘聚聞聴職肉肌肖股肥肩肪肯育胀胁背胜胡胧胶能脂脏脑脚脱脸腐腰腹腾膚膜膳臣臨自臭至致臺臻臼興舍舎舒舗舘舟航舫般舰舱船艇良色艳艺节芋芙芝芦芯花芳芸苍苏苑苗若苦英苹茂范茄茗茶茸荆草荐荔荚荣药荷荻莅莊莎莓莫莲获菀菇菌菓菜華菱菲菸萝营萬落葉著葛董葦葵蒙蒲蒸蒾蓄蓉蓝蓬蔦蔬蔵蔷蕎蕓蕨蕾薄薇薙薬藍藏藤蘑蘭虎處號虫虹蜜蝶螃融螢螺蟹血行術衔街衛衡衣表袋被裁装裕補裳裹製複襄西要覇見規視親観觀见观规视览觉角解触言計託記設許訴診証評試詰話詳詹誌認誓誠説読誰課調談請諸講警議護讀计订认讨让训议讯记讲许论设访证评识诉词试诗诚话诞询详语误说请诺读谁调谈谊谐谢谨谷豆豊豚象豪貝貞負財貨販貫責貯貳貴買貸費賀賃賑賞賠賢質購贈贋财责贤账货质购贯贵贸费贺贼资赏赐赖赛赠赢赤赦走赴赵赶起超越足跃跆跑距跟跡跨路践踏踩踪身車軍軒転軽較載輔輝輪輸车轩转轮软轻载较辅辆辑输辛辞辣辫辰边辺辻込辽达迁过迈迎运近返还这进远违连迪迫述迷迹追送适选透递途逗通速造連週進逸逻逼遇遊運過道達違遗遠遣適遵選遺避邊那邦邮邻郁郊郎郝郡部郵郷都鄂鄉鄙酉酌配酒酔酱酵酷酸酿醉醒醜醫采释里重野量金釜釣鉄鉾銀銘銭鋪鋳錦録鍋鎌鏡鐘鐫鐵鐸鑑鑫钓钛钟钢钥钮钱钻铁铃铝银铺链销锁锅锈锋锐锡锦键镁镇镜長长門閉開間関閣閩關门闭问闲间闸闻阁队阪防阳阶阻阿附际陆陈降限陕陡院除险陪陰陳陵陶陷陸険陽隅隆隊階随隔際障隣隧隨險隸难雄雅集雉雕雜離難雨雪雲零雷電需震霉霧露青靖静靜非靠靡面革鞄鞋韩音韵頂頃項順頑領頭頼題額顔願類顶项顺须顾颁预领频题颜额風风飛飞食飯飲飴餅養餐館饅饭饮饰饺馆首香馨馬駅駐駿騒験驗马驰驶驾验骏骨體高髙髪鬼魂魏魔魚鮎鮨鮮鱼鲁鲍鲜鲨鳝鳥鴉鴨鵡鶏鷹鸟鸡鸣鸦鸭鸿鹏鹤鹰鹿麒麓麗麟麦麺麻黄黑黒鼎鼓鼻齿龄龋龍龙龜', 'korean': "!%'()+-./0123456789:가각간갈감갑값강같개객갤갱걔거건걷걸검겁것겉게겐겠겡겨격견결겸겹경계고곡곤골곰곱곳공과곽관광괴굉교구국군굴굽궁궈권귀규균그극근글금급긋기긴길김깃깅깊깋까깐깔깨꺼껌껏께꼇꼬꼭꼼꽁꽃꽉꾜꾸꿀꿈꿍끄끈끓끔끗끼낀나낙난날남납났낭낮내낸냉냐너널넓넘넛넣네넥넨넷넹녁년녋념노녹논농높놓누눈눌눔눙눠뉴느는늘능니닉닌닐님닝다닥단닫달닭담답당대댄댸더덕던덮데덱덴델뎀뎅도독돈돌돔동돠돱돼되된될됩두둠둥뒤뒷듀드득든들듬듭등디딘딛딜딥딨딩따딱딸때땐떠떡떳떻떼뗙뗜또뚜뛰뜨뜰뜻띠띰라락란랄람랍랑래랙랜램랫량러런럼럽렁렇레렉렌렐려력련렬령로록론롤롬롭롯롱뢰료루룩룸뤼류륙륜륨르륵륶른를름릇릉리릭린릴림립릿링마막만많말맙맛망맞맟매맥맨먀먜먯머먹먼멀멋멍메멕멘멜멤멩며면멸몁명몇모목몫몬몰몸못몽묘무묵묶문물뮌뮤므믈믑믜미믹민믿밀밌밎및바박반받발밝밤밥밧방배백밴뱃뱅뱍버번벌범법베벤벨벼벽변별병보복볶본볼봄봉봐부북붂분불붐붓붕붙뷔브븍븐블비빈빌빔빗빙빚빛빠빨빵뼈뽑뽕뾰뿍뿐뿜쁜사삭산살삼삽삿상새색샌샐샘생샤샴샵샾섕서석선설섭성세센섿셀셔션셜셨셩셰소속손솔솜송솥쇄쇠쇼수숙순술숨숭숯숲숴쉅쉐쉬쉴쉽쉿슈슐스슥슨슬슴습승슼슽싀시식신실심십싱싸싼쌀쌩써썹쏙쏟쑤쓰씀씌씨아악안않알암압앗았앙앞애액앤앨앰앱야약양어억언얹얼엄업없엇었엉에엔엘엠엣여역연열염엽엿였영옆예옛오옥온올옴옷옹와완왔왕왜외왼요욕욘용우욱운울움웃웅워웍원월웨웰웹위윈유육윤율융으은을음응의이익인일읽임입잇있잉잊자작잔잖잘잠잡장재잭쟘쟝저적전절젊점접정제젠젤져젹젼젿졈조족존졸종좋좌죄죠주죽준줄줌중줘쥬즈즉즌즐증즤지직진질짐집징짜짝짬짱째쩝쪼쪽쫄쭈쯕찌찐차착찬찰찲참찻창찾채책챌챗챠처척천철첨첩첫청체첼쳤초촉총촬최쵸추축춘출충취츄츠측층치칙친칠침칭카칸칼캅캐캔캠캡컘커컨컬컴컵케켄켓켜켭켸코콕콘콜콤콩쾌쿄쿠쿨퀴큐크큰클큼킁킈키킨킬킴킹타탁탄탈탐탑탕태택탠탱턔터턱턴털턺텀테텍텐텔템텝텨토톡톤통투툰튀튝튬트특튼틀틈티틱틴틸팀팅파팍판팔팜팟팡팥패팩팬팻퍼펀펄페펫펴편평폐포폭폰폴폼표푸풀품풍퓨프픈플픔픗픚픠피핀핃필핌핏핑하학한함합핫항해핸햄했행햐향허헌헐험헙헤헬혀혁현혈협형혜호혼홀홈홉홋홍화환활황홰회획횡효횹후훈훤훼휘휴흉흐흑흔흡흥희히힉힌힐힘힝"}
clova_pretrained_model_path: 
pretrained_model_path: 
spath: 
Transformation: None
FeatureExtraction: VGG
SequenceModeling: BiLSTM
Prediction: CTC
share: CNN+LSTM
manualSeed: 1111
workers: 4
batch_size: 64
num_iter: 300000
valInterval: 1000
saved_model: 
FT: False
adam: False
rmsprop: False
total_data_usage_ratio: 1.0
lr: 1
beta1: 0.9
rho: 0.95
eps: 1e-08
grad_clip: 5
batch_max_length: 30
imgH: 32
imgW: 100
rgb: False
sensitive: False
PAD: False
data_filtering_off: False
num_fiducial: 20
input_channel: 1
output_channel: 512
hidden_size: 256
save_path: exps/test_loaders_single
---------------------------------------

use Real only
dataset_root:    /workspace/STR/data/validation/val_korean/Real	 dataset: /
/workspace/STR/data/validation/val_korean/Real/ [] ['lock.mdb', 'data.mdb']
sub-directory:	/.	 num samples: 1031
--------------------------------------------------------------------------------
dataset_root: /workspace/STR/data/training/train_korean
select_data: ['Real']
self.batch_ratio: [1.0]
--------------------------------------------------------------------------------
dataset_root:    /workspace/STR/data/training/train_korean	 dataset: Real
/workspace/STR/data/training/train_korean/ ['Real', 'Syn'] []
/workspace/STR/data/training/train_korean/Real [] ['lock.mdb', 'data.mdb']
sub-directory:	/Real	 num samples: 4110
/workspace/STR/data/training/train_korean/Syn [] []
num total samples of Real: 4110 x 1.0 (total_data_usage_ratio) = 4110
num samples of Real per batch: 64 x 1.0 (batch_ratio) = 64
/usr/local/miniconda3/envs/dl10/lib/python3.6/site-packages/tensorboard/compat/tensorflow_stub/dtypes.py:541: FutureWarning: Passing (type, 1) or '1type' as a synonym of type is deprecated; in a future version of numpy, it will be understood as (type, (1,)) / '(1,)type'.
  _np_qint8 = np.dtype([("qint8", np.int8, 1)])
/usr/local/miniconda3/envs/dl10/lib/python3.6/site-packages/tensorboard/compat/tensorflow_stub/dtypes.py:542: FutureWarning: Passing (type, 1) or '1type' as a synonym of type is deprecated; in a future version of numpy, it will be understood as (type, (1,)) / '(1,)type'.
  _np_quint8 = np.dtype([("quint8", np.uint8, 1)])
/usr/local/miniconda3/envs/dl10/lib/python3.6/site-packages/tensorboard/compat/tensorflow_stub/dtypes.py:543: FutureWarning: Passing (type, 1) or '1type' as a synonym of type is deprecated; in a future version of numpy, it will be understood as (type, (1,)) / '(1,)type'.
  _np_qint16 = np.dtype([("qint16", np.int16, 1)])
/usr/local/miniconda3/envs/dl10/lib/python3.6/site-packages/tensorboard/compat/tensorflow_stub/dtypes.py:544: FutureWarning: Passing (type, 1) or '1type' as a synonym of type is deprecated; in a future version of numpy, it will be understood as (type, (1,)) / '(1,)type'.
  _np_quint16 = np.dtype([("quint16", np.uint16, 1)])
/usr/local/miniconda3/envs/dl10/lib/python3.6/site-packages/tensorboard/compat/tensorflow_stub/dtypes.py:545: FutureWarning: Passing (type, 1) or '1type' as a synonym of type is deprecated; in a future version of numpy, it will be understood as (type, (1,)) / '(1,)type'.
  _np_qint32 = np.dtype([("qint32", np.int32, 1)])
/usr/local/miniconda3/envs/dl10/lib/python3.6/site-packages/tensorboard/compat/tensorflow_stub/dtypes.py:550: FutureWarning: Passing (type, 1) or '1type' as a synonym of type is deprecated; in a future version of numpy, it will be understood as (type, (1,)) / '(1,)type'.
  np_resource = np.dtype([("resource", np.ubyte, 1)])
--------------------------------------------------------------------------------
Total_batch_size:  64 = 64
--------------------------------------------------------------------------------
dataset_root:    /workspace/STR/data/training/train_korean	 dataset: Real
/workspace/STR/data/training/train_korean/ ['Real', 'Syn'] []
/workspace/STR/data/training/train_korean/Real [] ['lock.mdb', 'data.mdb']
sub-directory:	/Real	 num samples: 4110
/workspace/STR/data/training/train_korean/Syn [] []
enter train
iter: 100 loss: 8.365763664245605
iter: 200 loss: 6.455538272857666
iter: 300 loss: 6.246377944946289
iter: 400 loss: 6.017103672027588
iter: 500 loss: 5.737923622131348
iter: 600 loss: 5.414944171905518
iter: 700 loss: 4.993522644042969
iter: 800 loss: 4.490025043487549
iter: 900 loss: 3.926208019256592
iter: 1000 loss: 3.3787407875061035
--------------------------------------------------------------------------------
Validating on: rval of korean
곳                   , gt: 역                   ,   False
마부하아                , gt: 마루야마                ,   False
바스타아용               , gt: 버스터미널               ,   False
강사호                 , gt: 긴시쵸                 ,   False
)                   , gt: 역                   ,   False
우수                  , gt: 북쏙                  ,   False
종제지                 , gt: 출입구(에키              ,   False
Avg. loss: 4.3144, Accuracy: (4.07%), NED:0.25, infer-time:0.39
--------------------------------------------------------------------------------
iter: 1100 loss: 2.8788065910339355
iter: 1200 loss: 2.4153056144714355
iter: 1300 loss: 2.020268440246582
iter: 1400 loss: 1.5721280574798584
iter: 1500 loss: 1.322502851486206
iter: 1600 loss: 0.9582966566085815
iter: 1700 loss: 0.7612419128417969
iter: 1800 loss: 0.5400426983833313
iter: 1900 loss: 0.41736388206481934
iter: 2000 loss: 0.2691008746623993
--------------------------------------------------------------------------------
Validating on: rval of korean
솥                   , gt: 역                   ,   False
마투아아                , gt: 마루야마                ,   False
버스타이홀               , gt: 버스터미널               ,   False
권시표                 , gt: 긴시쵸                 ,   False
의                   , gt: 역                   ,   False
노수                  , gt: 북쏙                  ,   False
종있구위에기              , gt: 출입구(에키              ,   False
Avg. loss: 3.9266, Accuracy: (12.80%), NED:0.41, infer-time:0.45
--------------------------------------------------------------------------------
iter: 2100 loss: 0.24401739239692688
iter: 2200 loss: 0.13693608343601227
iter: 2300 loss: 0.2014746069908142
iter: 2400 loss: 0.20596040785312653
iter: 2500 loss: 0.07300901412963867
iter: 2600 loss: 0.06325321644544601
iter: 2700 loss: 0.14280487596988678
iter: 2800 loss: 0.08302267640829086
iter: 2900 loss: 0.03215990215539932
iter: 3000 loss: 0.014730638824403286
--------------------------------------------------------------------------------
Validating on: rval of korean
솥                   , gt: 역                   ,   False
마루아아                , gt: 마루야마                ,   False
버스타이텔               , gt: 버스터미널               ,   False
진시표                 , gt: 긴시쵸                 ,   False
취                   , gt: 역                   ,   False
숯수                  , gt: 북쏙                  ,   False
즐생케에기               , gt: 출입구(에키              ,   False
Avg. loss: 4.2820, Accuracy: (14.55%), NED:0.44, infer-time:0.30
--------------------------------------------------------------------------------
iter: 3100 loss: 0.203279048204422
iter: 3200 loss: 0.03407937288284302
iter: 3300 loss: 0.02716587297618389
iter: 3400 loss: 0.028676390647888184
iter: 3500 loss: 0.017721153795719147
iter: 3600 loss: 0.005628799553960562
iter: 3700 loss: 0.006222520489245653
iter: 3800 loss: 0.026192139834165573
iter: 3900 loss: 0.016811920329928398
iter: 4000 loss: 0.008498810231685638
--------------------------------------------------------------------------------
Validating on: rval of korean
솥                   , gt: 역                   ,   False
마루아마                , gt: 마루야마                ,   False
버스터이널               , gt: 버스터미널               ,   False
권시료                 , gt: 긴시쵸                 ,   False
맥취                  , gt: 역                   ,   False
숯퓨수                 , gt: 북쏙                  ,   False
즐있위에이               , gt: 출입구(에키              ,   False
Avg. loss: 4.5262, Accuracy: (14.45%), NED:0.43, infer-time:0.27
--------------------------------------------------------------------------------
iter: 4100 loss: 0.004819829016923904
iter: 4200 loss: 0.004074416123330593
iter: 4300 loss: 0.00371186644770205
iter: 4400 loss: 0.0015693324385210872
iter: 4500 loss: 0.0014898229856044054
iter: 4600 loss: 0.0008313761209137738
iter: 4700 loss: 0.002197718946263194
iter: 4800 loss: 0.0037432541139423847
iter: 4900 loss: 0.0044784885831177235
iter: 5000 loss: 0.004281848669052124
--------------------------------------------------------------------------------
Validating on: rval of korean
솥                   , gt: 역                   ,   False
마루아아                , gt: 마루야마                ,   False
버스터미널               , gt: 버스터미널               ,   True
권시표                 , gt: 긴시쵸                 ,   False
열년                  , gt: 역                   ,   False
숯묶수                 , gt: 북쏙                  ,   False
졸영위에1               , gt: 출입구(에키              ,   False
Avg. loss: 4.6625, Accuracy: (14.35%), NED:0.44, infer-time:0.27
--------------------------------------------------------------------------------
iter: 5100 loss: 0.00234372541308403
iter: 5200 loss: 0.0029043653048574924
iter: 5300 loss: 0.0019076036987826228
iter: 5400 loss: 0.003209821879863739
iter: 5500 loss: 0.0019082091748714447
iter: 5600 loss: 0.0007302717422135174
iter: 5700 loss: 0.0028277470264583826
iter: 5800 loss: 0.001260845921933651
iter: 5900 loss: 0.003863638499751687
iter: 6000 loss: 0.001708900323137641
--------------------------------------------------------------------------------
Validating on: rval of korean
염                   , gt: 역                   ,   False
마투아아                , gt: 마루야마                ,   False
버스타마남               , gt: 버스터미널               ,   False
긴시문                 , gt: 긴시쵸                 ,   False
역취                  , gt: 역                   ,   False
숯퓨수                 , gt: 북쏙                  ,   False
졸있게에기               , gt: 출입구(에키              ,   False
Avg. loss: 4.7251, Accuracy: (14.74%), NED:0.44, infer-time:0.22
--------------------------------------------------------------------------------
iter: 6100 loss: 0.0018473492236807942
iter: 6200 loss: 0.003686428302899003
iter: 6300 loss: 0.004430131521075964
iter: 6400 loss: 0.001903280965052545
iter: 6500 loss: 0.0014031415339559317
iter: 6600 loss: 0.0020145857706665993
iter: 6700 loss: 0.003308159066364169
iter: 6800 loss: 0.12242018431425095
iter: 6900 loss: 0.13592225313186646
iter: 7000 loss: 0.012507998384535313
--------------------------------------------------------------------------------
Validating on: rval of korean
염                   , gt: 역                   ,   False
마루아하마               , gt: 마루야마                ,   False
버스터이텔               , gt: 버스터미널               ,   False
권시표                 , gt: 긴시쵸                 ,   False
열취                  , gt: 역                   ,   False
숯수                  , gt: 북쏙                  ,   False
즐있게에기               , gt: 출입구(에키              ,   False
Avg. loss: 4.6703, Accuracy: (14.65%), NED:0.45, infer-time:0.52
--------------------------------------------------------------------------------
iter: 7100 loss: 0.018204573541879654
iter: 7200 loss: 0.007809595204889774
iter: 7300 loss: 0.0026522225234657526
iter: 7400 loss: 0.001460873056203127
iter: 7500 loss: 0.0036524739116430283
iter: 7600 loss: 0.0009050058433786035
iter: 7700 loss: 0.0009913492249324918
iter: 7800 loss: 0.0011057110968977213
iter: 7900 loss: 0.0016792132519185543
iter: 8000 loss: 0.00569987203925848
--------------------------------------------------------------------------------
Validating on: rval of korean
염                   , gt: 역                   ,   False
마루아마                , gt: 마루야마                ,   False
버스너이를               , gt: 버스터미널               ,   False
권시문                 , gt: 긴시쵸                 ,   False
열의                  , gt: 역                   ,   False
숯수                  , gt: 북쏙                  ,   False
종있1에기               , gt: 출입구(에키              ,   False
Avg. loss: 4.7978, Accuracy: (15.81%), NED:0.45, infer-time:0.28
--------------------------------------------------------------------------------
iter: 8100 loss: 0.0017931772163137794
iter: 8200 loss: 0.0016626673750579357
iter: 8300 loss: 0.0013612426118925214
iter: 8400 loss: 0.0008732107235118747
iter: 8500 loss: 0.0012341492110863328
iter: 8600 loss: 0.0036372567992657423
iter: 8700 loss: 0.0014916631625965238
iter: 8800 loss: 0.0027584629133343697
iter: 8900 loss: 0.0008784449892118573
iter: 9000 loss: 0.0036652779672294855
--------------------------------------------------------------------------------
Validating on: rval of korean
년                   , gt: 역                   ,   False
마루아마                , gt: 마루야마                ,   False
버스터이를               , gt: 버스터미널               ,   False
권시문                 , gt: 긴시쵸                 ,   False
취                   , gt: 역                   ,   False
숯수                  , gt: 북쏙                  ,   False
종있1에기               , gt: 출입구(에키              ,   False
Avg. loss: 4.9426, Accuracy: (16.29%), NED:0.45, infer-time:0.33
--------------------------------------------------------------------------------
iter: 9100 loss: 0.006204491015523672
iter: 9200 loss: 0.0019465601071715355
iter: 9300 loss: 0.002208101563155651
iter: 9400 loss: 0.0003169250558130443
iter: 9500 loss: 0.0025341317523270845
iter: 9600 loss: 0.0012942308094352484
iter: 9700 loss: 0.0023471671156585217
iter: 9800 loss: 0.0012416379759088159
iter: 9900 loss: 0.0014252221444621682
iter: 10000 loss: 0.0052166953682899475
--------------------------------------------------------------------------------
Validating on: rval of korean
염                   , gt: 역                   ,   False
마루아마                , gt: 마루야마                ,   False
버스터피를               , gt: 버스터미널               ,   False
권시문                 , gt: 긴시쵸                 ,   False
업취                  , gt: 역                   ,   False
숯퓨수                 , gt: 북쏙                  ,   False
즐있위에기               , gt: 출입구(에키              ,   False
Avg. loss: 5.0203, Accuracy: (15.13%), NED:0.45, infer-time:0.29
--------------------------------------------------------------------------------
iter: 10100 loss: 0.007242056541144848
iter: 10200 loss: 0.0027146965730935335
iter: 10300 loss: 0.002337164944037795
iter: 10400 loss: 0.0026728445664048195
iter: 10500 loss: 0.0017889883602038026
iter: 10600 loss: 0.004144984297454357
iter: 10700 loss: 0.004377101082354784
iter: 10800 loss: 0.004509585909545422
iter: 10900 loss: 0.005548778455704451
iter: 11000 loss: 0.009725388139486313
--------------------------------------------------------------------------------
Validating on: rval of korean
부                   , gt: 역                   ,   False
마루아마                , gt: 마루야마                ,   False
버스터이를               , gt: 버스터미널               ,   False
권시료                 , gt: 긴시쵸                 ,   False
얼취                  , gt: 역                   ,   False
숯묶수                 , gt: 북쏙                  ,   False
줌있위대기               , gt: 출입구(에키              ,   False
Avg. loss: 5.0582, Accuracy: (15.71%), NED:0.45, infer-time:0.32
--------------------------------------------------------------------------------
iter: 11100 loss: 0.007078198250383139
iter: 11200 loss: 0.03327899053692818
iter: 11300 loss: 0.02082223631441593
iter: 11400 loss: 0.0037917285226285458
iter: 11500 loss: 0.0018927259370684624
iter: 11600 loss: 0.002396519063040614
iter: 11700 loss: 0.0031157671473920345
iter: 11800 loss: 0.0027632492128759623
iter: 11900 loss: 0.0034780087880790234
iter: 12000 loss: 0.0023561292327940464
--------------------------------------------------------------------------------
Validating on: rval of korean
초                   , gt: 역                   ,   False
마루아마                , gt: 마루야마                ,   False
버스티피널               , gt: 버스터미널               ,   False
권시표                 , gt: 긴시쵸                 ,   False
의취                  , gt: 역                   ,   False
숯퓨수                 , gt: 북쏙                  ,   False
졸영위비기               , gt: 출입구(에키              ,   False
Avg. loss: 5.0084, Accuracy: (17.26%), NED:0.46, infer-time:0.34
--------------------------------------------------------------------------------
iter: 12100 loss: 0.0041694361716508865
iter: 12200 loss: 0.0034806649200618267
iter: 12300 loss: 0.0011628061765804887
iter: 12400 loss: 0.0011659276206046343
iter: 12500 loss: 0.0002697552554309368
iter: 12600 loss: 0.0015776122454553843
iter: 12700 loss: 0.004162023775279522
iter: 12800 loss: 0.0028633922338485718
iter: 12900 loss: 0.0011122680734843016
iter: 13000 loss: 0.001431673183105886
--------------------------------------------------------------------------------
Validating on: rval of korean
단                   , gt: 역                   ,   False
마후아마                , gt: 마루야마                ,   False
버스너미를               , gt: 버스터미널               ,   False
긴시문                 , gt: 긴시쵸                 ,   False
열취                  , gt: 역                   ,   False
숯수                  , gt: 북쏙                  ,   False
졸영위에이               , gt: 출입구(에키              ,   False
Avg. loss: 5.1574, Accuracy: (15.91%), NED:0.44, infer-time:0.37
--------------------------------------------------------------------------------
iter: 13100 loss: 0.0017336852615699172
iter: 13200 loss: 0.003551582107320428
iter: 13300 loss: 0.0016270793275907636
iter: 13400 loss: 0.0013642950216308236
iter: 13500 loss: 0.0023943299893289804
iter: 13600 loss: 0.0020580908749252558
iter: 13700 loss: 0.0032616581302136183
iter: 13800 loss: 0.0023276701103895903
iter: 13900 loss: 0.00407021027058363
iter: 14000 loss: 0.001463521271944046
--------------------------------------------------------------------------------
Validating on: rval of korean
염                   , gt: 역                   ,   False
마부아마                , gt: 마루야마                ,   False
버스터마널               , gt: 버스터미널               ,   False
권시표                 , gt: 긴시쵸                 ,   False
열의                  , gt: 역                   ,   False
숯퓨수                 , gt: 북쏙                  ,   False
졸있위에이               , gt: 출입구(에키              ,   False
Avg. loss: 5.1091, Accuracy: (17.17%), NED:0.46, infer-time:0.34
--------------------------------------------------------------------------------
iter: 14100 loss: 0.002376765012741089
iter: 14200 loss: 0.0452703982591629
iter: 14300 loss: 0.04233356937766075
iter: 14400 loss: 0.007976872846484184
iter: 14500 loss: 0.008097529411315918
iter: 14600 loss: 0.004657645244151354
iter: 14700 loss: 0.0032557568047195673
iter: 14800 loss: 0.0015992644475772977
iter: 14900 loss: 0.0029647948686033487
iter: 15000 loss: 0.0027880885172635317
--------------------------------------------------------------------------------
Validating on: rval of korean
솥                   , gt: 역                   ,   False
마루아마                , gt: 마루야마                ,   False
버스티마를               , gt: 버스터미널               ,   False
권시노                 , gt: 긴시쵸                 ,   False
의취                  , gt: 역                   ,   False
숯퓨수                 , gt: 북쏙                  ,   False
즐생위에기               , gt: 출입구(에키              ,   False
Avg. loss: 5.0660, Accuracy: (17.75%), NED:0.46, infer-time:0.33
--------------------------------------------------------------------------------
iter: 15100 loss: 0.0011498088715597987
iter: 15200 loss: 0.0009965166682377458
iter: 15300 loss: 0.0008536012028343976
iter: 15400 loss: 0.00035150215262547135
iter: 15500 loss: 0.0004966280539520085
iter: 15600 loss: 0.0005518491379916668
iter: 15700 loss: -5.244060230324976e-05
iter: 15800 loss: 0.0011879288358613849
iter: 15900 loss: 0.0011001720558851957
iter: 16000 loss: 0.0033794576302170753
--------------------------------------------------------------------------------
Validating on: rval of korean
염                   , gt: 역                   ,   False
마루아마                , gt: 마루야마                ,   False
버스터피념               , gt: 버스터미널               ,   False
권시노                 , gt: 긴시쵸                 ,   False
역취                  , gt: 역                   ,   False
숯수                  , gt: 북쏙                  ,   False
줌영위대기               , gt: 출입구(에키              ,   False
Avg. loss: 5.2989, Accuracy: (15.32%), NED:0.44, infer-time:0.30
--------------------------------------------------------------------------------
iter: 16100 loss: 0.022145194932818413
iter: 16200 loss: 0.0026204027235507965
iter: 16300 loss: 0.007331416476517916
iter: 16400 loss: 0.0018333628540858626
iter: 16500 loss: 0.0009402718278579414
iter: 16600 loss: 0.0005095885717310011
iter: 16700 loss: 0.000505653559230268
iter: 16800 loss: 0.001232219161465764
iter: 16900 loss: 0.001875305431894958
iter: 17000 loss: 0.0032774617429822683
--------------------------------------------------------------------------------
Validating on: rval of korean
솥                   , gt: 역                   ,   False
마루아마                , gt: 마루야마                ,   False
버스터피를               , gt: 버스터미널               ,   False
권시층                 , gt: 긴시쵸                 ,   False
얼취                  , gt: 역                   ,   False
숯수                  , gt: 북쏙                  ,   False
즐생1에기               , gt: 출입구(에키              ,   False
Avg. loss: 5.1286, Accuracy: (17.17%), NED:0.46, infer-time:0.34
--------------------------------------------------------------------------------
iter: 17100 loss: 0.0010926132090389729
iter: 17200 loss: 0.002836365019902587
iter: 17300 loss: 0.002370750065892935
iter: 17400 loss: 0.00034368212800472975
iter: 17500 loss: 9.242754458682612e-06
iter: 17600 loss: 1.0508912964724004e-05
iter: 17700 loss: 0.003160227555781603
iter: 17800 loss: 0.004681170918047428
iter: 17900 loss: 0.0018573043635115027
iter: 18000 loss: 0.00205319095402956
--------------------------------------------------------------------------------
Validating on: rval of korean
솥                   , gt: 역                   ,   False
마루아마                , gt: 마루야마                ,   False
버스터이를               , gt: 버스터미널               ,   False
진시표                 , gt: 긴시쵸                 ,   False
역의                  , gt: 역                   ,   False
숯수                  , gt: 북쏙                  ,   False
즐있위대기               , gt: 출입구(에키              ,   False
Avg. loss: 5.2224, Accuracy: (15.42%), NED:0.45, infer-time:0.23
--------------------------------------------------------------------------------
iter: 18100 loss: 0.0006165956729091704
iter: 18200 loss: 0.0015089433873072267
iter: 18300 loss: 0.00206309137865901
iter: 18400 loss: 0.0034212495665997267
iter: 18500 loss: 0.0021825486328452826
