{'hindi': ' !"#$%&\'()*+-./0123456789:;<=>?ँंःअआइईउऊऋएऐऑओऔकखगघचछजझञटठडढणतथदधनपफबभमयरलळवशषसह़ािीुूृॅेैॉोौ्ॐड़ढ़।०१२३४५६७८९', 'ban': '!"%\'()*+-./012345789:;=?ঁংঃঅআইঈউঊঋএঐওঔকখগঘঙচছজঝঞটঠডঢণতথদধনপফবভমযরলশষসহ়ািীুূৃৄেৈোৌ্ৎড়ঢ়য়০১২৩৪৫৬৭৮৯ৰ৷৺', 'arab': '!"#()+-./:،ءآأؤإئابةتثجحخدذرزسشصضطظعغـفقكلمنهوىيًٌَُِّْ٠١٢٣٤٥٦٧٨٩٫٬پڤڥڨڭ', 'latin': '!"#$%&\'()*+-./:;0123456789<=>?@[\\]_`abcdefghijklmnopqrstuvwxyzABCDEFGHIJKLMNOPQRSTUVWXYZÀÁÂÃÄÇÈÉÊËÌÎÒÔÖ×ÙÜßàáâãäçèéêìîòóôöùúûüĀōŒœŸƹɑˉΦβδεμοШзлфч', 'japan': '!%&()+-./0123456789:あいうえおかがきぎくぐけげこごさざしじすずせそぞただちつづてでとどなにぬねのはばぱひびぴふぶぷへべぺほぼぽまみむめもやゆよらりるれろわゐをんアイウエオカガキギクグケゲコゴサザシジスズセゼソゾタダチツヅテデトドナニネノハバパヒビピフブプヘベペホボポマミムメモヤユヨラリルレロワヱヲンヴ', 'ch': '!"#$%&\'()*+-./:;0123456789一丁七万丈三上下不与专且世丘业东丝両两严並个中丰串临丸丹为主丽举乃久义之乌乎乐乒乓乗乘乙九也习乡书买乱乾亀了予争事二亍于亐云互五井亚些交亦产亨享京亭亮人什仁仅今介仍从仑仓仕他付仙仞代令以仪们仲件价任份企伊伐休众优会伝伟传伤伴伸似但位低住佐佑体何余佛作你佳併佶使例侍供依侠価侦侧侨侯侵便係俄俊俏俗保信修俱倉個倍倒候借倡値倶债值假做停健側偶偷偽傅備催傷傾働像僕償優儿允元兄充兆先光克免児兒党入內全八公六兰共关兴兵其具典养兼内円冈再写军农冠冥冬冰冲决况冷冻净准凌凍减凖几凤処凭出击刀分切刊刑划列刘则创初判別利别到制刷券刹刺刻剂削前剛剤剧剩剪副割創劑力办功加务劣动助努励劳労劵効勑動勘務勝募勢勤勿包化北匙匠区医匾區十千升午半华协卑卓協单卖南単博卜占卡卧卫印危即却卷厂厅历厉压厕厘厚原厢厦厨厳去县参又叉及友双反収发取受变叠口古句只召叭可台史右叶号司吃各合吉吊同名后吐向吗君吞否吧含听启吴吸呂呉告员周味呼命和咖咨咲咽品哈哉响哗員哦哪唐售唸商問啓啟啡啥喀善喇喉喜喧喫喰営喷嗣嘉嘘嘴噌器噴嚴囚四回因团団园困囲図围固国图圃圆圈國圏園圓圖土圣圧在圭地圳场圾址坂均坊坎坏坐坑块坚坛坝坡垂垃型垚垣城域埠培基埼堂堅堆堤報場塑塔塘塚塞塩塾境墅墓増墙增墨壁壇士壮声壱売壹处备変复夏夕外多夜够大天太夫夭央失头夷夹奇奈奉奋奎契奕奖套奠奥女奶她好如妆妇妍妝妥妹姊始姐姓委姚威娘娱婚婦婷媒媛嫁嫌嬪子孕字存孝孟季学孩孵學宁它宅宇守安完宏宗官定宜宝实実宠审客宣室宫宮害宴宵家容宽宾宿寄寅密富寒寓察寢寧寨寶寸对寺寻导対寿封専射将尊導小少尔尚尝就尺尻尼尽尾尿局屁层居届屋展属層履屯山岁岔岗岛岡岩岫岭岳岷岸峡峭峰島崎崖崗嵩嶽川州巡巢工左巧巨差己已巴巷巻币市布师希帝带師席帮帯帰常帽幅幌幔幕幡幣干平年并幸幹幻幼幾广庁広庄庆床序库应底店庙府度座庫庭庵庶康廃廉廊廖延建开弁异式弐引弘弟张弧弯弱張強弹强弾归当录形彤彩影役彻往征径很律後徐徑得御復循微徳徴德徽心必忍志忘応忠忧快念怀态思怡急性总恒恭息恵恶患悦您悬悲情惑惗惟惠惣惱想惺愉意愛感愿慈態慎慢慧慮慶憲戏成我戒或战戦戰戴戶户戸房所扁扉手才扎打払扣执扩扫扬扱扶批找承技把抑抓投抗折抜択抢护报抵押抽拆拉拍拎拐拔拘拙招拜拡拥拨拳拼拾拿持挂指按挡挪挫振挽挿捌捐损换捨据捻授掌排掘探接控推揉描提插揚換握揮援損搬搭携摄摆摇摊摘摩播操擎擦攀支收改攻放政故效救教散敬数整數文斋斎斗料斜斤斧断斯新方於施旁旅族旗无日旦旧旨早旬旭时旺昂昆昇昊昌明昏易星映春昨昭是昼显時晃晋晚晟晩普景晴智暂暖暗暨暮曙曜曲更書曽曾替最會月有朋服朔朗望朝期朦木未末本札术朱机杀杂权杉李杏材村杜束条来杨杭杰東松板极构枉析林枚果枝枠枫架柄柏染柔柜查柳査柿栄标栋栏树栓栗校株样核根格栽桂桃案桌桜档桥桦桶桷梁梅梓條梦梨梯械检棋棍棚森棱棵椅椎椒検椴楊楕楚業極楼楽概榆榛榜榨榭構槍様槟槽樂標樟模樣横樫樹橋橙機橫檔欠次欢欣欧欽款歌歓歡止正此步武歩歪歯歳死殊残段殿母毎每比毕毛氏民气気氟氣氩水氷永汀汁求汇汉汕汚江池污汤決汽沃沖沙沟没沢沪河油治沼沿況泉泊法泛泡波注泰泳泵泽洁洋洗洛洞津洪洱洲活洼派流浄浅测济浓浙浜浦浩浪浮浴海浸消涡润涧涪液涼淀淇淋淡深添清済渋渔減渡渣温測港游湖湘湯湾湿満源準溝溢溪滅滋滑滕滞满滦滨滿漆演漢漫潅潍潔潜潤潮澜澡澳激濃濟濡濯瀑瀬火灭灯灰灵灸災灾炉炎炒炖炙炭炮炸点為烈烏烘烟烤烦烧烫热烯焊焖焙焚無焰然焼煌煎煙煤照煮熙熟熱燃燒營燥燦爆爨爬爱爷爸片版牌牙牛牡牢牧物特犬犯状狩独狮猛猫献獣玄率玉王玖玛玥玩玫环现玲玻珈珍珞珠班現球理琏琲琴琼瑞瑰璃環瓜瓦瓶甘甜生產産用甩田由甲申电男甸町画畅界畑留略番異畳畿疆疋疏疗疫疯疲疾病症痛瘋瘦瘫療発登白百的皆皇皋皮皿盂益监盒盖盗盘盛盟監盤目盲直相盼盾省眉看県真眠眺眼眾着睡督睦睿瞬矢知短矯石矿码砂砌研砖砧破硕硝硬确碑碗碧碰碳確磁磨礎示礼社祈祉祖祜祝神祠祥票祭祷祸禁禄禅福离禾秀私秋种科秒秘租秦秩称移稀稅程税稚種稲稳稻稿穂穴究空突窃窄窓窗窝立站竞章童端競竹笑笔第笹笼等筋筏筑筒答策筹签简箇算管箫箱節範篆築簡簿籍米类粉粒粥粧粮粱精糕糖糯糸系紀約紅納紙級紛素紡索紧紫細紳紺終組経結絡給統絵經綜綠綦維綱緊総緑緒線締編練縄縣縦縱總繁織繰纉红纤约级纪纬纯纱纳纵纹纺纽线绀组细织终绍经绒结绕绘给络绝统继续维综绿缆编缘缩缶网罔罗罚罪置罰署美群義羽翌習翔翠翻老考者而耐耳耻职联聘聚聞聴職肉肌肖股肥肩肪肯育胀胁背胜胡胧胶能脂脏脑脚脱脸腐腰腹腾膚膜膳臣臨自臭至致臺臻臼興舍舎舒舗舘舟航舫般舰舱船艇良色艳艺节芋芙芝芦芯花芳芸苍苏苑苗若苦英苹茂范茄茗茶茸荆草荐荔荚荣药荷荻莅莊莎莓莫莲获菀菇菌菓菜華菱菲菸萝营萬落葉著葛董葦葵蒙蒲蒸蒾蓄蓉蓝蓬蔦蔬蔵蔷蕎蕓蕨蕾薄薇薙薬藍藏藤蘑蘭虎處號虫虹蜜蝶螃融螢螺蟹血行術衔街衛衡衣表袋被裁装裕補裳裹製複襄西要覇見規視親観觀见观规视览觉角解触言計託記設許訴診証評試詰話詳詹誌認誓誠説読誰課調談請諸講警議護讀计订认讨让训议讯记讲许论设访证评识诉词试诗诚话诞询详语误说请诺读谁调谈谊谐谢谨谷豆豊豚象豪貝貞負財貨販貫責貯貳貴買貸費賀賃賑賞賠賢質購贈贋财责贤账货质购贯贵贸费贺贼资赏赐赖赛赠赢赤赦走赴赵赶起超越足跃跆跑距跟跡跨路践踏踩踪身車軍軒転軽較載輔輝輪輸车轩转轮软轻载较辅辆辑输辛辞辣辫辰边辺辻込辽达迁过迈迎运近返还这进远违连迪迫述迷迹追送适选透递途逗通速造連週進逸逻逼遇遊運過道達違遗遠遣適遵選遺避邊那邦邮邻郁郊郎郝郡部郵郷都鄂鄉鄙酉酌配酒酔酱酵酷酸酿醉醒醜醫采释里重野量金釜釣鉄鉾銀銘銭鋪鋳錦録鍋鎌鏡鐘鐫鐵鐸鑑鑫钓钛钟钢钥钮钱钻铁铃铝银铺链销锁锅锈锋锐锡锦键镁镇镜長长門閉開間関閣閩關门闭问闲间闸闻阁队阪防阳阶阻阿附际陆陈降限陕陡院除险陪陰陳陵陶陷陸険陽隅隆隊階随隔際障隣隧隨險隸难雄雅集雉雕雜離難雨雪雲零雷電需震霉霧露青靖静靜非靠靡面革鞄鞋韩音韵頂頃項順頑領頭頼題額顔願類顶项顺须顾颁预领频题颜额風风飛飞食飯飲飴餅養餐館饅饭饮饰饺馆首香馨馬駅駐駿騒験驗马驰驶驾验骏骨體高髙髪鬼魂魏魔魚鮎鮨鮮鱼鲁鲍鲜鲨鳝鳥鴉鴨鵡鶏鷹鸟鸡鸣鸦鸭鸿鹏鹤鹰鹿麒麓麗麟麦麺麻黄黑黒鼎鼓鼻齿龄龋龍龙龜', 'korean': "!%'()+-./0123456789:가각간갈감갑값강같개객갤갱걔거건걷걸검겁것겉게겐겠겡겨격견결겸겹경계고곡곤골곰곱곳공과곽관광괴굉교구국군굴굽궁궈권귀규균그극근글금급긋기긴길김깃깅깊깋까깐깔깨꺼껌껏께꼇꼬꼭꼼꽁꽃꽉꾜꾸꿀꿈꿍끄끈끓끔끗끼낀나낙난날남납났낭낮내낸냉냐너널넓넘넛넣네넥넨넷넹녁년녋념노녹논농높놓누눈눌눔눙눠뉴느는늘능니닉닌닐님닝다닥단닫달닭담답당대댄댸더덕던덮데덱덴델뎀뎅도독돈돌돔동돠돱돼되된될됩두둠둥뒤뒷듀드득든들듬듭등디딘딛딜딥딨딩따딱딸때땐떠떡떳떻떼뗙뗜또뚜뛰뜨뜰뜻띠띰라락란랄람랍랑래랙랜램랫량러런럼럽렁렇레렉렌렐려력련렬령로록론롤롬롭롯롱뢰료루룩룸뤼류륙륜륨르륵륶른를름릇릉리릭린릴림립릿링마막만많말맙맛망맞맟매맥맨먀먜먯머먹먼멀멋멍메멕멘멜멤멩며면멸몁명몇모목몫몬몰몸못몽묘무묵묶문물뮌뮤므믈믑믜미믹민믿밀밌밎및바박반받발밝밤밥밧방배백밴뱃뱅뱍버번벌범법베벤벨벼벽변별병보복볶본볼봄봉봐부북붂분불붐붓붕붙뷔브븍븐블비빈빌빔빗빙빚빛빠빨빵뼈뽑뽕뾰뿍뿐뿜쁜사삭산살삼삽삿상새색샌샐샘생샤샴샵샾섕서석선설섭성세센섿셀셔션셜셨셩셰소속손솔솜송솥쇄쇠쇼수숙순술숨숭숯숲숴쉅쉐쉬쉴쉽쉿슈슐스슥슨슬슴습승슼슽싀시식신실심십싱싸싼쌀쌩써썹쏙쏟쑤쓰씀씌씨아악안않알암압앗았앙앞애액앤앨앰앱야약양어억언얹얼엄업없엇었엉에엔엘엠엣여역연열염엽엿였영옆예옛오옥온올옴옷옹와완왔왕왜외왼요욕욘용우욱운울움웃웅워웍원월웨웰웹위윈유육윤율융으은을음응의이익인일읽임입잇있잉잊자작잔잖잘잠잡장재잭쟘쟝저적전절젊점접정제젠젤져젹젼젿졈조족존졸종좋좌죄죠주죽준줄줌중줘쥬즈즉즌즐증즤지직진질짐집징짜짝짬짱째쩝쪼쪽쫄쭈쯕찌찐차착찬찰찲참찻창찾채책챌챗챠처척천철첨첩첫청체첼쳤초촉총촬최쵸추축춘출충취츄츠측층치칙친칠침칭카칸칼캅캐캔캠캡컘커컨컬컴컵케켄켓켜켭켸코콕콘콜콤콩쾌쿄쿠쿨퀴큐크큰클큼킁킈키킨킬킴킹타탁탄탈탐탑탕태택탠탱턔터턱턴털턺텀테텍텐텔템텝텨토톡톤통투툰튀튝튬트특튼틀틈티틱틴틸팀팅파팍판팔팜팟팡팥패팩팬팻퍼펀펄페펫펴편평폐포폭폰폴폼표푸풀품풍퓨프픈플픔픗픚픠피핀핃필핌핏핑하학한함합핫항해핸햄했행햐향허헌헐험헙헤헬혀혁현혈협형혜호혼홀홈홉홋홍화환활황홰회획횡효횹후훈훤훼휘휴흉흐흑흔흡흥희히힉힌힐힘힝"}
No Transformation module specified
sharedCNNModel(
  (rnn_lang): ModuleDict(
    (hindi): Sequential(
      (0): BidirectionalLSTM(
        (rnn): LSTM(512, 256, batch_first=True, bidirectional=True)
        (linear): Linear(in_features=512, out_features=256, bias=True)
      )
      (1): BidirectionalLSTM(
        (rnn): LSTM(256, 256, batch_first=True, bidirectional=True)
        (linear): Linear(in_features=512, out_features=256, bias=True)
      )
    )
    (ban): Sequential(
      (0): BidirectionalLSTM(
        (rnn): LSTM(512, 256, batch_first=True, bidirectional=True)
        (linear): Linear(in_features=512, out_features=256, bias=True)
      )
      (1): BidirectionalLSTM(
        (rnn): LSTM(256, 256, batch_first=True, bidirectional=True)
        (linear): Linear(in_features=512, out_features=256, bias=True)
      )
    )
    (arab): Sequential(
      (0): BidirectionalLSTM(
        (rnn): LSTM(512, 256, batch_first=True, bidirectional=True)
        (linear): Linear(in_features=512, out_features=256, bias=True)
      )
      (1): BidirectionalLSTM(
        (rnn): LSTM(256, 256, batch_first=True, bidirectional=True)
        (linear): Linear(in_features=512, out_features=256, bias=True)
      )
    )
    (latin): Sequential(
      (0): BidirectionalLSTM(
        (rnn): LSTM(512, 256, batch_first=True, bidirectional=True)
        (linear): Linear(in_features=512, out_features=256, bias=True)
      )
      (1): BidirectionalLSTM(
        (rnn): LSTM(256, 256, batch_first=True, bidirectional=True)
        (linear): Linear(in_features=512, out_features=256, bias=True)
      )
    )
    (japan): Sequential(
      (0): BidirectionalLSTM(
        (rnn): LSTM(512, 256, batch_first=True, bidirectional=True)
        (linear): Linear(in_features=512, out_features=256, bias=True)
      )
      (1): BidirectionalLSTM(
        (rnn): LSTM(256, 256, batch_first=True, bidirectional=True)
        (linear): Linear(in_features=512, out_features=256, bias=True)
      )
    )
    (ch): Sequential(
      (0): BidirectionalLSTM(
        (rnn): LSTM(512, 256, batch_first=True, bidirectional=True)
        (linear): Linear(in_features=512, out_features=256, bias=True)
      )
      (1): BidirectionalLSTM(
        (rnn): LSTM(256, 256, batch_first=True, bidirectional=True)
        (linear): Linear(in_features=512, out_features=256, bias=True)
      )
    )
    (korean): Sequential(
      (0): BidirectionalLSTM(
        (rnn): LSTM(512, 256, batch_first=True, bidirectional=True)
        (linear): Linear(in_features=512, out_features=256, bias=True)
      )
      (1): BidirectionalLSTM(
        (rnn): LSTM(256, 256, batch_first=True, bidirectional=True)
        (linear): Linear(in_features=512, out_features=256, bias=True)
      )
    )
  )
  (Predictions): ModuleDict(
    (hindi): Linear(in_features=256, out_features=107, bias=True)
    (ban): Linear(in_features=256, out_features=100, bias=True)
    (arab): Linear(in_features=256, out_features=72, bias=True)
    (latin): Linear(in_features=256, out_features=145, bias=True)
    (japan): Linear(in_features=256, out_features=161, bias=True)
    (ch): Linear(in_features=256, out_features=2511, bias=True)
    (korean): Linear(in_features=256, out_features=954, bias=True)
  )
  (FeatureExtraction): VGG_FeatureExtractor(
    (ConvNet): Sequential(
      (0): Conv2d(1, 64, kernel_size=(3, 3), stride=(1, 1), padding=(1, 1))
      (1): ReLU(inplace=True)
      (2): MaxPool2d(kernel_size=2, stride=2, padding=0, dilation=1, ceil_mode=False)
      (3): Conv2d(64, 128, kernel_size=(3, 3), stride=(1, 1), padding=(1, 1))
      (4): ReLU(inplace=True)
      (5): MaxPool2d(kernel_size=2, stride=2, padding=0, dilation=1, ceil_mode=False)
      (6): Conv2d(128, 256, kernel_size=(3, 3), stride=(1, 1), padding=(1, 1))
      (7): ReLU(inplace=True)
      (8): Conv2d(256, 256, kernel_size=(3, 3), stride=(1, 1), padding=(1, 1))
      (9): ReLU(inplace=True)
      (10): MaxPool2d(kernel_size=(2, 1), stride=(2, 1), padding=0, dilation=1, ceil_mode=False)
      (11): Conv2d(256, 512, kernel_size=(3, 3), stride=(1, 1), padding=(1, 1), bias=False)
      (12): BatchNorm2d(512, eps=1e-05, momentum=0.1, affine=True, track_running_stats=True)
      (13): ReLU(inplace=True)
      (14): Conv2d(512, 512, kernel_size=(3, 3), stride=(1, 1), padding=(1, 1), bias=False)
      (15): BatchNorm2d(512, eps=1e-05, momentum=0.1, affine=True, track_running_stats=True)
      (16): ReLU(inplace=True)
      (17): MaxPool2d(kernel_size=(2, 1), stride=(2, 1), padding=0, dilation=1, ceil_mode=False)
      (18): Conv2d(512, 512, kernel_size=(2, 2), stride=(1, 1))
      (19): ReLU(inplace=True)
    )
  )
  (AdaptiveAvgPool): AdaptiveAvgPool2d(output_size=(None, 1))
)
Trainable params num :  26836690
------------ Options -------------
experiment_name: test_loaders_single
exp_dir: exps
select_data: ['Syn', 'Real']
batch_ratio: [0, 1]
calc_best_metric_on: rval
save_iter: 1000
print_iter: 100
character: {'hindi': ' !"#$%&\'()*+-./0123456789:;<=>?ँंःअआइईउऊऋएऐऑओऔकखगघचछजझञटठडढणतथदधनपफबभमयरलळवशषसह़ािीुूृॅेैॉोौ्ॐड़ढ़।०१२३४५६७८९', 'ban': '!"%\'()*+-./012345789:;=?ঁংঃঅআইঈউঊঋএঐওঔকখগঘঙচছজঝঞটঠডঢণতথদধনপফবভমযরলশষসহ়ািীুূৃৄেৈোৌ্ৎড়ঢ়য়০১২৩৪৫৬৭৮৯ৰ৷৺', 'arab': '!"#()+-./:،ءآأؤإئابةتثجحخدذرزسشصضطظعغـفقكلمنهوىيًٌَُِّْ٠١٢٣٤٥٦٧٨٩٫٬پڤڥڨڭ', 'latin': '!"#$%&\'()*+-./:;0123456789<=>?@[\\]_`abcdefghijklmnopqrstuvwxyzABCDEFGHIJKLMNOPQRSTUVWXYZÀÁÂÃÄÇÈÉÊËÌÎÒÔÖ×ÙÜßàáâãäçèéêìîòóôöùúûüĀōŒœŸƹɑˉΦβδεμοШзлфч', 'japan': '!%&()+-./0123456789:あいうえおかがきぎくぐけげこごさざしじすずせそぞただちつづてでとどなにぬねのはばぱひびぴふぶぷへべぺほぼぽまみむめもやゆよらりるれろわゐをんアイウエオカガキギクグケゲコゴサザシジスズセゼソゾタダチツヅテデトドナニネノハバパヒビピフブプヘベペホボポマミムメモヤユヨラリルレロワヱヲンヴ', 'ch': '!"#$%&\'()*+-./:;0123456789一丁七万丈三上下不与专且世丘业东丝両两严並个中丰串临丸丹为主丽举乃久义之乌乎乐乒乓乗乘乙九也习乡书买乱乾亀了予争事二亍于亐云互五井亚些交亦产亨享京亭亮人什仁仅今介仍从仑仓仕他付仙仞代令以仪们仲件价任份企伊伐休众优会伝伟传伤伴伸似但位低住佐佑体何余佛作你佳併佶使例侍供依侠価侦侧侨侯侵便係俄俊俏俗保信修俱倉個倍倒候借倡値倶债值假做停健側偶偷偽傅備催傷傾働像僕償優儿允元兄充兆先光克免児兒党入內全八公六兰共关兴兵其具典养兼内円冈再写军农冠冥冬冰冲决况冷冻净准凌凍减凖几凤処凭出击刀分切刊刑划列刘则创初判別利别到制刷券刹刺刻剂削前剛剤剧剩剪副割創劑力办功加务劣动助努励劳労劵効勑動勘務勝募勢勤勿包化北匙匠区医匾區十千升午半华协卑卓協单卖南単博卜占卡卧卫印危即却卷厂厅历厉压厕厘厚原厢厦厨厳去县参又叉及友双反収发取受变叠口古句只召叭可台史右叶号司吃各合吉吊同名后吐向吗君吞否吧含听启吴吸呂呉告员周味呼命和咖咨咲咽品哈哉响哗員哦哪唐售唸商問啓啟啡啥喀善喇喉喜喧喫喰営喷嗣嘉嘘嘴噌器噴嚴囚四回因团団园困囲図围固国图圃圆圈國圏園圓圖土圣圧在圭地圳场圾址坂均坊坎坏坐坑块坚坛坝坡垂垃型垚垣城域埠培基埼堂堅堆堤報場塑塔塘塚塞塩塾境墅墓増墙增墨壁壇士壮声壱売壹处备変复夏夕外多夜够大天太夫夭央失头夷夹奇奈奉奋奎契奕奖套奠奥女奶她好如妆妇妍妝妥妹姊始姐姓委姚威娘娱婚婦婷媒媛嫁嫌嬪子孕字存孝孟季学孩孵學宁它宅宇守安完宏宗官定宜宝实実宠审客宣室宫宮害宴宵家容宽宾宿寄寅密富寒寓察寢寧寨寶寸对寺寻导対寿封専射将尊導小少尔尚尝就尺尻尼尽尾尿局屁层居届屋展属層履屯山岁岔岗岛岡岩岫岭岳岷岸峡峭峰島崎崖崗嵩嶽川州巡巢工左巧巨差己已巴巷巻币市布师希帝带師席帮帯帰常帽幅幌幔幕幡幣干平年并幸幹幻幼幾广庁広庄庆床序库应底店庙府度座庫庭庵庶康廃廉廊廖延建开弁异式弐引弘弟张弧弯弱張強弹强弾归当录形彤彩影役彻往征径很律後徐徑得御復循微徳徴德徽心必忍志忘応忠忧快念怀态思怡急性总恒恭息恵恶患悦您悬悲情惑惗惟惠惣惱想惺愉意愛感愿慈態慎慢慧慮慶憲戏成我戒或战戦戰戴戶户戸房所扁扉手才扎打払扣执扩扫扬扱扶批找承技把抑抓投抗折抜択抢护报抵押抽拆拉拍拎拐拔拘拙招拜拡拥拨拳拼拾拿持挂指按挡挪挫振挽挿捌捐损换捨据捻授掌排掘探接控推揉描提插揚換握揮援損搬搭携摄摆摇摊摘摩播操擎擦攀支收改攻放政故效救教散敬数整數文斋斎斗料斜斤斧断斯新方於施旁旅族旗无日旦旧旨早旬旭时旺昂昆昇昊昌明昏易星映春昨昭是昼显時晃晋晚晟晩普景晴智暂暖暗暨暮曙曜曲更書曽曾替最會月有朋服朔朗望朝期朦木未末本札术朱机杀杂权杉李杏材村杜束条来杨杭杰東松板极构枉析林枚果枝枠枫架柄柏染柔柜查柳査柿栄标栋栏树栓栗校株样核根格栽桂桃案桌桜档桥桦桶桷梁梅梓條梦梨梯械检棋棍棚森棱棵椅椎椒検椴楊楕楚業極楼楽概榆榛榜榨榭構槍様槟槽樂標樟模樣横樫樹橋橙機橫檔欠次欢欣欧欽款歌歓歡止正此步武歩歪歯歳死殊残段殿母毎每比毕毛氏民气気氟氣氩水氷永汀汁求汇汉汕汚江池污汤決汽沃沖沙沟没沢沪河油治沼沿況泉泊法泛泡波注泰泳泵泽洁洋洗洛洞津洪洱洲活洼派流浄浅测济浓浙浜浦浩浪浮浴海浸消涡润涧涪液涼淀淇淋淡深添清済渋渔減渡渣温測港游湖湘湯湾湿満源準溝溢溪滅滋滑滕滞满滦滨滿漆演漢漫潅潍潔潜潤潮澜澡澳激濃濟濡濯瀑瀬火灭灯灰灵灸災灾炉炎炒炖炙炭炮炸点為烈烏烘烟烤烦烧烫热烯焊焖焙焚無焰然焼煌煎煙煤照煮熙熟熱燃燒營燥燦爆爨爬爱爷爸片版牌牙牛牡牢牧物特犬犯状狩独狮猛猫献獣玄率玉王玖玛玥玩玫环现玲玻珈珍珞珠班現球理琏琲琴琼瑞瑰璃環瓜瓦瓶甘甜生產産用甩田由甲申电男甸町画畅界畑留略番異畳畿疆疋疏疗疫疯疲疾病症痛瘋瘦瘫療発登白百的皆皇皋皮皿盂益监盒盖盗盘盛盟監盤目盲直相盼盾省眉看県真眠眺眼眾着睡督睦睿瞬矢知短矯石矿码砂砌研砖砧破硕硝硬确碑碗碧碰碳確磁磨礎示礼社祈祉祖祜祝神祠祥票祭祷祸禁禄禅福离禾秀私秋种科秒秘租秦秩称移稀稅程税稚種稲稳稻稿穂穴究空突窃窄窓窗窝立站竞章童端競竹笑笔第笹笼等筋筏筑筒答策筹签简箇算管箫箱節範篆築簡簿籍米类粉粒粥粧粮粱精糕糖糯糸系紀約紅納紙級紛素紡索紧紫細紳紺終組経結絡給統絵經綜綠綦維綱緊総緑緒線締編練縄縣縦縱總繁織繰纉红纤约级纪纬纯纱纳纵纹纺纽线绀组细织终绍经绒结绕绘给络绝统继续维综绿缆编缘缩缶网罔罗罚罪置罰署美群義羽翌習翔翠翻老考者而耐耳耻职联聘聚聞聴職肉肌肖股肥肩肪肯育胀胁背胜胡胧胶能脂脏脑脚脱脸腐腰腹腾膚膜膳臣臨自臭至致臺臻臼興舍舎舒舗舘舟航舫般舰舱船艇良色艳艺节芋芙芝芦芯花芳芸苍苏苑苗若苦英苹茂范茄茗茶茸荆草荐荔荚荣药荷荻莅莊莎莓莫莲获菀菇菌菓菜華菱菲菸萝营萬落葉著葛董葦葵蒙蒲蒸蒾蓄蓉蓝蓬蔦蔬蔵蔷蕎蕓蕨蕾薄薇薙薬藍藏藤蘑蘭虎處號虫虹蜜蝶螃融螢螺蟹血行術衔街衛衡衣表袋被裁装裕補裳裹製複襄西要覇見規視親観觀见观规视览觉角解触言計託記設許訴診証評試詰話詳詹誌認誓誠説読誰課調談請諸講警議護讀计订认讨让训议讯记讲许论设访证评识诉词试诗诚话诞询详语误说请诺读谁调谈谊谐谢谨谷豆豊豚象豪貝貞負財貨販貫責貯貳貴買貸費賀賃賑賞賠賢質購贈贋财责贤账货质购贯贵贸费贺贼资赏赐赖赛赠赢赤赦走赴赵赶起超越足跃跆跑距跟跡跨路践踏踩踪身車軍軒転軽較載輔輝輪輸车轩转轮软轻载较辅辆辑输辛辞辣辫辰边辺辻込辽达迁过迈迎运近返还这进远违连迪迫述迷迹追送适选透递途逗通速造連週進逸逻逼遇遊運過道達違遗遠遣適遵選遺避邊那邦邮邻郁郊郎郝郡部郵郷都鄂鄉鄙酉酌配酒酔酱酵酷酸酿醉醒醜醫采释里重野量金釜釣鉄鉾銀銘銭鋪鋳錦録鍋鎌鏡鐘鐫鐵鐸鑑鑫钓钛钟钢钥钮钱钻铁铃铝银铺链销锁锅锈锋锐锡锦键镁镇镜長长門閉開間関閣閩關门闭问闲间闸闻阁队阪防阳阶阻阿附际陆陈降限陕陡院除险陪陰陳陵陶陷陸険陽隅隆隊階随隔際障隣隧隨險隸难雄雅集雉雕雜離難雨雪雲零雷電需震霉霧露青靖静靜非靠靡面革鞄鞋韩音韵頂頃項順頑領頭頼題額顔願類顶项顺须顾颁预领频题颜额風风飛飞食飯飲飴餅養餐館饅饭饮饰饺馆首香馨馬駅駐駿騒験驗马驰驶驾验骏骨體高髙髪鬼魂魏魔魚鮎鮨鮮鱼鲁鲍鲜鲨鳝鳥鴉鴨鵡鶏鷹鸟鸡鸣鸦鸭鸿鹏鹤鹰鹿麒麓麗麟麦麺麻黄黑黒鼎鼓鼻齿龄龋龍龙龜', 'korean': "!%'()+-./0123456789:가각간갈감갑값강같개객갤갱걔거건걷걸검겁것겉게겐겠겡겨격견결겸겹경계고곡곤골곰곱곳공과곽관광괴굉교구국군굴굽궁궈권귀규균그극근글금급긋기긴길김깃깅깊깋까깐깔깨꺼껌껏께꼇꼬꼭꼼꽁꽃꽉꾜꾸꿀꿈꿍끄끈끓끔끗끼낀나낙난날남납났낭낮내낸냉냐너널넓넘넛넣네넥넨넷넹녁년녋념노녹논농높놓누눈눌눔눙눠뉴느는늘능니닉닌닐님닝다닥단닫달닭담답당대댄댸더덕던덮데덱덴델뎀뎅도독돈돌돔동돠돱돼되된될됩두둠둥뒤뒷듀드득든들듬듭등디딘딛딜딥딨딩따딱딸때땐떠떡떳떻떼뗙뗜또뚜뛰뜨뜰뜻띠띰라락란랄람랍랑래랙랜램랫량러런럼럽렁렇레렉렌렐려력련렬령로록론롤롬롭롯롱뢰료루룩룸뤼류륙륜륨르륵륶른를름릇릉리릭린릴림립릿링마막만많말맙맛망맞맟매맥맨먀먜먯머먹먼멀멋멍메멕멘멜멤멩며면멸몁명몇모목몫몬몰몸못몽묘무묵묶문물뮌뮤므믈믑믜미믹민믿밀밌밎및바박반받발밝밤밥밧방배백밴뱃뱅뱍버번벌범법베벤벨벼벽변별병보복볶본볼봄봉봐부북붂분불붐붓붕붙뷔브븍븐블비빈빌빔빗빙빚빛빠빨빵뼈뽑뽕뾰뿍뿐뿜쁜사삭산살삼삽삿상새색샌샐샘생샤샴샵샾섕서석선설섭성세센섿셀셔션셜셨셩셰소속손솔솜송솥쇄쇠쇼수숙순술숨숭숯숲숴쉅쉐쉬쉴쉽쉿슈슐스슥슨슬슴습승슼슽싀시식신실심십싱싸싼쌀쌩써썹쏙쏟쑤쓰씀씌씨아악안않알암압앗았앙앞애액앤앨앰앱야약양어억언얹얼엄업없엇었엉에엔엘엠엣여역연열염엽엿였영옆예옛오옥온올옴옷옹와완왔왕왜외왼요욕욘용우욱운울움웃웅워웍원월웨웰웹위윈유육윤율융으은을음응의이익인일읽임입잇있잉잊자작잔잖잘잠잡장재잭쟘쟝저적전절젊점접정제젠젤져젹젼젿졈조족존졸종좋좌죄죠주죽준줄줌중줘쥬즈즉즌즐증즤지직진질짐집징짜짝짬짱째쩝쪼쪽쫄쭈쯕찌찐차착찬찰찲참찻창찾채책챌챗챠처척천철첨첩첫청체첼쳤초촉총촬최쵸추축춘출충취츄츠측층치칙친칠침칭카칸칼캅캐캔캠캡컘커컨컬컴컵케켄켓켜켭켸코콕콘콜콤콩쾌쿄쿠쿨퀴큐크큰클큼킁킈키킨킬킴킹타탁탄탈탐탑탕태택탠탱턔터턱턴털턺텀테텍텐텔템텝텨토톡톤통투툰튀튝튬트특튼틀틈티틱틴틸팀팅파팍판팔팜팟팡팥패팩팬팻퍼펀펄페펫펴편평폐포폭폰폴폼표푸풀품풍퓨프픈플픔픗픚픠피핀핃필핌핏핑하학한함합핫항해핸햄했행햐향허헌헐험헙헤헬혀혁현혈협형혜호혼홀홈홉홋홍화환활황홰회획횡효횹후훈훤훼휘휴흉흐흑흔흡흥희히힉힌힐힘힝"}
clova_pretrained_model_path: 
pretrained_model_path: /workspace/STR/ban_best.pth
spath: 
Transformation: None
FeatureExtraction: VGG
SequenceModeling: BiLSTM
Prediction: CTC
share: CNN
manualSeed: 1111
workers: 4
batch_size: 64
num_iter: 300000
valInterval: 1000
saved_model: 
FT: False
adam: False
rmsprop: False
total_data_usage_ratio: 1.0
lr: 1
beta1: 0.9
rho: 0.95
eps: 1e-08
grad_clip: 5
batch_max_length: 30
imgH: 32
imgW: 100
rgb: False
sensitive: False
PAD: False
data_filtering_off: False
num_fiducial: 20
input_channel: 1
output_channel: 512
hidden_size: 256
save_path: exps/test_loaders_single
---------------------------------------

use Real only
dataset_root:    /workspace/STR/data/validation/val_hindi/Real	 dataset: /
/workspace/STR/data/validation/val_hindi/Real/ [] ['lock.mdb', 'data.mdb']
sub-directory:	/.	 num samples: 586
--------------------------------------------------------------------------------
dataset_root: /workspace/STR/data/training/train_hindi
select_data: ['Real']
self.batch_ratio: [1.0]
--------------------------------------------------------------------------------
dataset_root:    /workspace/STR/data/training/train_hindi	 dataset: Real
/workspace/STR/data/training/train_hindi/ ['Real', 'Syn'] []
/workspace/STR/data/training/train_hindi/Real [] ['lock.mdb', 'data.mdb']
sub-directory:	/Real	 num samples: 2348
/workspace/STR/data/training/train_hindi/Syn [] []
num total samples of Real: 2348 x 1.0 (total_data_usage_ratio) = 2348
num samples of Real per batch: 64 x 1.0 (batch_ratio) = 64
/usr/local/miniconda3/envs/dl10/lib/python3.6/site-packages/tensorboard/compat/tensorflow_stub/dtypes.py:541: FutureWarning: Passing (type, 1) or '1type' as a synonym of type is deprecated; in a future version of numpy, it will be understood as (type, (1,)) / '(1,)type'.
  _np_qint8 = np.dtype([("qint8", np.int8, 1)])
/usr/local/miniconda3/envs/dl10/lib/python3.6/site-packages/tensorboard/compat/tensorflow_stub/dtypes.py:542: FutureWarning: Passing (type, 1) or '1type' as a synonym of type is deprecated; in a future version of numpy, it will be understood as (type, (1,)) / '(1,)type'.
  _np_quint8 = np.dtype([("quint8", np.uint8, 1)])
/usr/local/miniconda3/envs/dl10/lib/python3.6/site-packages/tensorboard/compat/tensorflow_stub/dtypes.py:543: FutureWarning: Passing (type, 1) or '1type' as a synonym of type is deprecated; in a future version of numpy, it will be understood as (type, (1,)) / '(1,)type'.
  _np_qint16 = np.dtype([("qint16", np.int16, 1)])
/usr/local/miniconda3/envs/dl10/lib/python3.6/site-packages/tensorboard/compat/tensorflow_stub/dtypes.py:544: FutureWarning: Passing (type, 1) or '1type' as a synonym of type is deprecated; in a future version of numpy, it will be understood as (type, (1,)) / '(1,)type'.
  _np_quint16 = np.dtype([("quint16", np.uint16, 1)])
/usr/local/miniconda3/envs/dl10/lib/python3.6/site-packages/tensorboard/compat/tensorflow_stub/dtypes.py:545: FutureWarning: Passing (type, 1) or '1type' as a synonym of type is deprecated; in a future version of numpy, it will be understood as (type, (1,)) / '(1,)type'.
  _np_qint32 = np.dtype([("qint32", np.int32, 1)])
/usr/local/miniconda3/envs/dl10/lib/python3.6/site-packages/tensorboard/compat/tensorflow_stub/dtypes.py:550: FutureWarning: Passing (type, 1) or '1type' as a synonym of type is deprecated; in a future version of numpy, it will be understood as (type, (1,)) / '(1,)type'.
  np_resource = np.dtype([("resource", np.ubyte, 1)])
--------------------------------------------------------------------------------
Total_batch_size:  64 = 64
--------------------------------------------------------------------------------
dataset_root:    /workspace/STR/data/training/train_hindi	 dataset: Real
/workspace/STR/data/training/train_hindi/ ['Real', 'Syn'] []
/workspace/STR/data/training/train_hindi/Real [] ['lock.mdb', 'data.mdb']
sub-directory:	/Real	 num samples: 2348
/workspace/STR/data/training/train_hindi/Syn [] []
use Real only
dataset_root:    /workspace/STR/data/validation/val_ban/Real	 dataset: /
/workspace/STR/data/validation/val_ban/Real/ [] ['lock.mdb', 'data.mdb']
sub-directory:	/.	 num samples: 588
--------------------------------------------------------------------------------
dataset_root: /workspace/STR/data/training/train_ban
select_data: ['Real']
self.batch_ratio: [1.0]
--------------------------------------------------------------------------------
dataset_root:    /workspace/STR/data/training/train_ban	 dataset: Real
/workspace/STR/data/training/train_ban/ ['Real', 'Syn'] []
/workspace/STR/data/training/train_ban/Real [] ['lock.mdb', 'data.mdb']
sub-directory:	/Real	 num samples: 2356
/workspace/STR/data/training/train_ban/Syn [] []
num total samples of Real: 2356 x 1.0 (total_data_usage_ratio) = 2356
num samples of Real per batch: 64 x 1.0 (batch_ratio) = 64
--------------------------------------------------------------------------------
Total_batch_size:  64 = 64
--------------------------------------------------------------------------------
dataset_root:    /workspace/STR/data/training/train_ban	 dataset: Real
/workspace/STR/data/training/train_ban/ ['Real', 'Syn'] []
/workspace/STR/data/training/train_ban/Real [] ['lock.mdb', 'data.mdb']
sub-directory:	/Real	 num samples: 2356
/workspace/STR/data/training/train_ban/Syn [] []
enter train
iter: 100 loss: 4.81119441986084
iter: 200 loss: 2.4550435543060303
iter: 300 loss: 1.485075831413269
iter: 400 loss: 0.9417159557342529
iter: 500 loss: 0.6445686221122742
iter: 600 loss: 0.4163934290409088
iter: 700 loss: 0.2618696987628937
iter: 800 loss: 0.1808578222990036
iter: 900 loss: 0.13319556415081024
iter: 1000 loss: 0.08603230118751526
--------------------------------------------------------------------------------
Validating on: rval of hindi
स्वराजय             , gt: स्वराज्य            ,   False
ह                   , gt: हा                  ,   False
माद्ा               , gt: माझा                ,   False
जन्मसिड             , gt: जन्मसिद्ध           ,   False
हक                  , gt: हक्क                ,   False
आहे                 , gt: आहे                 ,   True
वध्मान              , gt: वर्धमान             ,   False
केरेस               , gt: टेरेस               ,   False
सह.                 , gt: सह.                 ,   True
गृहरचना             , gt: गृहरचना             ,   True
Avg. loss: 1.0320, Accuracy: (40.10%), NED:0.77, infer-time:0.22
--------------------------------------------------------------------------------
Validating on: rval of ban
রকেক৪া              , gt: চিকেন               ,   False
(েলিরসার            , gt: সেন্টার             ,   False
প্রধান              , gt: প্রধান              ,   True
গণড                 , gt: গোল্ড               ,   False
জুয়েলাস             , gt: জুয়েলাস             ,   True
জসল                 , gt: জঙ্গল               ,   False
মহলে                , gt: মহলে                ,   True
উয়ায়নের             , gt: উন্নয়নের            ,   False
জোয়ার               , gt: জোয়ার               ,   True
বিপল                , gt: বিপুল               ,   False
Avg. loss: 1.3734, Accuracy: (38.78%), NED:0.75, infer-time:0.19
--------------------------------------------------------------------------------
iter: 1100 loss: 0.063412144780159
iter: 1200 loss: 0.044925473630428314
iter: 1300 loss: 0.03360120579600334
iter: 1400 loss: 0.021937986835837364
iter: 1500 loss: 0.020519714802503586
iter: 1600 loss: 0.01958407834172249
iter: 1700 loss: 0.013746220618486404
iter: 1800 loss: 0.01132221333682537
iter: 1900 loss: 0.015087046660482883
iter: 2000 loss: 0.011662475764751434
--------------------------------------------------------------------------------
Validating on: rval of hindi
स्वराज्य            , gt: स्वराज्य            ,   True
ह                   , gt: हा                  ,   False
माद्ा               , gt: माझा                ,   False
जन्मसिंड्           , gt: जन्मसिद्ध           ,   False
हक                  , gt: हक्क                ,   False
आहे                 , gt: आहे                 ,   True
वधमान               , gt: वर्धमान             ,   False
टेरेसा              , gt: टेरेस               ,   False
सह.                 , gt: सह.                 ,   True
गृहरचयना            , gt: गृहरचना             ,   False
Avg. loss: 1.1370, Accuracy: (40.27%), NED:0.78, infer-time:0.14
--------------------------------------------------------------------------------
Validating on: rval of ban
সকেকঠা              , gt: চিকেন               ,   False
(েলিরসর             , gt: সেন্টার             ,   False
প্রধান              , gt: প্রধান              ,   True
গোল্ড               , gt: গোল্ড               ,   True
জুয়েলাস্স           , gt: জুয়েলাস             ,   False
জসল                 , gt: জঙ্গল               ,   False
মহলে                , gt: মহলে                ,   True
উয়ায়নের             , gt: উন্নয়নের            ,   False
জোয়ার               , gt: জোয়ার               ,   True
বিপল                , gt: বিপুল               ,   False
Avg. loss: 1.6580, Accuracy: (38.61%), NED:0.76, infer-time:0.16
--------------------------------------------------------------------------------
iter: 2100 loss: 0.013014497235417366
iter: 2200 loss: 0.010337631218135357
iter: 2300 loss: 0.009066956117749214
iter: 2400 loss: 0.006886315066367388
iter: 2500 loss: 0.007269016467034817
iter: 2600 loss: 0.0076125808991491795
iter: 2700 loss: 0.008165242150425911
Traceback (most recent call last):
  File "train.py", line 198, in <module>
    train(taskconfig,model,optimizer,loss,multi_loader)
  File "train.py", line 111, in train
    cost.backward()
  File "/usr/local/miniconda3/envs/dl10/lib/python3.6/site-packages/torch/tensor.py", line 118, in backward
    torch.autograd.backward(self, gradient, retain_graph, create_graph)
  File "/usr/local/miniconda3/envs/dl10/lib/python3.6/site-packages/torch/autograd/__init__.py", line 93, in backward
    allow_unreachable=True)  # allow_unreachable flag
KeyboardInterrupt
