*******************************************
lr  :  0.0003
kappa  :  5
mu  :  100
betas  :  (0.9, 0.999)
eps  :  1e-08
weight_decay  :  0.0005
dampening  :  0
*******************************************
Files already downloaded and verified
prune Layer #5
acc before pruning
Correct :  8925
Num :  10000
Test ACC :  0.8925
Top 5 ACC :  0.9945
acc after pruning
features.4.weight
features.4.bias
Correct :  3351
Num :  10000
Test ACC :  0.3351
Top 5 ACC :  0.8462
acc after recovering
Correct :  8925
Num :  10000
Test ACC :  0.8925
Top 5 ACC :  0.9945
*******************************************
lr  :  0.0003
kappa  :  5
mu  :  100
betas  :  (0.9, 0.999)
eps  :  1e-08
weight_decay  :  0.0005
dampening  :  0
*******************************************
Files already downloaded and verified
prune Layer #5
acc before pruning
Correct :  8925
Num :  10000
Test ACC :  0.8925
Top 5 ACC :  0.9945
acc after pruning
features.4.weight
features.4.bias
Correct :  6389
Num :  10000
Test ACC :  0.6389
Top 5 ACC :  0.9486
acc after recovering
Correct :  8925
Num :  10000
Test ACC :  0.8925
Top 5 ACC :  0.9945
*******************************************
lr  :  0.0003
kappa  :  5
mu  :  100
betas  :  (0.9, 0.999)
eps  :  1e-08
weight_decay  :  0.0005
dampening  :  0
*******************************************
Files already downloaded and verified
prune Layer #5
acc before pruning
Correct :  8925
Num :  10000
Test ACC :  0.8925
Top 5 ACC :  0.9945
acc after pruning
features.4.weight
features.4.bias
Correct :  8180
Num :  10000
Test ACC :  0.818
Top 5 ACC :  0.987
acc after recovering
Correct :  8925
Num :  10000
Test ACC :  0.8925
Top 5 ACC :  0.9945

*******************************************
lr  :  0.0003
kappa  :  5
mu  :  100
betas  :  (0.9, 0.999)
eps  :  1e-08
weight_decay  :  0.0005
dampening  :  0
*******************************************
Files already downloaded and verified
prune Layer #5
acc before pruning
Correct :  8925
Num :  10000
Test ACC :  0.8925
Top 5 ACC :  0.9945
acc after pruning
features.4.weight
features.4.bias
Correct :  8374
Num :  10000
Test ACC :  0.8374
Top 5 ACC :  0.9872
acc after recovering
Correct :  8925
Num :  10000
Test ACC :  0.8925
Top 5 ACC :  0.9945

# percent按顺序是 70 50 30 20