*******************************************
lr  :  0.0003
kappa  :  5
mu  :  100
betas  :  (0.9, 0.999)
eps  :  1e-08
weight_decay  :  0.0005
dampening  :  0
*******************************************
Files already downloaded and verified
prune Layer #5
acc before pruning
Correct :  8857
Num :  10000
Test ACC :  0.8857
Top 5 ACC :  0.9938
acc after pruning
features.4.weight
features.4.bias
Correct :  8129
Num :  10000
Test ACC :  0.8129
Top 5 ACC :  0.987
acc after recovering
Correct :  8857
Num :  10000
Test ACC :  0.8857
Top 5 ACC :  0.9938
*******************************************
lr  :  0.0003
kappa  :  5
mu  :  100
betas  :  (0.9, 0.999)
eps  :  1e-08
weight_decay  :  0.0005
dampening  :  0
*******************************************
Files already downloaded and verified
prune Layer #5
acc before pruning
Correct :  8857
Num :  10000
Test ACC :  0.8857
Top 5 ACC :  0.9938
acc after pruning
features.4.weight
features.4.bias
Correct :  5790
Num :  10000
Test ACC :  0.579
Top 5 ACC :  0.9424
acc after recovering
Correct :  8857
Num :  10000
Test ACC :  0.8857
Top 5 ACC :  0.9938
*******************************************
lr  :  0.0003
kappa  :  5
mu  :  100
betas  :  (0.9, 0.999)
eps  :  1e-08
weight_decay  :  0.0005
dampening  :  0
*******************************************
Files already downloaded and verified
prune Layer #5
acc before pruning
Correct :  8857
Num :  10000
Test ACC :  0.8857
Top 5 ACC :  0.9938
acc after pruning
features.4.weight
features.4.bias
Correct :  2243
Num :  10000
Test ACC :  0.2243
Top 5 ACC :  0.6863
acc after recovering
Correct :  8857
Num :  10000
Test ACC :  0.8857
Top 5 ACC :  0.9938

#减枝 percent 按顺序 30 50 70