*******************************************
lr  :  0.1
kappa  :  1
mu  :  500
weight_decay  :  0.0005
momentum  :  0.9
dampening  :  0
*******************************************
Files already downloaded and verified
prune Layer #5
acc before pruning
Correct :  9154
Num :  10000
Test ACC :  0.9154
Top 5 ACC :  0.9965
acc after pruning
features.4.weight
features.4.bias
Correct :  2452
Num :  10000
Test ACC :  0.2452
Top 5 ACC :  0.6986
acc after recovering
Correct :  9154
Num :  10000
Test ACC :  0.9154
Top 5 ACC :  0.9965
*******************************************
lr  :  0.1
kappa  :  1
mu  :  500
weight_decay  :  0.0005
momentum  :  0.9
dampening  :  0
*******************************************
Files already downloaded and verified
prune Layer #5
acc before pruning
Correct :  9154
Num :  10000
Test ACC :  0.9154
Top 5 ACC :  0.9965
acc after pruning
features.4.weight
features.4.bias
Correct :  3985
Num :  10000
Test ACC :  0.3985
Top 5 ACC :  0.856
acc after recovering
Correct :  9154
Num :  10000
Test ACC :  0.9154
Top 5 ACC :  0.9965
*******************************************
lr  :  0.1
kappa  :  1
mu  :  500
weight_decay  :  0.0005
momentum  :  0.9
dampening  :  0
*******************************************
Files already downloaded and verified
prune Layer #5
acc before pruning
Correct :  9154
Num :  10000
Test ACC :  0.9154
Top 5 ACC :  0.9965
acc after pruning
features.4.weight
features.4.bias
Correct :  7366
Num :  10000
Test ACC :  0.7366
Top 5 ACC :  0.9779
acc after recovering
Correct :  9154
Num :  10000
Test ACC :  0.9154
Top 5 ACC :  0.9965
