conv1.weight
conv1.bias
conv2.weight
conv2.bias
conv3.weight
conv3.bias
fc1.weight
fc1.bias
fc2.weight
fc2.bias
*******************************************
lr  :  0.1
kappa  :  1
mu  :  20
weight_decay  :  0
momentum  :  0.9
dampening  :  0
*******************************************
num of all step: 9380
num of step per epoch: 469
***********************************
learning rate: 0.1
***********************************
*******************************
epoch :  1
iteration :  50
loss :  1.1436940932273865
Correct :  1248
Num :  6400
Train ACC :  0.195
*******************************
epoch :  1
iteration :  100
loss :  0.8993145525455475
Correct :  2333
Num :  6400
Train ACC :  0.36453125
*******************************
epoch :  1
iteration :  150
loss :  0.2780489675700665
Correct :  5242
Num :  6400
Train ACC :  0.8190625
*******************************
epoch :  1
iteration :  200
loss :  0.11856219530105591
Correct :  5944
Num :  6400
Train ACC :  0.92875
*******************************
epoch :  1
iteration :  250
loss :  0.094300422295928
Correct :  6046
Num :  6400
Train ACC :  0.9446875
*******************************
epoch :  1
iteration :  300
loss :  0.09060283973813058
Correct :  6052
Num :  6400
Train ACC :  0.945625
*******************************
epoch :  1
iteration :  350
loss :  0.07733896244317293
Correct :  6103
Num :  6400
Train ACC :  0.95359375
*******************************
epoch :  1
iteration :  400
loss :  0.07123086515814066
Correct :  6133
Num :  6400
Train ACC :  0.95828125
*******************************
epoch :  1
iteration :  450
loss :  0.07136668544262648
Correct :  6110
Num :  6400
Train ACC :  0.9546875
Test Model
Correct :  9611
Num :  10000
Test ACC :  0.9611
Top 5 ACC :  0.9989
***********************************
learning rate: 0.1
***********************************
*******************************
epoch :  2
iteration :  50
loss :  0.06505775522440672
Correct :  6151
Num :  6400
Train ACC :  0.96109375
*******************************
epoch :  2
iteration :  100
loss :  0.0634120300412178
Correct :  6159
Num :  6400
Train ACC :  0.96234375
*******************************
epoch :  2
iteration :  150
loss :  0.05544255394488573
Correct :  6170
Num :  6400
Train ACC :  0.9640625
*******************************
epoch :  2
iteration :  200
loss :  0.054130738638341426
Correct :  6183
Num :  6400
Train ACC :  0.96609375
*******************************
epoch :  2
iteration :  250
loss :  0.06142668806016445
Correct :  6172
Num :  6400
Train ACC :  0.964375
*******************************
epoch :  2
iteration :  300
loss :  0.05150791175663471
Correct :  6195
Num :  6400
Train ACC :  0.96796875
*******************************
epoch :  2
iteration :  350
loss :  0.06283296044915915
Correct :  6161
Num :  6400
Train ACC :  0.96265625
*******************************
epoch :  2
iteration :  400
loss :  0.05995340663939715
Correct :  6172
Num :  6400
Train ACC :  0.964375
*******************************
epoch :  2
iteration :  450
loss :  0.05682587131857872
Correct :  6178
Num :  6400
Train ACC :  0.9653125
Test Model
Correct :  9707
Num :  10000
Test ACC :  0.9707
Top 5 ACC :  0.9992
***********************************
learning rate: 0.1
***********************************
*******************************
epoch :  3
iteration :  50
loss :  0.04477228811010718
Correct :  6238
Num :  6400
Train ACC :  0.9746875
*******************************
epoch :  3
iteration :  100
loss :  0.04775326885282993
Correct :  6204
Num :  6400
Train ACC :  0.969375
*******************************
epoch :  3
iteration :  150
loss :  0.052450278103351594
Correct :  6211
Num :  6400
Train ACC :  0.97046875
*******************************
epoch :  3
iteration :  200
loss :  0.04044087586924434
Correct :  6241
Num :  6400
Train ACC :  0.97515625
*******************************
epoch :  3
iteration :  250
loss :  0.043521528355777266
Correct :  6227
Num :  6400
Train ACC :  0.97296875
*******************************
epoch :  3
iteration :  300
loss :  0.04882003765553236
Correct :  6219
Num :  6400
Train ACC :  0.97171875
*******************************
epoch :  3
iteration :  350
loss :  0.044059476107358934
Correct :  6232
Num :  6400
Train ACC :  0.97375
*******************************
epoch :  3
iteration :  400
loss :  0.04396996393799782
Correct :  6246
Num :  6400
Train ACC :  0.9759375
*******************************
epoch :  3
iteration :  450
loss :  0.05509918335825205
Correct :  6201
Num :  6400
Train ACC :  0.96890625
Test Model
Correct :  9784
Num :  10000
Test ACC :  0.9784
Top 5 ACC :  0.9993
***********************************
learning rate: 0.1
***********************************
*******************************
epoch :  4
iteration :  50
loss :  0.04079903637990356
Correct :  6240
Num :  6400
Train ACC :  0.975
*******************************
epoch :  4
iteration :  100
loss :  0.04121268376708031
Correct :  6254
Num :  6400
Train ACC :  0.9771875
*******************************
epoch :  4
iteration :  150
loss :  0.04764855448156595
Correct :  6204
Num :  6400
Train ACC :  0.969375
*******************************
epoch :  4
iteration :  200
loss :  0.0412432324886322
Correct :  6233
Num :  6400
Train ACC :  0.97390625
*******************************
epoch :  4
iteration :  250
loss :  0.03941621840000153
Correct :  6237
Num :  6400
Train ACC :  0.97453125
*******************************
epoch :  4
iteration :  300
loss :  0.041021467577666046
Correct :  6246
Num :  6400
Train ACC :  0.9759375
*******************************
epoch :  4
iteration :  350
loss :  0.03776103040203452
Correct :  6257
Num :  6400
Train ACC :  0.97765625
*******************************
epoch :  4
iteration :  400
loss :  0.04148786323145032
Correct :  6261
Num :  6400
Train ACC :  0.97828125
*******************************
epoch :  4
iteration :  450
loss :  0.042362587694078684
Correct :  6238
Num :  6400
Train ACC :  0.9746875
Test Model
Correct :  9755
Num :  10000
Test ACC :  0.9755
Top 5 ACC :  0.9991
***********************************
learning rate: 0.1
***********************************
*******************************
epoch :  5
iteration :  50
loss :  0.03826900815591216
Correct :  6268
Num :  6400
Train ACC :  0.979375
*******************************
epoch :  5
iteration :  100
loss :  0.03653644261881709
Correct :  6263
Num :  6400
Train ACC :  0.97859375
*******************************
epoch :  5
iteration :  150
loss :  0.047086560353636744
Correct :  6227
Num :  6400
Train ACC :  0.97296875
*******************************
epoch :  5
iteration :  200
loss :  0.039318817816674706
Correct :  6240
Num :  6400
Train ACC :  0.975
*******************************
epoch :  5
iteration :  250
loss :  0.03506562208756805
Correct :  6270
Num :  6400
Train ACC :  0.9796875
*******************************
epoch :  5
iteration :  300
loss :  0.038069915976375344
Correct :  6267
Num :  6400
Train ACC :  0.97921875
*******************************
epoch :  5
iteration :  350
loss :  0.036856676153838634
Correct :  6261
Num :  6400
Train ACC :  0.97828125
*******************************
epoch :  5
iteration :  400
loss :  0.03870175199583173
Correct :  6247
Num :  6400
Train ACC :  0.97609375
*******************************
epoch :  5
iteration :  450
loss :  0.033208153136074545
Correct :  6276
Num :  6400
Train ACC :  0.980625
Test Model
Correct :  9787
Num :  10000
Test ACC :  0.9787
Top 5 ACC :  0.9993
***********************************
learning rate: 0.1
***********************************
*******************************
epoch :  6
iteration :  50
loss :  0.03059864344075322
Correct :  6293
Num :  6400
Train ACC :  0.98328125
*******************************
epoch :  6
iteration :  100
loss :  0.03224141038954258
Correct :  6286
Num :  6400
Train ACC :  0.9821875
*******************************
epoch :  6
iteration :  150
loss :  0.029846529494971036
Correct :  6288
Num :  6400
Train ACC :  0.9825
*******************************
epoch :  6
iteration :  200
loss :  0.038169081155210734
Correct :  6275
Num :  6400
Train ACC :  0.98046875
*******************************
epoch :  6
iteration :  250
loss :  0.03386466173455119
Correct :  6269
Num :  6400
Train ACC :  0.97953125
*******************************
epoch :  6
iteration :  300
loss :  0.03125406386330724
Correct :  6289
Num :  6400
Train ACC :  0.98265625
*******************************
epoch :  6
iteration :  350
loss :  0.03145026599988341
Correct :  6293
Num :  6400
Train ACC :  0.98328125
*******************************
epoch :  6
iteration :  400
loss :  0.034689831882715225
Correct :  6278
Num :  6400
Train ACC :  0.9809375
*******************************
epoch :  6
iteration :  450
loss :  0.03499904181808233
Correct :  6273
Num :  6400
Train ACC :  0.98015625
Test Model
Correct :  9794
Num :  10000
Test ACC :  0.9794
Top 5 ACC :  0.9992
***********************************
learning rate: 0.1
***********************************
*******************************
epoch :  7
iteration :  50
loss :  0.028836923316121102
Correct :  6294
Num :  6400
Train ACC :  0.9834375
*******************************
epoch :  7
iteration :  100
loss :  0.03028591375797987
Correct :  6292
Num :  6400
Train ACC :  0.983125
*******************************
epoch :  7
iteration :  150
loss :  0.029294244199991226
Correct :  6294
Num :  6400
Train ACC :  0.9834375
*******************************
epoch :  7
iteration :  200
loss :  0.03240166280418635
Correct :  6277
Num :  6400
Train ACC :  0.98078125
*******************************
epoch :  7
iteration :  250
loss :  0.03591103930026293
Correct :  6278
Num :  6400
Train ACC :  0.9809375
*******************************
epoch :  7
iteration :  300
loss :  0.03094505479559302
Correct :  6289
Num :  6400
Train ACC :  0.98265625
*******************************
epoch :  7
iteration :  350
loss :  0.03664256267249584
Correct :  6254
Num :  6400
Train ACC :  0.9771875
*******************************
epoch :  7
iteration :  400
loss :  0.030896930042654275
Correct :  6294
Num :  6400
Train ACC :  0.9834375
*******************************
epoch :  7
iteration :  450
loss :  0.03304977430030703
Correct :  6281
Num :  6400
Train ACC :  0.98140625
Test Model
Correct :  9841
Num :  10000
Test ACC :  0.9841
Top 5 ACC :  0.9993
***********************************
learning rate: 0.1
***********************************
*******************************
epoch :  8
iteration :  50
loss :  0.03073662942275405
Correct :  6283
Num :  6400
Train ACC :  0.98171875
*******************************
epoch :  8
iteration :  100
loss :  0.024330898374319076
Correct :  6308
Num :  6400
Train ACC :  0.985625
*******************************
epoch :  8
iteration :  150
loss :  0.02919951770454645
Correct :  6295
Num :  6400
Train ACC :  0.98359375
*******************************
epoch :  8
iteration :  200
loss :  0.02908796291798353
Correct :  6298
Num :  6400
Train ACC :  0.9840625
*******************************
epoch :  8
iteration :  250
loss :  0.031967386752367016
Correct :  6290
Num :  6400
Train ACC :  0.9828125
*******************************
epoch :  8
iteration :  300
loss :  0.03331543954089284
Correct :  6281
Num :  6400
Train ACC :  0.98140625
*******************************
epoch :  8
iteration :  350
loss :  0.027570667043328285
Correct :  6300
Num :  6400
Train ACC :  0.984375
*******************************
epoch :  8
iteration :  400
loss :  0.03081132411956787
Correct :  6292
Num :  6400
Train ACC :  0.983125
*******************************
epoch :  8
iteration :  450
loss :  0.027684401124715804
Correct :  6299
Num :  6400
Train ACC :  0.98421875
Test Model
Correct :  9756
Num :  10000
Test ACC :  0.9756
Top 5 ACC :  0.9992
***********************************
learning rate: 0.1
***********************************
*******************************
epoch :  9
iteration :  50
loss :  0.02422985453158617
Correct :  6311
Num :  6400
Train ACC :  0.98609375
*******************************
epoch :  9
iteration :  100
loss :  0.026916396617889405
Correct :  6297
Num :  6400
Train ACC :  0.98390625
*******************************
epoch :  9
iteration :  150
loss :  0.0242241164855659
Correct :  6312
Num :  6400
Train ACC :  0.98625
*******************************
epoch :  9
iteration :  200
loss :  0.025278799701482058
Correct :  6301
Num :  6400
Train ACC :  0.98453125
*******************************
epoch :  9
iteration :  250
loss :  0.030444426089525224
Correct :  6294
Num :  6400
Train ACC :  0.9834375
*******************************
epoch :  9
iteration :  300
loss :  0.026963265016674995
Correct :  6287
Num :  6400
Train ACC :  0.98234375
*******************************
epoch :  9
iteration :  350
loss :  0.025743663683533667
Correct :  6302
Num :  6400
Train ACC :  0.9846875
*******************************
epoch :  9
iteration :  400
loss :  0.02424891235306859
Correct :  6320
Num :  6400
Train ACC :  0.9875
*******************************
epoch :  9
iteration :  450
loss :  0.026523212101310492
Correct :  6310
Num :  6400
Train ACC :  0.9859375
Test Model
Correct :  9824
Num :  10000
Test ACC :  0.9824
Top 5 ACC :  0.9996
***********************************
learning rate: 0.1
***********************************
*******************************
epoch :  10
iteration :  50
loss :  0.020289253201335667
Correct :  6322
Num :  6400
Train ACC :  0.9878125
*******************************
epoch :  10
iteration :  100
loss :  0.03282541573047638
Correct :  6281
Num :  6400
Train ACC :  0.98140625
*******************************
epoch :  10
iteration :  150
loss :  0.024046370312571525
Correct :  6302
Num :  6400
Train ACC :  0.9846875
*******************************
epoch :  10
iteration :  200
loss :  0.025785068031400443
Correct :  6301
Num :  6400
Train ACC :  0.98453125
*******************************
epoch :  10
iteration :  250
loss :  0.03273937636986375
Correct :  6284
Num :  6400
Train ACC :  0.981875
*******************************
epoch :  10
iteration :  300
loss :  0.030681441742926835
Correct :  6289
Num :  6400
Train ACC :  0.98265625
*******************************
epoch :  10
iteration :  350
loss :  0.022906392812728882
Correct :  6313
Num :  6400
Train ACC :  0.98640625
*******************************
epoch :  10
iteration :  400
loss :  0.02395731631666422
Correct :  6318
Num :  6400
Train ACC :  0.9871875
*******************************
epoch :  10
iteration :  450
loss :  0.025893692057579756
Correct :  6310
Num :  6400
Train ACC :  0.9859375
Test Model
Correct :  9837
Num :  10000
Test ACC :  0.9837
Top 5 ACC :  0.999
***********************************
learning rate: 0.010000000000000002
***********************************
*******************************
epoch :  11
iteration :  50
loss :  0.016278643775731325
Correct :  6340
Num :  6400
Train ACC :  0.990625
*******************************
epoch :  11
iteration :  100
loss :  0.013393688201904296
Correct :  6346
Num :  6400
Train ACC :  0.9915625
*******************************
epoch :  11
iteration :  150
loss :  0.01248648407869041
Correct :  6347
Num :  6400
Train ACC :  0.99171875
*******************************
epoch :  11
iteration :  200
loss :  0.013509088624268771
Correct :  6344
Num :  6400
Train ACC :  0.99125
*******************************
epoch :  11
iteration :  250
loss :  0.01296415576711297
Correct :  6352
Num :  6400
Train ACC :  0.9925
*******************************
epoch :  11
iteration :  300
loss :  0.011317678336054087
Correct :  6351
Num :  6400
Train ACC :  0.99234375
*******************************
epoch :  11
iteration :  350
loss :  0.011362677197903395
Correct :  6355
Num :  6400
Train ACC :  0.99296875
*******************************
epoch :  11
iteration :  400
loss :  0.010838819425553084
Correct :  6363
Num :  6400
Train ACC :  0.99421875
*******************************
epoch :  11
iteration :  450
loss :  0.012535384111106395
Correct :  6355
Num :  6400
Train ACC :  0.99296875
Test Model
Correct :  9891
Num :  10000
Test ACC :  0.9891
Top 5 ACC :  0.9996
***********************************
learning rate: 0.010000000000000002
***********************************
*******************************
epoch :  12
iteration :  50
loss :  0.00996791809797287
Correct :  6357
Num :  6400
Train ACC :  0.99328125
*******************************
epoch :  12
iteration :  100
loss :  0.008187211509793997
Correct :  6366
Num :  6400
Train ACC :  0.9946875
*******************************
epoch :  12
iteration :  150
loss :  0.009733126778155566
Correct :  6363
Num :  6400
Train ACC :  0.99421875
*******************************
epoch :  12
iteration :  200
loss :  0.013097886815667153
Correct :  6359
Num :  6400
Train ACC :  0.99359375
*******************************
epoch :  12
iteration :  250
loss :  0.008969031479209662
Correct :  6361
Num :  6400
Train ACC :  0.99390625
*******************************
epoch :  12
iteration :  300
loss :  0.007933184914290905
Correct :  6374
Num :  6400
Train ACC :  0.9959375
*******************************
epoch :  12
iteration :  350
loss :  0.0121153268776834
Correct :  6352
Num :  6400
Train ACC :  0.9925
*******************************
epoch :  12
iteration :  400
loss :  0.012811890337616205
Correct :  6357
Num :  6400
Train ACC :  0.99328125
*******************************
epoch :  12
iteration :  450
loss :  0.012200647238641978
Correct :  6359
Num :  6400
Train ACC :  0.99359375
Test Model
Correct :  9893
Num :  10000
Test ACC :  0.9893
Top 5 ACC :  0.9997
***********************************
learning rate: 0.010000000000000002
***********************************
*******************************
epoch :  13
iteration :  50
loss :  0.008285638261586428
Correct :  6370
Num :  6400
Train ACC :  0.9953125
*******************************
epoch :  13
iteration :  100
loss :  0.005265107378363609
Correct :  6379
Num :  6400
Train ACC :  0.99671875
*******************************
epoch :  13
iteration :  150
loss :  0.009975126665085553
Correct :  6367
Num :  6400
Train ACC :  0.99484375
*******************************
epoch :  13
iteration :  200
loss :  0.011289693061262368
Correct :  6355
Num :  6400
Train ACC :  0.99296875
*******************************
epoch :  13
iteration :  250
loss :  0.01058048514649272
Correct :  6356
Num :  6400
Train ACC :  0.993125
*******************************
epoch :  13
iteration :  300
loss :  0.010007849838584661
Correct :  6362
Num :  6400
Train ACC :  0.9940625
*******************************
epoch :  13
iteration :  350
loss :  0.013934286292642355
Correct :  6356
Num :  6400
Train ACC :  0.993125
*******************************
epoch :  13
iteration :  400
loss :  0.008817179445177317
Correct :  6367
Num :  6400
Train ACC :  0.99484375
*******************************
epoch :  13
iteration :  450
loss :  0.010616230592131615
Correct :  6366
Num :  6400
Train ACC :  0.9946875
Test Model
Correct :  9894
Num :  10000
Test ACC :  0.9894
Top 5 ACC :  0.9998
***********************************
learning rate: 0.010000000000000002
***********************************
*******************************
epoch :  14
iteration :  50
loss :  0.009961382308974863
Correct :  6363
Num :  6400
Train ACC :  0.99421875
*******************************
epoch :  14
iteration :  100
loss :  0.008135725166648627
Correct :  6375
Num :  6400
Train ACC :  0.99609375
*******************************
epoch :  14
iteration :  150
loss :  0.01039903048425913
Correct :  6364
Num :  6400
Train ACC :  0.994375
*******************************
epoch :  14
iteration :  200
loss :  0.010001998580992221
Correct :  6364
Num :  6400
Train ACC :  0.994375
*******************************
epoch :  14
iteration :  250
loss :  0.01014905247837305
Correct :  6364
Num :  6400
Train ACC :  0.994375
*******************************
epoch :  14
iteration :  300
loss :  0.008938027154654265
Correct :  6369
Num :  6400
Train ACC :  0.99515625
*******************************
epoch :  14
iteration :  350
loss :  0.008203158844262362
Correct :  6370
Num :  6400
Train ACC :  0.9953125
*******************************
epoch :  14
iteration :  400
loss :  0.008541055861860514
Correct :  6367
Num :  6400
Train ACC :  0.99484375
*******************************
epoch :  14
iteration :  450
loss :  0.009224662259221077
Correct :  6365
Num :  6400
Train ACC :  0.99453125
Test Model
Correct :  9902
Num :  10000
Test ACC :  0.9902
Top 5 ACC :  0.9998
***********************************
learning rate: 0.010000000000000002
***********************************
*******************************
epoch :  15
iteration :  50
loss :  0.00741092924028635
Correct :  6369
Num :  6400
Train ACC :  0.99515625
*******************************
epoch :  15
iteration :  100
loss :  0.007789634522050619
Correct :  6376
Num :  6400
Train ACC :  0.99625
*******************************
epoch :  15
iteration :  150
loss :  0.009147004391998052
Correct :  6368
Num :  6400
Train ACC :  0.995
*******************************
epoch :  15
iteration :  200
loss :  0.010078054293990136
Correct :  6368
Num :  6400
Train ACC :  0.995
*******************************
epoch :  15
iteration :  250
loss :  0.008643703367561102
Correct :  6368
Num :  6400
Train ACC :  0.995
*******************************
epoch :  15
iteration :  300
loss :  0.009529012255370617
Correct :  6360
Num :  6400
Train ACC :  0.99375
*******************************
epoch :  15
iteration :  350
loss :  0.012115400079637765
Correct :  6355
Num :  6400
Train ACC :  0.99296875
*******************************
epoch :  15
iteration :  400
loss :  0.010516075231134892
Correct :  6362
Num :  6400
Train ACC :  0.9940625
*******************************
epoch :  15
iteration :  450
loss :  0.006962615326046944
Correct :  6372
Num :  6400
Train ACC :  0.995625
Test Model
Correct :  9895
Num :  10000
Test ACC :  0.9895
Top 5 ACC :  0.9997
***********************************
learning rate: 0.010000000000000002
***********************************
*******************************
epoch :  16
iteration :  50
loss :  0.008555999901145696
Correct :  6370
Num :  6400
Train ACC :  0.9953125
*******************************
epoch :  16
iteration :  100
loss :  0.007319579739123583
Correct :  6374
Num :  6400
Train ACC :  0.9959375
*******************************
epoch :  16
iteration :  150
loss :  0.007796957902610302
Correct :  6371
Num :  6400
Train ACC :  0.99546875
*******************************
epoch :  16
iteration :  200
loss :  0.010549890361726284
Correct :  6358
Num :  6400
Train ACC :  0.9934375
*******************************
epoch :  16
iteration :  250
loss :  0.007159456256777048
Correct :  6375
Num :  6400
Train ACC :  0.99609375
*******************************
epoch :  16
iteration :  300
loss :  0.01197014845907688
Correct :  6359
Num :  6400
Train ACC :  0.99359375
*******************************
epoch :  16
iteration :  350
loss :  0.008912735376507044
Correct :  6365
Num :  6400
Train ACC :  0.99453125
*******************************
epoch :  16
iteration :  400
loss :  0.008797573689371348
Correct :  6368
Num :  6400
Train ACC :  0.995
*******************************
epoch :  16
iteration :  450
loss :  0.007372813653200865
Correct :  6377
Num :  6400
Train ACC :  0.99640625
Test Model
Correct :  9905
Num :  10000
Test ACC :  0.9905
Top 5 ACC :  0.9998
***********************************
learning rate: 0.010000000000000002
***********************************
*******************************
epoch :  17
iteration :  50
loss :  0.006150186937302351
Correct :  6375
Num :  6400
Train ACC :  0.99609375
*******************************
epoch :  17
iteration :  100
loss :  0.0075821662694215775
Correct :  6364
Num :  6400
Train ACC :  0.994375
*******************************
epoch :  17
iteration :  150
loss :  0.008981137704104185
Correct :  6369
Num :  6400
Train ACC :  0.99515625
*******************************
epoch :  17
iteration :  200
loss :  0.009161381367594004
Correct :  6369
Num :  6400
Train ACC :  0.99515625
*******************************
epoch :  17
iteration :  250
loss :  0.008460987005382775
Correct :  6370
Num :  6400
Train ACC :  0.9953125
*******************************
epoch :  17
iteration :  300
loss :  0.006936650034040212
Correct :  6376
Num :  6400
Train ACC :  0.99625
*******************************
epoch :  17
iteration :  350
loss :  0.008163566198199988
Correct :  6368
Num :  6400
Train ACC :  0.995
*******************************
epoch :  17
iteration :  400
loss :  0.010958856102079154
Correct :  6365
Num :  6400
Train ACC :  0.99453125
*******************************
epoch :  17
iteration :  450
loss :  0.009427938405424356
Correct :  6369
Num :  6400
Train ACC :  0.99515625
Test Model
Correct :  9897
Num :  10000
Test ACC :  0.9897
Top 5 ACC :  0.9998
***********************************
learning rate: 0.010000000000000002
***********************************
*******************************
epoch :  18
iteration :  50
loss :  0.007081822622567415
Correct :  6376
Num :  6400
Train ACC :  0.99625
*******************************
epoch :  18
iteration :  100
loss :  0.010185245797038079
Correct :  6359
Num :  6400
Train ACC :  0.99359375
*******************************
epoch :  18
iteration :  150
loss :  0.008231489192694426
Correct :  6365
Num :  6400
Train ACC :  0.99453125
*******************************
epoch :  18
iteration :  200
loss :  0.008425415698438883
Correct :  6368
Num :  6400
Train ACC :  0.995
*******************************
epoch :  18
iteration :  250
loss :  0.008015624340623617
Correct :  6370
Num :  6400
Train ACC :  0.9953125
*******************************
epoch :  18
iteration :  300
loss :  0.006654357817023992
Correct :  6376
Num :  6400
Train ACC :  0.99625
*******************************
epoch :  18
iteration :  350
loss :  0.0075830349512398245
Correct :  6372
Num :  6400
Train ACC :  0.995625
*******************************
epoch :  18
iteration :  400
loss :  0.009195843804627657
Correct :  6368
Num :  6400
Train ACC :  0.995
*******************************
epoch :  18
iteration :  450
loss :  0.008139749355614186
Correct :  6364
Num :  6400
Train ACC :  0.994375
Test Model
Correct :  9906
Num :  10000
Test ACC :  0.9906
Top 5 ACC :  0.9998
***********************************
learning rate: 0.010000000000000002
***********************************
*******************************
epoch :  19
iteration :  50
loss :  0.007433495614677667
Correct :  6371
Num :  6400
Train ACC :  0.99546875
*******************************
epoch :  19
iteration :  100
loss :  0.00794342152774334
Correct :  6373
Num :  6400
Train ACC :  0.99578125
*******************************
epoch :  19
iteration :  150
loss :  0.008991225063800812
Correct :  6368
Num :  6400
Train ACC :  0.995
*******************************
epoch :  19
iteration :  200
loss :  0.008448523329570889
Correct :  6365
Num :  6400
Train ACC :  0.99453125
*******************************
epoch :  19
iteration :  250
loss :  0.008966851439327002
Correct :  6372
Num :  6400
Train ACC :  0.995625
*******************************
epoch :  19
iteration :  300
loss :  0.006876596435904503
Correct :  6376
Num :  6400
Train ACC :  0.99625
*******************************
epoch :  19
iteration :  350
loss :  0.00862454690039158
Correct :  6370
Num :  6400
Train ACC :  0.9953125
*******************************
epoch :  19
iteration :  400
loss :  0.007093952652066946
Correct :  6376
Num :  6400
Train ACC :  0.99625
*******************************
epoch :  19
iteration :  450
loss :  0.008304641004651786
Correct :  6369
Num :  6400
Train ACC :  0.99515625
Test Model
Correct :  9904
Num :  10000
Test ACC :  0.9904
Top 5 ACC :  0.9999
***********************************
learning rate: 0.010000000000000002
***********************************
*******************************
epoch :  20
iteration :  50
loss :  0.007231408692896366
Correct :  6370
Num :  6400
Train ACC :  0.9953125
*******************************
epoch :  20
iteration :  100
loss :  0.006633566413074732
Correct :  6380
Num :  6400
Train ACC :  0.996875
*******************************
epoch :  20
iteration :  150
loss :  0.007111218944191933
Correct :  6374
Num :  6400
Train ACC :  0.9959375
*******************************
epoch :  20
iteration :  200
loss :  0.007393823228776455
Correct :  6370
Num :  6400
Train ACC :  0.9953125
*******************************
epoch :  20
iteration :  250
loss :  0.007944212201982737
Correct :  6366
Num :  6400
Train ACC :  0.9946875
*******************************
epoch :  20
iteration :  300
loss :  0.009142890740185976
Correct :  6367
Num :  6400
Train ACC :  0.99484375
*******************************
epoch :  20
iteration :  350
loss :  0.007213192768394947
Correct :  6372
Num :  6400
Train ACC :  0.995625
*******************************
epoch :  20
iteration :  400
loss :  0.0095425283908844
Correct :  6364
Num :  6400
Train ACC :  0.994375
*******************************
epoch :  20
iteration :  450
loss :  0.008613560739904642
Correct :  6366
Num :  6400
Train ACC :  0.9946875
Test Model
Correct :  9900
Num :  10000
Test ACC :  0.99
Top 5 ACC :  0.9997
