conv1.weight
conv1.bias
conv2.weight
conv2.bias
conv3.weight
conv3.bias
fc1.weight
fc1.bias
fc2.weight
fc2.bias
*******************************************
lr  :  0.0003
kappa  :  1
mu  :  20
betas  :  (0.9, 0.999)
eps  :  1e-08
weight_decay  :  0
dampening  :  0
*******************************************
num of all step: 9380
num of step per epoch: 469
***********************************
learning rate: 0.0003
***********************************
*******************************
epoch :  1
iteration :  50
loss :  1.1252508330345155
Correct :  1459
Num :  6400
Train ACC :  0.22796875
*******************************
epoch :  1
iteration :  100
loss :  0.7735969960689545
Correct :  4130
Num :  6400
Train ACC :  0.6453125
*******************************
epoch :  1
iteration :  150
loss :  0.3265080052614212
Correct :  5141
Num :  6400
Train ACC :  0.80328125
*******************************
epoch :  1
iteration :  200
loss :  0.23209203988313676
Correct :  5480
Num :  6400
Train ACC :  0.85625
*******************************
epoch :  1
iteration :  250
loss :  0.20362352102994918
Correct :  5622
Num :  6400
Train ACC :  0.8784375
*******************************
epoch :  1
iteration :  300
loss :  0.186735200881958
Correct :  5677
Num :  6400
Train ACC :  0.88703125
*******************************
epoch :  1
iteration :  350
loss :  0.16294120028614997
Correct :  5775
Num :  6400
Train ACC :  0.90234375
*******************************
epoch :  1
iteration :  400
loss :  0.15732306629419326
Correct :  5784
Num :  6400
Train ACC :  0.90375
*******************************
epoch :  1
iteration :  450
loss :  0.1523160983622074
Correct :  5840
Num :  6400
Train ACC :  0.9125
Test Model
Correct :  9235
Num :  10000
Test ACC :  0.9235
Top 5 ACC :  0.9966
***********************************
learning rate: 0.0003
***********************************
*******************************
epoch :  2
iteration :  50
loss :  0.12712301224470138
Correct :  5907
Num :  6400
Train ACC :  0.92296875
*******************************
epoch :  2
iteration :  100
loss :  0.1200368059426546
Correct :  5933
Num :  6400
Train ACC :  0.92703125
*******************************
epoch :  2
iteration :  150
loss :  0.11185292862355709
Correct :  5946
Num :  6400
Train ACC :  0.9290625
*******************************
epoch :  2
iteration :  200
loss :  0.10999177373945714
Correct :  5991
Num :  6400
Train ACC :  0.93609375
*******************************
epoch :  2
iteration :  250
loss :  0.10249735772609711
Correct :  6024
Num :  6400
Train ACC :  0.94125
*******************************
epoch :  2
iteration :  300
loss :  0.08917002975940705
Correct :  6059
Num :  6400
Train ACC :  0.94671875
*******************************
epoch :  2
iteration :  350
loss :  0.08927004799246788
Correct :  6067
Num :  6400
Train ACC :  0.94796875
*******************************
epoch :  2
iteration :  400
loss :  0.08550802096724511
Correct :  6072
Num :  6400
Train ACC :  0.94875
*******************************
epoch :  2
iteration :  450
loss :  0.08400584161281585
Correct :  6068
Num :  6400
Train ACC :  0.948125
Test Model
Correct :  9575
Num :  10000
Test ACC :  0.9575
Top 5 ACC :  0.9992
***********************************
learning rate: 0.0003
***********************************
*******************************
epoch :  3
iteration :  50
loss :  0.06997457623481751
Correct :  6131
Num :  6400
Train ACC :  0.95796875
*******************************
epoch :  3
iteration :  100
loss :  0.07681610312312842
Correct :  6095
Num :  6400
Train ACC :  0.95234375
*******************************
epoch :  3
iteration :  150
loss :  0.07226079486310483
Correct :  6121
Num :  6400
Train ACC :  0.95640625
*******************************
epoch :  3
iteration :  200
loss :  0.06806475155055523
Correct :  6134
Num :  6400
Train ACC :  0.9584375
*******************************
epoch :  3
iteration :  250
loss :  0.06382461998611688
Correct :  6164
Num :  6400
Train ACC :  0.963125
*******************************
epoch :  3
iteration :  300
loss :  0.06488220289349556
Correct :  6145
Num :  6400
Train ACC :  0.96015625
*******************************
epoch :  3
iteration :  350
loss :  0.058168350346386434
Correct :  6162
Num :  6400
Train ACC :  0.9628125
*******************************
epoch :  3
iteration :  400
loss :  0.05591960057616234
Correct :  6191
Num :  6400
Train ACC :  0.96734375
*******************************
epoch :  3
iteration :  450
loss :  0.063672279343009
Correct :  6159
Num :  6400
Train ACC :  0.96234375
Test Model
Correct :  9727
Num :  10000
Test ACC :  0.9727
Top 5 ACC :  0.9997
***********************************
learning rate: 0.0003
***********************************
*******************************
epoch :  4
iteration :  50
loss :  0.05196544472128153
Correct :  6195
Num :  6400
Train ACC :  0.96796875
*******************************
epoch :  4
iteration :  100
loss :  0.052504489682614806
Correct :  6197
Num :  6400
Train ACC :  0.96828125
*******************************
epoch :  4
iteration :  150
loss :  0.06075115278363228
Correct :  6157
Num :  6400
Train ACC :  0.96203125
*******************************
epoch :  4
iteration :  200
loss :  0.05179775133728981
Correct :  6203
Num :  6400
Train ACC :  0.96921875
*******************************
epoch :  4
iteration :  250
loss :  0.05055159162729979
Correct :  6177
Num :  6400
Train ACC :  0.96515625
*******************************
epoch :  4
iteration :  300
loss :  0.04836461294442415
Correct :  6214
Num :  6400
Train ACC :  0.9709375
*******************************
epoch :  4
iteration :  350
loss :  0.04387795152142644
Correct :  6226
Num :  6400
Train ACC :  0.9728125
*******************************
epoch :  4
iteration :  400
loss :  0.045866627879440784
Correct :  6223
Num :  6400
Train ACC :  0.97234375
*******************************
epoch :  4
iteration :  450
loss :  0.04752892080694437
Correct :  6209
Num :  6400
Train ACC :  0.97015625
Test Model
Correct :  9742
Num :  10000
Test ACC :  0.9742
Top 5 ACC :  0.9999
***********************************
learning rate: 0.0003
***********************************
*******************************
epoch :  5
iteration :  50
loss :  0.04257381837815046
Correct :  6241
Num :  6400
Train ACC :  0.97515625
*******************************
epoch :  5
iteration :  100
loss :  0.04270621620118618
Correct :  6232
Num :  6400
Train ACC :  0.97375
*******************************
epoch :  5
iteration :  150
loss :  0.04625430991873145
Correct :  6213
Num :  6400
Train ACC :  0.97078125
*******************************
epoch :  5
iteration :  200
loss :  0.04574620246887207
Correct :  6211
Num :  6400
Train ACC :  0.97046875
*******************************
epoch :  5
iteration :  250
loss :  0.039409155528992414
Correct :  6238
Num :  6400
Train ACC :  0.9746875
*******************************
epoch :  5
iteration :  300
loss :  0.04083502482622862
Correct :  6233
Num :  6400
Train ACC :  0.97390625
*******************************
epoch :  5
iteration :  350
loss :  0.03771430540829897
Correct :  6252
Num :  6400
Train ACC :  0.976875
*******************************
epoch :  5
iteration :  400
loss :  0.04238093202933669
Correct :  6236
Num :  6400
Train ACC :  0.974375
*******************************
epoch :  5
iteration :  450
loss :  0.037786799930036065
Correct :  6258
Num :  6400
Train ACC :  0.9778125
Test Model
Correct :  9800
Num :  10000
Test ACC :  0.98
Top 5 ACC :  1.0
***********************************
learning rate: 0.0003
***********************************
*******************************
epoch :  6
iteration :  50
loss :  0.033952738754451275
Correct :  6267
Num :  6400
Train ACC :  0.97921875
*******************************
epoch :  6
iteration :  100
loss :  0.03285781763494015
Correct :  6259
Num :  6400
Train ACC :  0.97796875
*******************************
epoch :  6
iteration :  150
loss :  0.03579229494556785
Correct :  6262
Num :  6400
Train ACC :  0.9784375
*******************************
epoch :  6
iteration :  200
loss :  0.03650645434856415
Correct :  6259
Num :  6400
Train ACC :  0.97796875
*******************************
epoch :  6
iteration :  250
loss :  0.03686811180785298
Correct :  6254
Num :  6400
Train ACC :  0.9771875
*******************************
epoch :  6
iteration :  300
loss :  0.04010733839124441
Correct :  6233
Num :  6400
Train ACC :  0.97390625
*******************************
epoch :  6
iteration :  350
loss :  0.03610511943697929
Correct :  6259
Num :  6400
Train ACC :  0.97796875
*******************************
epoch :  6
iteration :  400
loss :  0.037171409949660304
Correct :  6260
Num :  6400
Train ACC :  0.978125
*******************************
epoch :  6
iteration :  450
loss :  0.0346381319873035
Correct :  6263
Num :  6400
Train ACC :  0.97859375
Test Model
Correct :  9819
Num :  10000
Test ACC :  0.9819
Top 5 ACC :  1.0
***********************************
learning rate: 0.0003
***********************************
*******************************
epoch :  7
iteration :  50
loss :  0.03351755779236555
Correct :  6278
Num :  6400
Train ACC :  0.9809375
*******************************
epoch :  7
iteration :  100
loss :  0.031673908699303865
Correct :  6280
Num :  6400
Train ACC :  0.98125
*******************************
epoch :  7
iteration :  150
loss :  0.032452817093580964
Correct :  6274
Num :  6400
Train ACC :  0.9803125
*******************************
epoch :  7
iteration :  200
loss :  0.03348500721156597
Correct :  6262
Num :  6400
Train ACC :  0.9784375
*******************************
epoch :  7
iteration :  250
loss :  0.03495700908824802
Correct :  6264
Num :  6400
Train ACC :  0.97875
*******************************
epoch :  7
iteration :  300
loss :  0.03286237381398678
Correct :  6263
Num :  6400
Train ACC :  0.97859375
*******************************
epoch :  7
iteration :  350
loss :  0.030678849667310715
Correct :  6277
Num :  6400
Train ACC :  0.98078125
*******************************
epoch :  7
iteration :  400
loss :  0.030275883544236423
Correct :  6287
Num :  6400
Train ACC :  0.98234375
*******************************
epoch :  7
iteration :  450
loss :  0.03061192497611046
Correct :  6281
Num :  6400
Train ACC :  0.98140625
Test Model
Correct :  9837
Num :  10000
Test ACC :  0.9837
Top 5 ACC :  0.9999
***********************************
learning rate: 0.0003
***********************************
*******************************
epoch :  8
iteration :  50
loss :  0.030346498992294073
Correct :  6285
Num :  6400
Train ACC :  0.98203125
*******************************
epoch :  8
iteration :  100
loss :  0.025273444894701243
Correct :  6302
Num :  6400
Train ACC :  0.9846875
*******************************
epoch :  8
iteration :  150
loss :  0.030606520157307388
Correct :  6283
Num :  6400
Train ACC :  0.98171875
*******************************
epoch :  8
iteration :  200
loss :  0.031328598689287904
Correct :  6281
Num :  6400
Train ACC :  0.98140625
*******************************
epoch :  8
iteration :  250
loss :  0.02813541190698743
Correct :  6287
Num :  6400
Train ACC :  0.98234375
*******************************
epoch :  8
iteration :  300
loss :  0.028937365002930163
Correct :  6274
Num :  6400
Train ACC :  0.9803125
*******************************
epoch :  8
iteration :  350
loss :  0.024690843783318997
Correct :  6308
Num :  6400
Train ACC :  0.985625
*******************************
epoch :  8
iteration :  400
loss :  0.032196135502308605
Correct :  6264
Num :  6400
Train ACC :  0.97875
*******************************
epoch :  8
iteration :  450
loss :  0.0299722539819777
Correct :  6281
Num :  6400
Train ACC :  0.98140625
Test Model
Correct :  9819
Num :  10000
Test ACC :  0.9819
Top 5 ACC :  0.9998
***********************************
learning rate: 0.0003
***********************************
*******************************
epoch :  9
iteration :  50
loss :  0.02262947238981724
Correct :  6296
Num :  6400
Train ACC :  0.98375
*******************************
epoch :  9
iteration :  100
loss :  0.02817347351461649
Correct :  6291
Num :  6400
Train ACC :  0.98296875
*******************************
epoch :  9
iteration :  150
loss :  0.029082061629742383
Correct :  6276
Num :  6400
Train ACC :  0.980625
*******************************
epoch :  9
iteration :  200
loss :  0.026530340649187564
Correct :  6291
Num :  6400
Train ACC :  0.98296875
*******************************
epoch :  9
iteration :  250
loss :  0.029493905808776616
Correct :  6285
Num :  6400
Train ACC :  0.98203125
*******************************
epoch :  9
iteration :  300
loss :  0.02622394846752286
Correct :  6299
Num :  6400
Train ACC :  0.98421875
*******************************
epoch :  9
iteration :  350
loss :  0.02723868763074279
Correct :  6286
Num :  6400
Train ACC :  0.9821875
*******************************
epoch :  9
iteration :  400
loss :  0.023052478749305008
Correct :  6315
Num :  6400
Train ACC :  0.98671875
*******************************
epoch :  9
iteration :  450
loss :  0.025199636109173296
Correct :  6303
Num :  6400
Train ACC :  0.98484375
Test Model
Correct :  9857
Num :  10000
Test ACC :  0.9857
Top 5 ACC :  0.9999
***********************************
learning rate: 0.0003
***********************************
*******************************
epoch :  10
iteration :  50
loss :  0.02078961605206132
Correct :  6315
Num :  6400
Train ACC :  0.98671875
*******************************
epoch :  10
iteration :  100
loss :  0.025608947332948447
Correct :  6302
Num :  6400
Train ACC :  0.9846875
*******************************
epoch :  10
iteration :  150
loss :  0.026312345396727322
Correct :  6296
Num :  6400
Train ACC :  0.98375
*******************************
epoch :  10
iteration :  200
loss :  0.021526891887187958
Correct :  6318
Num :  6400
Train ACC :  0.9871875
*******************************
epoch :  10
iteration :  250
loss :  0.027767100166529418
Correct :  6297
Num :  6400
Train ACC :  0.98390625
*******************************
epoch :  10
iteration :  300
loss :  0.026310268510133027
Correct :  6295
Num :  6400
Train ACC :  0.98359375
*******************************
epoch :  10
iteration :  350
loss :  0.02444950370118022
Correct :  6301
Num :  6400
Train ACC :  0.98453125
*******************************
epoch :  10
iteration :  400
loss :  0.02302814306691289
Correct :  6300
Num :  6400
Train ACC :  0.984375
*******************************
epoch :  10
iteration :  450
loss :  0.025575042720884084
Correct :  6311
Num :  6400
Train ACC :  0.98609375
Test Model
Correct :  9861
Num :  10000
Test ACC :  0.9861
Top 5 ACC :  1.0
***********************************
learning rate: 2.9999999999999997e-05
***********************************
*******************************
epoch :  11
iteration :  50
loss :  0.019101297371089457
Correct :  6320
Num :  6400
Train ACC :  0.9875
*******************************
epoch :  11
iteration :  100
loss :  0.019671864248812197
Correct :  6322
Num :  6400
Train ACC :  0.9878125
*******************************
epoch :  11
iteration :  150
loss :  0.02150948464870453
Correct :  6302
Num :  6400
Train ACC :  0.9846875
*******************************
epoch :  11
iteration :  200
loss :  0.019527811743319034
Correct :  6329
Num :  6400
Train ACC :  0.98890625
*******************************
epoch :  11
iteration :  250
loss :  0.020010696072131396
Correct :  6321
Num :  6400
Train ACC :  0.98765625
*******************************
epoch :  11
iteration :  300
loss :  0.019011131972074508
Correct :  6330
Num :  6400
Train ACC :  0.9890625
*******************************
epoch :  11
iteration :  350
loss :  0.02235341437160969
Correct :  6317
Num :  6400
Train ACC :  0.98703125
*******************************
epoch :  11
iteration :  400
loss :  0.0154116184823215
Correct :  6344
Num :  6400
Train ACC :  0.99125
*******************************
epoch :  11
iteration :  450
loss :  0.017114714570343494
Correct :  6336
Num :  6400
Train ACC :  0.99
Test Model
Correct :  9877
Num :  10000
Test ACC :  0.9877
Top 5 ACC :  0.9999
***********************************
learning rate: 2.9999999999999997e-05
***********************************
*******************************
epoch :  12
iteration :  50
loss :  0.019430268090218306
Correct :  6323
Num :  6400
Train ACC :  0.98796875
*******************************
epoch :  12
iteration :  100
loss :  0.017462966050952673
Correct :  6340
Num :  6400
Train ACC :  0.990625
*******************************
epoch :  12
iteration :  150
loss :  0.017692933836951853
Correct :  6328
Num :  6400
Train ACC :  0.98875
*******************************
epoch :  12
iteration :  200
loss :  0.0198758177831769
Correct :  6323
Num :  6400
Train ACC :  0.98796875
*******************************
epoch :  12
iteration :  250
loss :  0.017104868367314337
Correct :  6331
Num :  6400
Train ACC :  0.98921875
*******************************
epoch :  12
iteration :  300
loss :  0.01590595854446292
Correct :  6346
Num :  6400
Train ACC :  0.9915625
*******************************
epoch :  12
iteration :  350
loss :  0.020687408596277237
Correct :  6322
Num :  6400
Train ACC :  0.9878125
*******************************
epoch :  12
iteration :  400
loss :  0.019559736736118792
Correct :  6332
Num :  6400
Train ACC :  0.989375
*******************************
epoch :  12
iteration :  450
loss :  0.0199625844694674
Correct :  6323
Num :  6400
Train ACC :  0.98796875
Test Model
Correct :  9883
Num :  10000
Test ACC :  0.9883
Top 5 ACC :  0.9999
***********************************
learning rate: 2.9999999999999997e-05
***********************************
*******************************
epoch :  13
iteration :  50
loss :  0.018096042461693287
Correct :  6326
Num :  6400
Train ACC :  0.9884375
*******************************
epoch :  13
iteration :  100
loss :  0.014050746988505124
Correct :  6352
Num :  6400
Train ACC :  0.9925
*******************************
epoch :  13
iteration :  150
loss :  0.020527814831584692
Correct :  6319
Num :  6400
Train ACC :  0.98734375
*******************************
epoch :  13
iteration :  200
loss :  0.018701875526458026
Correct :  6333
Num :  6400
Train ACC :  0.98953125
*******************************
epoch :  13
iteration :  250
loss :  0.021032609175890685
Correct :  6314
Num :  6400
Train ACC :  0.9865625
*******************************
epoch :  13
iteration :  300
loss :  0.015668883696198465
Correct :  6351
Num :  6400
Train ACC :  0.99234375
*******************************
epoch :  13
iteration :  350
loss :  0.020469619929790496
Correct :  6318
Num :  6400
Train ACC :  0.9871875
*******************************
epoch :  13
iteration :  400
loss :  0.0189670086838305
Correct :  6329
Num :  6400
Train ACC :  0.98890625
*******************************
epoch :  13
iteration :  450
loss :  0.01920972630381584
Correct :  6328
Num :  6400
Train ACC :  0.98875
Test Model
Correct :  9878
Num :  10000
Test ACC :  0.9878
Top 5 ACC :  0.9999
***********************************
learning rate: 2.9999999999999997e-05
***********************************
*******************************
epoch :  14
iteration :  50
loss :  0.019985425844788553
Correct :  6323
Num :  6400
Train ACC :  0.98796875
*******************************
epoch :  14
iteration :  100
loss :  0.01584214175119996
Correct :  6344
Num :  6400
Train ACC :  0.99125
*******************************
epoch :  14
iteration :  150
loss :  0.019450671058148145
Correct :  6322
Num :  6400
Train ACC :  0.9878125
*******************************
epoch :  14
iteration :  200
loss :  0.018209971226751803
Correct :  6326
Num :  6400
Train ACC :  0.9884375
*******************************
epoch :  14
iteration :  250
loss :  0.023311985339969397
Correct :  6309
Num :  6400
Train ACC :  0.98578125
*******************************
epoch :  14
iteration :  300
loss :  0.01670513078570366
Correct :  6342
Num :  6400
Train ACC :  0.9909375
*******************************
epoch :  14
iteration :  350
loss :  0.016223940905183552
Correct :  6333
Num :  6400
Train ACC :  0.98953125
*******************************
epoch :  14
iteration :  400
loss :  0.015818946547806263
Correct :  6337
Num :  6400
Train ACC :  0.99015625
*******************************
epoch :  14
iteration :  450
loss :  0.01641931364312768
Correct :  6347
Num :  6400
Train ACC :  0.99171875
Test Model
Correct :  9887
Num :  10000
Test ACC :  0.9887
Top 5 ACC :  1.0
***********************************
learning rate: 2.9999999999999997e-05
***********************************
*******************************
epoch :  15
iteration :  50
loss :  0.018704952392727136
Correct :  6326
Num :  6400
Train ACC :  0.9884375
*******************************
epoch :  15
iteration :  100
loss :  0.018039757497608663
Correct :  6325
Num :  6400
Train ACC :  0.98828125
*******************************
epoch :  15
iteration :  150
loss :  0.015464835297316314
Correct :  6338
Num :  6400
Train ACC :  0.9903125
*******************************
epoch :  15
iteration :  200
loss :  0.018186190035194158
Correct :  6334
Num :  6400
Train ACC :  0.9896875
*******************************
epoch :  15
iteration :  250
loss :  0.020281135104596615
Correct :  6314
Num :  6400
Train ACC :  0.9865625
*******************************
epoch :  15
iteration :  300
loss :  0.01576190620660782
Correct :  6340
Num :  6400
Train ACC :  0.990625
*******************************
epoch :  15
iteration :  350
loss :  0.01992467464879155
Correct :  6332
Num :  6400
Train ACC :  0.989375
*******************************
epoch :  15
iteration :  400
loss :  0.017214808305725457
Correct :  6341
Num :  6400
Train ACC :  0.99078125
*******************************
epoch :  15
iteration :  450
loss :  0.018792635835707186
Correct :  6329
Num :  6400
Train ACC :  0.98890625
Test Model
Correct :  9883
Num :  10000
Test ACC :  0.9883
Top 5 ACC :  0.9999
***********************************
learning rate: 2.9999999999999997e-05
***********************************
*******************************
epoch :  16
iteration :  50
loss :  0.018115273416042327
Correct :  6342
Num :  6400
Train ACC :  0.9909375
*******************************
epoch :  16
iteration :  100
loss :  0.018161151465028523
Correct :  6334
Num :  6400
Train ACC :  0.9896875
*******************************
epoch :  16
iteration :  150
loss :  0.018134396187961102
Correct :  6332
Num :  6400
Train ACC :  0.989375
*******************************
epoch :  16
iteration :  200
loss :  0.018850530348718166
Correct :  6324
Num :  6400
Train ACC :  0.988125
*******************************
epoch :  16
iteration :  250
loss :  0.01631493290886283
Correct :  6328
Num :  6400
Train ACC :  0.98875
*******************************
epoch :  16
iteration :  300
loss :  0.02051285471767187
Correct :  6320
Num :  6400
Train ACC :  0.9875
*******************************
epoch :  16
iteration :  350
loss :  0.01718451773747802
Correct :  6336
Num :  6400
Train ACC :  0.99
*******************************
epoch :  16
iteration :  400
loss :  0.017617551796138286
Correct :  6326
Num :  6400
Train ACC :  0.9884375
*******************************
epoch :  16
iteration :  450
loss :  0.01493646712973714
Correct :  6349
Num :  6400
Train ACC :  0.99203125
Test Model
Correct :  9878
Num :  10000
Test ACC :  0.9878
Top 5 ACC :  0.9999
***********************************
learning rate: 2.9999999999999997e-05
***********************************
*******************************
epoch :  17
iteration :  50
loss :  0.015100577101111411
Correct :  6346
Num :  6400
Train ACC :  0.9915625
*******************************
epoch :  17
iteration :  100
loss :  0.01681752225384116
Correct :  6333
Num :  6400
Train ACC :  0.98953125
*******************************
epoch :  17
iteration :  150
loss :  0.017438484020531178
Correct :  6333
Num :  6400
Train ACC :  0.98953125
*******************************
epoch :  17
iteration :  200
loss :  0.01793707884848118
Correct :  6336
Num :  6400
Train ACC :  0.99
*******************************
epoch :  17
iteration :  250
loss :  0.017618375923484565
Correct :  6334
Num :  6400
Train ACC :  0.9896875
*******************************
epoch :  17
iteration :  300
loss :  0.014818377904593944
Correct :  6340
Num :  6400
Train ACC :  0.990625
*******************************
epoch :  17
iteration :  350
loss :  0.017720773275941612
Correct :  6328
Num :  6400
Train ACC :  0.98875
*******************************
epoch :  17
iteration :  400
loss :  0.01869084473699331
Correct :  6332
Num :  6400
Train ACC :  0.989375
*******************************
epoch :  17
iteration :  450
loss :  0.019726922437548637
Correct :  6324
Num :  6400
Train ACC :  0.988125
Test Model
Correct :  9882
Num :  10000
Test ACC :  0.9882
Top 5 ACC :  0.9999
***********************************
learning rate: 2.9999999999999997e-05
***********************************
*******************************
epoch :  18
iteration :  50
loss :  0.015368491504341364
Correct :  6339
Num :  6400
Train ACC :  0.99046875
*******************************
epoch :  18
iteration :  100
loss :  0.020134060569107534
Correct :  6322
Num :  6400
Train ACC :  0.9878125
*******************************
epoch :  18
iteration :  150
loss :  0.01816069085150957
Correct :  6334
Num :  6400
Train ACC :  0.9896875
*******************************
epoch :  18
iteration :  200
loss :  0.017577834837138654
Correct :  6337
Num :  6400
Train ACC :  0.99015625
*******************************
epoch :  18
iteration :  250
loss :  0.017360449880361558
Correct :  6331
Num :  6400
Train ACC :  0.98921875
*******************************
epoch :  18
iteration :  300
loss :  0.01564105609431863
Correct :  6344
Num :  6400
Train ACC :  0.99125
*******************************
epoch :  18
iteration :  350
loss :  0.01501108068972826
Correct :  6343
Num :  6400
Train ACC :  0.99109375
*******************************
epoch :  18
iteration :  400
loss :  0.01719143833965063
Correct :  6332
Num :  6400
Train ACC :  0.989375
*******************************
epoch :  18
iteration :  450
loss :  0.017959833946079015
Correct :  6329
Num :  6400
Train ACC :  0.98890625
Test Model
Correct :  9880
Num :  10000
Test ACC :  0.988
Top 5 ACC :  0.9999
***********************************
learning rate: 2.9999999999999997e-05
***********************************
*******************************
epoch :  19
iteration :  50
loss :  0.014299304150044918
Correct :  6345
Num :  6400
Train ACC :  0.99140625
*******************************
epoch :  19
iteration :  100
loss :  0.017418962847441436
Correct :  6326
Num :  6400
Train ACC :  0.9884375
*******************************
epoch :  19
iteration :  150
loss :  0.01835628120228648
Correct :  6333
Num :  6400
Train ACC :  0.98953125
*******************************
epoch :  19
iteration :  200
loss :  0.01917339749634266
Correct :  6321
Num :  6400
Train ACC :  0.98765625
*******************************
epoch :  19
iteration :  250
loss :  0.018103442676365374
Correct :  6328
Num :  6400
Train ACC :  0.98875
*******************************
epoch :  19
iteration :  300
loss :  0.015351311229169369
Correct :  6347
Num :  6400
Train ACC :  0.99171875
*******************************
epoch :  19
iteration :  350
loss :  0.016454804185777903
Correct :  6339
Num :  6400
Train ACC :  0.99046875
*******************************
epoch :  19
iteration :  400
loss :  0.014626303249970078
Correct :  6346
Num :  6400
Train ACC :  0.9915625
*******************************
epoch :  19
iteration :  450
loss :  0.019513153322041035
Correct :  6332
Num :  6400
Train ACC :  0.989375
Test Model
Correct :  9874
Num :  10000
Test ACC :  0.9874
Top 5 ACC :  1.0
***********************************
learning rate: 2.9999999999999997e-05
***********************************
*******************************
epoch :  20
iteration :  50
loss :  0.016436125356703996
Correct :  6328
Num :  6400
Train ACC :  0.98875
*******************************
epoch :  20
iteration :  100
loss :  0.015016741529107093
Correct :  6344
Num :  6400
Train ACC :  0.99125
*******************************
epoch :  20
iteration :  150
loss :  0.016963112540543078
Correct :  6337
Num :  6400
Train ACC :  0.99015625
*******************************
epoch :  20
iteration :  200
loss :  0.016938572339713572
Correct :  6333
Num :  6400
Train ACC :  0.98953125
*******************************
epoch :  20
iteration :  250
loss :  0.01687094449996948
Correct :  6336
Num :  6400
Train ACC :  0.99
*******************************
epoch :  20
iteration :  300
loss :  0.017537553515285253
Correct :  6343
Num :  6400
Train ACC :  0.99109375
*******************************
epoch :  20
iteration :  350
loss :  0.01426647076383233
Correct :  6343
Num :  6400
Train ACC :  0.99109375
*******************************
epoch :  20
iteration :  400
loss :  0.01799024034291506
Correct :  6327
Num :  6400
Train ACC :  0.98859375
*******************************
epoch :  20
iteration :  450
loss :  0.019998734686523675
Correct :  6330
Num :  6400
Train ACC :  0.9890625
Test Model
Correct :  9877
Num :  10000
Test ACC :  0.9877
Top 5 ACC :  1.0

